nohup: ÂøΩÁï•ËæìÂÖ•
Switched global version to 0.4.25
[91m
State Variables: [ goal ]  are written to arbitrary storage location in function: Test1.slitherConstructorVariables() (TD/buggy_10.sol#12-18)
Reference: https://github.com/crytic/slither/wiki/Detector-Documentation#unrestricted-write-state[0m
TD/buggy_10.sol analyzed (2 contracts with 2 detectors), 1 result(s) found
[94mUse https://crytic.io/ to get access to additional detectors and Github integration[0m
[91m
State Variables: [ goal ]  are written to arbitrary storage location in function: Test1.slitherConstructorVariables() (TD/buggy_10.sol#12-18)
Reference: https://github.com/crytic/slither/wiki/Detector-Documentation#unrestricted-write-state[0m
[92m
Test2.bug_time_inter(Test1,uint256) (TD/buggy_10.sol#2-9) uses timestamp for comparisons
	Dangerous comparisons:
	- now % b == 0 (TD/buggy_10.sol#5)
Reference: https://github.com/crytic/slither/wiki/Detector-Documentation#block-timestamp[0m
TD/buggy_10.sol analyzed (2 contracts with 2 detectors), 2 result(s) found
[94mUse https://crytic.io/ to get access to additional detectors and Github integration[0m
TD/buggy_10.sol
0.4.25
TD/buggy_10.sol
False None NO_1 0x0 False False False
TD/buggy_10.sol
True Test2 bug_time_inter(Test1,uint256) 0x48de4e False True False
Contract name: Test2
Creating EVM object...
lib_con_func [['Test2', ['0xe1a07434']], ['Test1', ['0xb97a7d24', '0x9ad05b30']]]
True [['Test2', ['0xe1a07434']], ['Test1', ['0xb97a7d24', '0x9ad05b30']]] ['0xb97a7d24', '0x9ad05b30']
libÂ∫ìÂáΩÊï∞ []
Â∫ìÂáΩÊï∞ None
ÂêàÁ∫¶ÂêçÁß∞ Test2
Function _dispatcher
Function _fallback
Function 0xe1a07434
sc_bb 0
Function _dispatcher
Function _fallback
Function 0xe1a07434
timestamp_bb_loc 329
sc_bb_loc,fun_return 0 False
jump_map {131: 154, 252: 257, 267: 277, 294: 299, 328: 329, 339: 341, 348: 349, 408: 418, 419: 420}
Registering detector modules...
Adding filters...
Creating accounts...
user_account 0x77e3aa6d810a7eebb9370fe8d1de0b700eaef14d
Start running...
Making transaction...
arguments[0]: 0xb97a7d24
2022-12-22 20:57:27,322: [4053679] m.e.detectors:[33mWARNING:[0m USING TIMESTAMP
Start handling ready_states
Start handling killed_states
Making transaction...
Start handling ready_states
Start handling killed_states
Making transaction...
Start handling ready_states
Start handling killed_states
Switched global version to 0.4.25
[91m
State Variables: [ goal ]  are written to arbitrary storage location in function: Test1.slitherConstructorVariables() (TD/buggy_11.sol#12-18)
Reference: https://github.com/crytic/slither/wiki/Detector-Documentation#unrestricted-write-state[0m
TD/buggy_11.sol analyzed (2 contracts with 2 detectors), 1 result(s) found
[94mUse https://crytic.io/ to get access to additional detectors and Github integration[0m
[91m
State Variables: [ goal ]  are written to arbitrary storage location in function: Test1.slitherConstructorVariables() (TD/buggy_11.sol#12-18)
Reference: https://github.com/crytic/slither/wiki/Detector-Documentation#unrestricted-write-state[0m
[92m
Test2.bug_time_inter(Test1,uint256) (TD/buggy_11.sol#2-9) uses timestamp for comparisons
	Dangerous comparisons:
	- now % b == 0 (TD/buggy_11.sol#5)
Reference: https://github.com/crytic/slither/wiki/Detector-Documentation#block-timestamp[0m
TD/buggy_11.sol analyzed (2 contracts with 2 detectors), 2 result(s) found
[94mUse https://crytic.io/ to get access to additional detectors and Github integration[0m
TD/buggy_11.sol
0.4.25
TD/buggy_11.sol
False None NO_1 0x0 False False False
TD/buggy_11.sol
True Test2 bug_time_inter(Test1,uint256) 0x48de4e False True False
Contract name: Test2
Creating EVM object...
lib_con_func [['Test2', ['0xe1a07434']], ['Test1', ['0xb97a7d24', '0x9ad05b30']]]
True [['Test2', ['0xe1a07434']], ['Test1', ['0xb97a7d24', '0x9ad05b30']]] ['0xb97a7d24', '0x9ad05b30']
libÂ∫ìÂáΩÊï∞ []
Â∫ìÂáΩÊï∞ None
ÂêàÁ∫¶ÂêçÁß∞ Test2
Function _dispatcher
Function _fallback
Function 0xe1a07434
sc_bb 0
Function _dispatcher
Function _fallback
Function 0xe1a07434
timestamp_bb_loc 329
sc_bb_loc,fun_return 0 False
jump_map {131: 154, 252: 257, 267: 277, 294: 299, 328: 329, 339: 341, 348: 349, 408: 418, 419: 420}
Registering detector modules...
Adding filters...
Creating accounts...
user_account 0xd13aac98b77c71805fc1c9f6234e50d968adb0e0
Start running...
Making transaction...
arguments[0]: 0xb97a7d24
2022-12-22 20:57:33,568: [4055093] m.e.detectors:[33mWARNING:[0m USING TIMESTAMP
Start handling ready_states
Start handling killed_states
Making transaction...
Start handling ready_states
Start handling killed_states
Making transaction...
Start handling ready_states
Start handling killed_states
Switched global version to 0.4.25
[91m
State Variables: [ goal ]  are written to arbitrary storage location in function: Test1.slitherConstructorVariables() (TD/buggy_12.sol#12-18)
Reference: https://github.com/crytic/slither/wiki/Detector-Documentation#unrestricted-write-state[0m
TD/buggy_12.sol analyzed (2 contracts with 2 detectors), 1 result(s) found
[94mUse https://crytic.io/ to get access to additional detectors and Github integration[0m
[91m
State Variables: [ goal ]  are written to arbitrary storage location in function: Test1.slitherConstructorVariables() (TD/buggy_12.sol#12-18)
Reference: https://github.com/crytic/slither/wiki/Detector-Documentation#unrestricted-write-state[0m
[92m
Test2.bug_time_inter(Test1,uint256) (TD/buggy_12.sol#2-9) uses timestamp for comparisons
	Dangerous comparisons:
	- now % b == 0 (TD/buggy_12.sol#5)
Reference: https://github.com/crytic/slither/wiki/Detector-Documentation#block-timestamp[0m
TD/buggy_12.sol analyzed (2 contracts with 2 detectors), 2 result(s) found
[94mUse https://crytic.io/ to get access to additional detectors and Github integration[0m
TD/buggy_12.sol
0.4.25
TD/buggy_12.sol
False None NO_1 0x0 False False False
TD/buggy_12.sol
True Test2 bug_time_inter(Test1,uint256) 0x48de4e False True False
Contract name: Test2
Creating EVM object...
lib_con_func [['Test2', ['0xe1a07434']], ['Test1', ['0xb97a7d24', '0x9ad05b30']]]
True [['Test2', ['0xe1a07434']], ['Test1', ['0xb97a7d24', '0x9ad05b30']]] ['0xb97a7d24', '0x9ad05b30']
libÂ∫ìÂáΩÊï∞ []
Â∫ìÂáΩÊï∞ None
ÂêàÁ∫¶ÂêçÁß∞ Test2
Function _dispatcher
Function _fallback
Function 0xe1a07434
sc_bb 0
Function _dispatcher
Function _fallback
Function 0xe1a07434
timestamp_bb_loc 329
sc_bb_loc,fun_return 0 False
jump_map {131: 154, 252: 257, 267: 277, 294: 299, 328: 329, 339: 341, 348: 349, 408: 418, 419: 420}
Registering detector modules...
Adding filters...
Creating accounts...
user_account 0xad1d08b5a2e44b23f279f8cc91c19335276b410c
Start running...
Making transaction...
arguments[0]: 0xb97a7d24
2022-12-22 20:57:40,906: [4056555] m.e.detectors:[33mWARNING:[0m USING TIMESTAMP
Start handling ready_states
Start handling killed_states
Making transaction...
Start handling ready_states
Start handling killed_states
Making transaction...
Start handling ready_states
Start handling killed_states
[91m
State Variables: [ goal ]  are written to arbitrary storage location in function: Test1.slitherConstructorVariables() (TD/buggy_13.sol#12-21)
Reference: https://github.com/crytic/slither/wiki/Detector-Documentation#unrestricted-write-state[0m
TD/buggy_13.sol analyzed (2 contracts with 2 detectors), 1 result(s) found
[94mUse https://crytic.io/ to get access to additional detectors and Github integration[0m
[91m
State Variables: [ goal ]  are written to arbitrary storage location in function: Test1.slitherConstructorVariables() (TD/buggy_13.sol#12-21)
Reference: https://github.com/crytic/slither/wiki/Detector-Documentation#unrestricted-write-state[0m
[92m
Test2.bug_time_inter(Test1,uint256) (TD/buggy_13.sol#2-9) uses timestamp for comparisons
	Dangerous comparisons:
	- now % 15 == 0 (TD/buggy_13.sol#5)
Reference: https://github.com/crytic/slither/wiki/Detector-Documentation#block-timestamp[0m
TD/buggy_13.sol analyzed (2 contracts with 2 detectors), 2 result(s) found
[94mUse https://crytic.io/ to get access to additional detectors and Github integration[0m
TD/buggy_13.sol
0.4.25
TD/buggy_13.sol
False None NO_1 0x0 False False False
TD/buggy_13.sol
True Test2 bug_time_inter(Test1,uint256) 0x48de4e False True False
Contract name: Test2
Creating EVM object...
lib_con_func [['Test2', ['0xe1a07434']], ['Test1', ['0xb97a7d24', '0x2fc5bc8d', '0x9ad05b30']]]
True [['Test2', ['0xe1a07434']], ['Test1', ['0xb97a7d24', '0x2fc5bc8d', '0x9ad05b30']]] ['0xb97a7d24', '0x2fc5bc8d', '0x9ad05b30']
libÂ∫ìÂáΩÊï∞ []
Â∫ìÂáΩÊï∞ None
ÂêàÁ∫¶ÂêçÁß∞ Test2
Function _dispatcher
Function _fallback
Function 0xe1a07434
sc_bb 0
Function _dispatcher
Function _fallback
Function 0xe1a07434
timestamp_bb_loc 496
sc_bb_loc,fun_return 0 False
jump_map {131: 154, 252: 257, 267: 277, 294: 299, 425: 430, 440: 450, 467: 472, 495: 496, 507: 509, 516: 517, 576: 586, 587: 588}
Registering detector modules...
Adding filters...
Creating accounts...
user_account 0xba9724aaced6cb74efde413df6cdcc64637a2968
Start running...
Making transaction...
arguments[0]: 0xb97a7d24
2022-12-22 20:58:06,608: [4058935] m.e.detectors:[33mWARNING:[0m USING TIMESTAMP
Start handling ready_states
Start handling killed_states
Making transaction...
Start handling ready_states
Start handling killed_states
Making transaction...
Start handling ready_states
Start handling killed_states
Switched global version to 0.4.25
[91m
State Variables: [ goal ]  are written to arbitrary storage location in function: Test1.slitherConstructorVariables() (TD/buggy_14.sol#12-21)
Reference: https://github.com/crytic/slither/wiki/Detector-Documentation#unrestricted-write-state[0m
TD/buggy_14.sol analyzed (2 contracts with 2 detectors), 1 result(s) found
[94mUse https://crytic.io/ to get access to additional detectors and Github integration[0m
[91m
State Variables: [ goal ]  are written to arbitrary storage location in function: Test1.slitherConstructorVariables() (TD/buggy_14.sol#12-21)
Reference: https://github.com/crytic/slither/wiki/Detector-Documentation#unrestricted-write-state[0m
[92m
Test2.bug_time_inter(Test1,uint256) (TD/buggy_14.sol#2-9) uses timestamp for comparisons
	Dangerous comparisons:
	- now % 15 == 0 (TD/buggy_14.sol#5)
Reference: https://github.com/crytic/slither/wiki/Detector-Documentation#block-timestamp[0m
TD/buggy_14.sol analyzed (2 contracts with 2 detectors), 2 result(s) found
[94mUse https://crytic.io/ to get access to additional detectors and Github integration[0m
TD/buggy_14.sol
0.4.25
TD/buggy_14.sol
False None NO_1 0x0 False False False
TD/buggy_14.sol
True Test2 bug_time_inter(Test1,uint256) 0x48de4e False True False
Contract name: Test2
Creating EVM object...
lib_con_func [['Test2', ['0xe1a07434']], ['Test1', ['0xb97a7d24', '0x2fc5bc8d', '0x9ad05b30']]]
True [['Test2', ['0xe1a07434']], ['Test1', ['0xb97a7d24', '0x2fc5bc8d', '0x9ad05b30']]] ['0xb97a7d24', '0x2fc5bc8d', '0x9ad05b30']
libÂ∫ìÂáΩÊï∞ []
Â∫ìÂáΩÊï∞ None
ÂêàÁ∫¶ÂêçÁß∞ Test2
Function _dispatcher
Function _fallback
Function 0xe1a07434
sc_bb 0
Function _dispatcher
Function _fallback
Function 0xe1a07434
timestamp_bb_loc 497
sc_bb_loc,fun_return 0 False
jump_map {131: 154, 252: 257, 267: 277, 294: 299, 426: 431, 441: 451, 468: 473, 496: 497, 508: 510, 517: 518, 577: 587, 588: 589}
Registering detector modules...
Adding filters...
Creating accounts...
user_account 0x31e7666cf09ba14868a34003cfd60856f09e4e36
Start running...
Making transaction...
arguments[0]: 0xb97a7d24
2022-12-22 20:58:13,993: [4060424] m.e.detectors:[33mWARNING:[0m USING TIMESTAMP
Start handling ready_states
Start handling killed_states
Making transaction...
Start handling ready_states
Start handling killed_states
Making transaction...
Start handling ready_states
Start handling killed_states
Switched global version to 0.4.25
[91m
State Variables: [ goal ]  are written to arbitrary storage location in function: Test1.slitherConstructorVariables() (TD/buggy_15.sol#12-21)
Reference: https://github.com/crytic/slither/wiki/Detector-Documentation#unrestricted-write-state[0m
TD/buggy_15.sol analyzed (2 contracts with 2 detectors), 1 result(s) found
[94mUse https://crytic.io/ to get access to additional detectors and Github integration[0m
[91m
State Variables: [ goal ]  are written to arbitrary storage location in function: Test1.slitherConstructorVariables() (TD/buggy_15.sol#12-21)
Reference: https://github.com/crytic/slither/wiki/Detector-Documentation#unrestricted-write-state[0m
[92m
Test2.bug_time_inter(Test1,uint256) (TD/buggy_15.sol#2-9) uses timestamp for comparisons
	Dangerous comparisons:
	- now % b == 0 (TD/buggy_15.sol#5)
Reference: https://github.com/crytic/slither/wiki/Detector-Documentation#block-timestamp[0m
TD/buggy_15.sol analyzed (2 contracts with 2 detectors), 2 result(s) found
[94mUse https://crytic.io/ to get access to additional detectors and Github integration[0m
TD/buggy_15.sol
0.4.25
TD/buggy_15.sol
False None NO_1 0x0 False False False
TD/buggy_15.sol
True Test2 bug_time_inter(Test1,uint256) 0x48de4e False True False
Contract name: Test2
Creating EVM object...
lib_con_func [['Test2', ['0xe1a07434']], ['Test1', ['0xb97a7d24', '0x2fc5bc8d', '0x9ad05b30']]]
True [['Test2', ['0xe1a07434']], ['Test1', ['0xb97a7d24', '0x2fc5bc8d', '0x9ad05b30']]] ['0xb97a7d24', '0x2fc5bc8d', '0x9ad05b30']
libÂ∫ìÂáΩÊï∞ []
Â∫ìÂáΩÊï∞ None
ÂêàÁ∫¶ÂêçÁß∞ Test2
Function _dispatcher
Function _fallback
Function 0xe1a07434
sc_bb 0
Function _dispatcher
Function _fallback
Function 0xe1a07434
timestamp_bb_loc 496
sc_bb_loc,fun_return 0 False
jump_map {131: 154, 252: 257, 267: 277, 294: 299, 425: 430, 440: 450, 467: 472, 495: 496, 506: 508, 515: 516, 575: 585, 586: 587}
Registering detector modules...
Adding filters...
Creating accounts...
user_account 0x2711d7d45a7f1f342e7f02b29969d9ab0d315681
Start running...
Making transaction...
arguments[0]: 0xb97a7d24
2022-12-22 20:58:21,022: [4061939] m.e.detectors:[33mWARNING:[0m USING TIMESTAMP
Start handling ready_states
Start handling killed_states
Making transaction...
Start handling ready_states
Start handling killed_states
Making transaction...
Start handling ready_states
Start handling killed_states
Switched global version to 0.4.25
[91m
State Variables: [ goal ]  are written to arbitrary storage location in function: Test1.slitherConstructorVariables() (TD/buggy_16.sol#12-21)
Reference: https://github.com/crytic/slither/wiki/Detector-Documentation#unrestricted-write-state[0m
TD/buggy_16.sol analyzed (2 contracts with 2 detectors), 1 result(s) found
[94mUse https://crytic.io/ to get access to additional detectors and Github integration[0m
[91m
State Variables: [ goal ]  are written to arbitrary storage location in function: Test1.slitherConstructorVariables() (TD/buggy_16.sol#12-21)
Reference: https://github.com/crytic/slither/wiki/Detector-Documentation#unrestricted-write-state[0m
[92m
Test2.bug_time_inter(Test1,uint256) (TD/buggy_16.sol#2-9) uses timestamp for comparisons
	Dangerous comparisons:
	- now % b == 0 (TD/buggy_16.sol#5)
Reference: https://github.com/crytic/slither/wiki/Detector-Documentation#block-timestamp[0m
TD/buggy_16.sol analyzed (2 contracts with 2 detectors), 2 result(s) found
[94mUse https://crytic.io/ to get access to additional detectors and Github integration[0m
TD/buggy_16.sol
0.4.25
TD/buggy_16.sol
False None NO_1 0x0 False False False
TD/buggy_16.sol
True Test2 bug_time_inter(Test1,uint256) 0x48de4e False True False
Contract name: Test2
Creating EVM object...
lib_con_func [['Test2', ['0xe1a07434']], ['Test1', ['0xb97a7d24', '0x2fc5bc8d', '0x9ad05b30']]]
True [['Test2', ['0xe1a07434']], ['Test1', ['0xb97a7d24', '0x2fc5bc8d', '0x9ad05b30']]] ['0xb97a7d24', '0x2fc5bc8d', '0x9ad05b30']
libÂ∫ìÂáΩÊï∞ []
Â∫ìÂáΩÊï∞ None
ÂêàÁ∫¶ÂêçÁß∞ Test2
Function _dispatcher
Function _fallback
Function 0xe1a07434
sc_bb 0
Function _dispatcher
Function _fallback
Function 0xe1a07434
timestamp_bb_loc 497
sc_bb_loc,fun_return 0 False
jump_map {131: 154, 252: 257, 267: 277, 294: 299, 426: 431, 441: 451, 468: 473, 496: 497, 507: 509, 516: 517, 576: 586, 587: 588}
Registering detector modules...
Adding filters...
Creating accounts...
user_account 0xd7b9afe1cc1d94c3174144ad1fb68210d45392b9
Start running...
Making transaction...
arguments[0]: 0xb97a7d24
2022-12-22 20:58:27,630: [4063341] m.e.detectors:[33mWARNING:[0m USING TIMESTAMP
Start handling ready_states
Start handling killed_states
Making transaction...
Start handling ready_states
Start handling killed_states
Making transaction...
Start handling ready_states
Start handling killed_states
Switched global version to 0.4.25
[91m
State Variables: [ goal ]  are written to arbitrary storage location in function: Test1.slitherConstructorVariables() (TD/buggy_17.sol#12-21)
Reference: https://github.com/crytic/slither/wiki/Detector-Documentation#unrestricted-write-state[0m
TD/buggy_17.sol analyzed (2 contracts with 2 detectors), 1 result(s) found
[94mUse https://crytic.io/ to get access to additional detectors and Github integration[0m
[91m
State Variables: [ goal ]  are written to arbitrary storage location in function: Test1.slitherConstructorVariables() (TD/buggy_17.sol#12-21)
Reference: https://github.com/crytic/slither/wiki/Detector-Documentation#unrestricted-write-state[0m
[92m
Test2.bug_time_inter(Test1,uint256) (TD/buggy_17.sol#2-9) uses timestamp for comparisons
	Dangerous comparisons:
	- now % 15 == 0 (TD/buggy_17.sol#5)
Reference: https://github.com/crytic/slither/wiki/Detector-Documentation#block-timestamp[0m
TD/buggy_17.sol analyzed (2 contracts with 2 detectors), 2 result(s) found
[94mUse https://crytic.io/ to get access to additional detectors and Github integration[0m
TD/buggy_17.sol
0.4.25
TD/buggy_17.sol
False None NO_1 0x0 False False False
TD/buggy_17.sol
True Test2 bug_time_inter(Test1,uint256) 0x48de4e False True False
Contract name: Test2
Creating EVM object...
lib_con_func [['Test2', ['0xe1a07434']], ['Test1', ['0xb97a7d24', '0x2fc5bc8d', '0x9ad05b30']]]
True [['Test2', ['0xe1a07434']], ['Test1', ['0xb97a7d24', '0x2fc5bc8d', '0x9ad05b30']]] ['0xb97a7d24', '0x2fc5bc8d', '0x9ad05b30']
libÂ∫ìÂáΩÊï∞ []
Â∫ìÂáΩÊï∞ None
ÂêàÁ∫¶ÂêçÁß∞ Test2
Function _dispatcher
Function _fallback
Function 0xe1a07434
sc_bb 0
Function _dispatcher
Function _fallback
Function 0xe1a07434
timestamp_bb_loc 496
sc_bb_loc,fun_return 0 False
jump_map {131: 154, 252: 257, 267: 277, 294: 299, 425: 430, 440: 450, 467: 472, 495: 496, 507: 509, 516: 517, 576: 586, 587: 588}
Registering detector modules...
Adding filters...
Creating accounts...
user_account 0xecc5f8c8900aa53dd2deadd1426e953ed3da78d1
Start running...
Making transaction...
arguments[0]: 0xb97a7d24
2022-12-22 20:58:34,219: [4064773] m.e.detectors:[33mWARNING:[0m USING TIMESTAMP
Start handling ready_states
Start handling killed_states
Making transaction...
Start handling ready_states
Start handling killed_states
Making transaction...
Start handling ready_states
Start handling killed_states
Switched global version to 0.4.25
[91m
State Variables: [ goal ]  are written to arbitrary storage location in function: Test1.slitherConstructorVariables() (TD/buggy_18.sol#12-21)
Reference: https://github.com/crytic/slither/wiki/Detector-Documentation#unrestricted-write-state[0m
TD/buggy_18.sol analyzed (2 contracts with 2 detectors), 1 result(s) found
[94mUse https://crytic.io/ to get access to additional detectors and Github integration[0m
[91m
State Variables: [ goal ]  are written to arbitrary storage location in function: Test1.slitherConstructorVariables() (TD/buggy_18.sol#12-21)
Reference: https://github.com/crytic/slither/wiki/Detector-Documentation#unrestricted-write-state[0m
[92m
Test2.bug_time_inter(Test1,uint256) (TD/buggy_18.sol#2-9) uses timestamp for comparisons
	Dangerous comparisons:
	- now % 15 == 0 (TD/buggy_18.sol#5)
Reference: https://github.com/crytic/slither/wiki/Detector-Documentation#block-timestamp[0m
TD/buggy_18.sol analyzed (2 contracts with 2 detectors), 2 result(s) found
[94mUse https://crytic.io/ to get access to additional detectors and Github integration[0m
TD/buggy_18.sol
0.4.25
TD/buggy_18.sol
False None NO_1 0x0 False False False
TD/buggy_18.sol
True Test2 bug_time_inter(Test1,uint256) 0x48de4e False True False
Contract name: Test2
Creating EVM object...
lib_con_func [['Test2', ['0xe1a07434']], ['Test1', ['0xb97a7d24', '0x2fc5bc8d', '0x9ad05b30']]]
True [['Test2', ['0xe1a07434']], ['Test1', ['0xb97a7d24', '0x2fc5bc8d', '0x9ad05b30']]] ['0xb97a7d24', '0x2fc5bc8d', '0x9ad05b30']
libÂ∫ìÂáΩÊï∞ []
Â∫ìÂáΩÊï∞ None
ÂêàÁ∫¶ÂêçÁß∞ Test2
Function _dispatcher
Function _fallback
Function 0xe1a07434
sc_bb 0
Function _dispatcher
Function _fallback
Function 0xe1a07434
timestamp_bb_loc 497
sc_bb_loc,fun_return 0 False
jump_map {131: 154, 252: 257, 267: 277, 294: 299, 426: 431, 441: 451, 468: 473, 496: 497, 508: 510, 517: 518, 577: 587, 588: 589}
Registering detector modules...
Adding filters...
Creating accounts...
user_account 0x49972d8e1d58d741edfc11176f0a0040061c31ab
Start running...
Making transaction...
arguments[0]: 0xb97a7d24
2022-12-22 20:58:41,364: [4066352] m.e.detectors:[33mWARNING:[0m USING TIMESTAMP
Start handling ready_states
Start handling killed_states
Making transaction...
Start handling ready_states
Start handling killed_states
Making transaction...
Start handling ready_states
Start handling killed_states
Switched global version to 0.4.25
[91m
State Variables: [ goal ]  are written to arbitrary storage location in function: Test1.slitherConstructorVariables() (TD/buggy_19.sol#12-21)
Reference: https://github.com/crytic/slither/wiki/Detector-Documentation#unrestricted-write-state[0m
TD/buggy_19.sol analyzed (2 contracts with 2 detectors), 1 result(s) found
[94mUse https://crytic.io/ to get access to additional detectors and Github integration[0m
[91m
State Variables: [ goal ]  are written to arbitrary storage location in function: Test1.slitherConstructorVariables() (TD/buggy_19.sol#12-21)
Reference: https://github.com/crytic/slither/wiki/Detector-Documentation#unrestricted-write-state[0m
[92m
Test2.bug_time_inter(Test1,uint256) (TD/buggy_19.sol#2-9) uses timestamp for comparisons
	Dangerous comparisons:
	- now % b == 0 (TD/buggy_19.sol#5)
Reference: https://github.com/crytic/slither/wiki/Detector-Documentation#block-timestamp[0m
TD/buggy_19.sol analyzed (2 contracts with 2 detectors), 2 result(s) found
[94mUse https://crytic.io/ to get access to additional detectors and Github integration[0m
TD/buggy_19.sol
0.4.25
TD/buggy_19.sol
False None NO_1 0x0 False False False
TD/buggy_19.sol
True Test2 bug_time_inter(Test1,uint256) 0x48de4e False True False
Contract name: Test2
Creating EVM object...
lib_con_func [['Test2', ['0xe1a07434']], ['Test1', ['0xb97a7d24', '0x2fc5bc8d', '0x9ad05b30']]]
True [['Test2', ['0xe1a07434']], ['Test1', ['0xb97a7d24', '0x2fc5bc8d', '0x9ad05b30']]] ['0xb97a7d24', '0x2fc5bc8d', '0x9ad05b30']
libÂ∫ìÂáΩÊï∞ []
Â∫ìÂáΩÊï∞ None
ÂêàÁ∫¶ÂêçÁß∞ Test2
Function _dispatcher
Function _fallback
Function 0xe1a07434
sc_bb 0
Function _dispatcher
Function _fallback
Function 0xe1a07434
timestamp_bb_loc 496
sc_bb_loc,fun_return 0 False
jump_map {131: 154, 252: 257, 267: 277, 294: 299, 425: 430, 440: 450, 467: 472, 495: 496, 506: 508, 515: 516, 575: 585, 586: 587}
Registering detector modules...
Adding filters...
Creating accounts...
user_account 0x3c06af4f0983bd71b7a4c77f648d63b1e5acda6c
Start running...
Making transaction...
arguments[0]: 0xb97a7d24
2022-12-22 20:58:48,684: [4068390] m.e.detectors:[33mWARNING:[0m USING TIMESTAMP
Start handling ready_states
Start handling killed_states
Making transaction...
Start handling ready_states
Start handling killed_states
Making transaction...
Start handling ready_states
Start handling killed_states
Switched global version to 0.4.25
[91m
State Variables: [ goal ]  are written to arbitrary storage location in function: Test1.slitherConstructorVariables() (TD/buggy_1.sol#12-18)
Reference: https://github.com/crytic/slither/wiki/Detector-Documentation#unrestricted-write-state[0m
TD/buggy_1.sol analyzed (2 contracts with 2 detectors), 1 result(s) found
[94mUse https://crytic.io/ to get access to additional detectors and Github integration[0m
[91m
State Variables: [ goal ]  are written to arbitrary storage location in function: Test1.slitherConstructorVariables() (TD/buggy_1.sol#12-18)
Reference: https://github.com/crytic/slither/wiki/Detector-Documentation#unrestricted-write-state[0m
[92m
Test2.bug_time_inter(Test1,uint256) (TD/buggy_1.sol#2-9) uses timestamp for comparisons
	Dangerous comparisons:
	- now % 15 == 0 (TD/buggy_1.sol#5)
Reference: https://github.com/crytic/slither/wiki/Detector-Documentation#block-timestamp[0m
TD/buggy_1.sol analyzed (2 contracts with 2 detectors), 2 result(s) found
[94mUse https://crytic.io/ to get access to additional detectors and Github integration[0m
TD/buggy_1.sol
0.4.25
TD/buggy_1.sol
False None NO_1 0x0 False False False
TD/buggy_1.sol
True Test2 bug_time_inter(Test1,uint256) 0x48de4e False True False
Contract name: Test2
Creating EVM object...
lib_con_func [['Test2', ['0xe1a07434']], ['Test1', ['0xb97a7d24', '0x9ad05b30']]]
True [['Test2', ['0xe1a07434']], ['Test1', ['0xb97a7d24', '0x9ad05b30']]] ['0xb97a7d24', '0x9ad05b30']
libÂ∫ìÂáΩÊï∞ []
Â∫ìÂáΩÊï∞ None
ÂêàÁ∫¶ÂêçÁß∞ Test2
Function _dispatcher
Function _fallback
Function 0xe1a07434
sc_bb 0
Function _dispatcher
Function _fallback
Function 0xe1a07434
timestamp_bb_loc 329
sc_bb_loc,fun_return 0 False
jump_map {131: 154, 252: 257, 267: 277, 294: 299, 328: 329, 340: 342, 349: 350, 409: 419, 420: 421}
Registering detector modules...
Adding filters...
Creating accounts...
user_account 0x378119946593760ecd903f64ccd3ac458fcefe47
Start running...
Making transaction...
arguments[0]: 0xb97a7d24
2022-12-22 20:58:54,949: [4069845] m.e.detectors:[33mWARNING:[0m USING TIMESTAMP
Start handling ready_states
Start handling killed_states
Making transaction...
Start handling ready_states
Start handling killed_states
Making transaction...
Start handling ready_states
Start handling killed_states
Switched global version to 0.4.25
[91m
State Variables: [ goal ]  are written to arbitrary storage location in function: Test1.slitherConstructorVariables() (TD/buggy_20.sol#12-21)
Reference: https://github.com/crytic/slither/wiki/Detector-Documentation#unrestricted-write-state[0m
TD/buggy_20.sol analyzed (2 contracts with 2 detectors), 1 result(s) found
[94mUse https://crytic.io/ to get access to additional detectors and Github integration[0m
[91m
State Variables: [ goal ]  are written to arbitrary storage location in function: Test1.slitherConstructorVariables() (TD/buggy_20.sol#12-21)
Reference: https://github.com/crytic/slither/wiki/Detector-Documentation#unrestricted-write-state[0m
[92m
Test2.bug_time_inter(Test1,uint256) (TD/buggy_20.sol#2-9) uses timestamp for comparisons
	Dangerous comparisons:
	- now % b == 0 (TD/buggy_20.sol#5)
Reference: https://github.com/crytic/slither/wiki/Detector-Documentation#block-timestamp[0m
TD/buggy_20.sol analyzed (2 contracts with 2 detectors), 2 result(s) found
[94mUse https://crytic.io/ to get access to additional detectors and Github integration[0m
TD/buggy_20.sol
0.4.25
TD/buggy_20.sol
False None NO_1 0x0 False False False
TD/buggy_20.sol
True Test2 bug_time_inter(Test1,uint256) 0x48de4e False True False
Contract name: Test2
Creating EVM object...
lib_con_func [['Test2', ['0xe1a07434']], ['Test1', ['0xb97a7d24', '0x2fc5bc8d', '0x9ad05b30']]]
True [['Test2', ['0xe1a07434']], ['Test1', ['0xb97a7d24', '0x2fc5bc8d', '0x9ad05b30']]] ['0xb97a7d24', '0x2fc5bc8d', '0x9ad05b30']
libÂ∫ìÂáΩÊï∞ []
Â∫ìÂáΩÊï∞ None
ÂêàÁ∫¶ÂêçÁß∞ Test2
Function _dispatcher
Function _fallback
Function 0xe1a07434
sc_bb 0
Function _dispatcher
Function _fallback
Function 0xe1a07434
timestamp_bb_loc 497
sc_bb_loc,fun_return 0 False
jump_map {131: 154, 252: 257, 267: 277, 294: 299, 426: 431, 441: 451, 468: 473, 496: 497, 507: 509, 516: 517, 576: 586, 587: 588}
Registering detector modules...
Adding filters...
Creating accounts...
user_account 0xe93920451a366e8f833144477ff5f16875f1626f
Start running...
Making transaction...
arguments[0]: 0xb97a7d24
2022-12-22 20:59:02,395: [4071308] m.e.detectors:[33mWARNING:[0m USING TIMESTAMP
Start handling ready_states
Start handling killed_states
Making transaction...
Start handling ready_states
Start handling killed_states
Making transaction...
Start handling ready_states
Start handling killed_states
Switched global version to 0.4.25
[91m
State Variables: [ goal ]  are written to arbitrary storage location in function: Test1.slitherConstructorVariables() (TD/buggy_21.sol#12-18)
Reference: https://github.com/crytic/slither/wiki/Detector-Documentation#unrestricted-write-state[0m
TD/buggy_21.sol analyzed (2 contracts with 2 detectors), 1 result(s) found
[94mUse https://crytic.io/ to get access to additional detectors and Github integration[0m
[91m
State Variables: [ goal ]  are written to arbitrary storage location in function: Test1.slitherConstructorVariables() (TD/buggy_21.sol#12-18)
Reference: https://github.com/crytic/slither/wiki/Detector-Documentation#unrestricted-write-state[0m
[92m
Test2.bug_time_inter(Test1,uint256) (TD/buggy_21.sol#2-9) uses timestamp for comparisons
	Dangerous comparisons:
	- block.timestamp % 15 == 0 (TD/buggy_21.sol#5)
Reference: https://github.com/crytic/slither/wiki/Detector-Documentation#block-timestamp[0m
TD/buggy_21.sol analyzed (2 contracts with 2 detectors), 2 result(s) found
[94mUse https://crytic.io/ to get access to additional detectors and Github integration[0m
TD/buggy_21.sol
0.4.25
TD/buggy_21.sol
False None NO_1 0x0 False False False
TD/buggy_21.sol
True Test2 bug_time_inter(Test1,uint256) 0x48de4e False True False
Contract name: Test2
Creating EVM object...
lib_con_func [['Test2', ['0xe1a07434']], ['Test1', ['0xb97a7d24', '0x9ad05b30']]]
True [['Test2', ['0xe1a07434']], ['Test1', ['0xb97a7d24', '0x9ad05b30']]] ['0xb97a7d24', '0x9ad05b30']
libÂ∫ìÂáΩÊï∞ []
Â∫ìÂáΩÊï∞ None
ÂêàÁ∫¶ÂêçÁß∞ Test2
Function _dispatcher
Function _fallback
Function 0xe1a07434
sc_bb 0
Function _dispatcher
Function _fallback
Function 0xe1a07434
timestamp_bb_loc 329
sc_bb_loc,fun_return 0 False
jump_map {131: 154, 252: 257, 267: 277, 294: 299, 328: 329, 340: 342, 349: 350, 409: 419, 420: 421}
Registering detector modules...
Adding filters...
Creating accounts...
user_account 0xb14894e019dfeb98b13bba9b0b45846f81c1681a
Start running...
Making transaction...
arguments[0]: 0xb97a7d24
2022-12-22 20:59:08,642: [4072777] m.e.detectors:[33mWARNING:[0m USING TIMESTAMP
Start handling ready_states
Start handling killed_states
Making transaction...
Start handling ready_states
Start handling killed_states
Making transaction...
Start handling ready_states
Start handling killed_states
Switched global version to 0.4.25
[91m
State Variables: [ goal ]  are written to arbitrary storage location in function: Test1.slitherConstructorVariables() (TD/buggy_22.sol#12-18)
Reference: https://github.com/crytic/slither/wiki/Detector-Documentation#unrestricted-write-state[0m
TD/buggy_22.sol analyzed (2 contracts with 2 detectors), 1 result(s) found
[94mUse https://crytic.io/ to get access to additional detectors and Github integration[0m
[91m
State Variables: [ goal ]  are written to arbitrary storage location in function: Test1.slitherConstructorVariables() (TD/buggy_22.sol#12-18)
Reference: https://github.com/crytic/slither/wiki/Detector-Documentation#unrestricted-write-state[0m
[92m
Test2.bug_time_inter(Test1,uint256) (TD/buggy_22.sol#2-9) uses timestamp for comparisons
	Dangerous comparisons:
	- block.timestamp % 15 == 0 (TD/buggy_22.sol#5)
Reference: https://github.com/crytic/slither/wiki/Detector-Documentation#block-timestamp[0m
TD/buggy_22.sol analyzed (2 contracts with 2 detectors), 2 result(s) found
[94mUse https://crytic.io/ to get access to additional detectors and Github integration[0m
TD/buggy_22.sol
0.4.25
TD/buggy_22.sol
False None NO_1 0x0 False False False
TD/buggy_22.sol
True Test2 bug_time_inter(Test1,uint256) 0x48de4e False True False
Contract name: Test2
Creating EVM object...
lib_con_func [['Test2', ['0xe1a07434']], ['Test1', ['0xb97a7d24', '0x9ad05b30']]]
True [['Test2', ['0xe1a07434']], ['Test1', ['0xb97a7d24', '0x9ad05b30']]] ['0xb97a7d24', '0x9ad05b30']
libÂ∫ìÂáΩÊï∞ []
Â∫ìÂáΩÊï∞ None
ÂêàÁ∫¶ÂêçÁß∞ Test2
Function _dispatcher
Function _fallback
Function 0xe1a07434
sc_bb 0
Function _dispatcher
Function _fallback
Function 0xe1a07434
timestamp_bb_loc 329
sc_bb_loc,fun_return 0 False
jump_map {131: 154, 252: 257, 267: 277, 294: 299, 328: 329, 340: 342, 349: 350, 409: 419, 420: 421}
Registering detector modules...
Adding filters...
Creating accounts...
user_account 0xdee35923aec3a188d3ceb693724b94bc350c561f
Start running...
Making transaction...
arguments[0]: 0xb97a7d24
2022-12-22 20:59:15,368: [4074211] m.e.detectors:[33mWARNING:[0m USING TIMESTAMP
Start handling ready_states
Start handling killed_states
Making transaction...
Start handling ready_states
Start handling killed_states
Making transaction...
Start handling ready_states
Start handling killed_states
Switched global version to 0.4.25
[91m
State Variables: [ goal ]  are written to arbitrary storage location in function: Test1.slitherConstructorVariables() (TD/buggy_23.sol#12-18)
Reference: https://github.com/crytic/slither/wiki/Detector-Documentation#unrestricted-write-state[0m
TD/buggy_23.sol analyzed (2 contracts with 2 detectors), 1 result(s) found
[94mUse https://crytic.io/ to get access to additional detectors and Github integration[0m
[91m
State Variables: [ goal ]  are written to arbitrary storage location in function: Test1.slitherConstructorVariables() (TD/buggy_23.sol#12-18)
Reference: https://github.com/crytic/slither/wiki/Detector-Documentation#unrestricted-write-state[0m
[92m
Test2.bug_time_inter(Test1,uint256) (TD/buggy_23.sol#2-9) uses timestamp for comparisons
	Dangerous comparisons:
	- block.timestamp % 15 == 0 (TD/buggy_23.sol#5)
Reference: https://github.com/crytic/slither/wiki/Detector-Documentation#block-timestamp[0m
TD/buggy_23.sol analyzed (2 contracts with 2 detectors), 2 result(s) found
[94mUse https://crytic.io/ to get access to additional detectors and Github integration[0m
TD/buggy_23.sol
0.4.25
TD/buggy_23.sol
False None NO_1 0x0 False False False
TD/buggy_23.sol
True Test2 bug_time_inter(Test1,uint256) 0x48de4e False True False
Contract name: Test2
Creating EVM object...
lib_con_func [['Test2', ['0xe1a07434']], ['Test1', ['0xb97a7d24', '0x9ad05b30']]]
True [['Test2', ['0xe1a07434']], ['Test1', ['0xb97a7d24', '0x9ad05b30']]] ['0xb97a7d24', '0x9ad05b30']
libÂ∫ìÂáΩÊï∞ []
Â∫ìÂáΩÊï∞ None
ÂêàÁ∫¶ÂêçÁß∞ Test2
Function _dispatcher
Function _fallback
Function 0xe1a07434
sc_bb 0
Function _dispatcher
Function _fallback
Function 0xe1a07434
timestamp_bb_loc 329
sc_bb_loc,fun_return 0 False
jump_map {131: 154, 252: 257, 267: 277, 294: 299, 328: 329, 340: 342, 349: 350, 409: 419, 420: 421}
Registering detector modules...
Adding filters...
Creating accounts...
user_account 0xdfb9fea4e337b9be9cbb9f0cff519c8cb8d34613
Start running...
Making transaction...
arguments[0]: 0xb97a7d24
2022-12-22 20:59:21,952: [4075822] m.e.detectors:[33mWARNING:[0m USING TIMESTAMP
Start handling ready_states
Start handling killed_states
Making transaction...
Start handling ready_states
Start handling killed_states
Making transaction...
Start handling ready_states
Start handling killed_states
Switched global version to 0.4.25
[91m
State Variables: [ goal ]  are written to arbitrary storage location in function: Test1.slitherConstructorVariables() (TD/buggy_24.sol#12-18)
Reference: https://github.com/crytic/slither/wiki/Detector-Documentation#unrestricted-write-state[0m
TD/buggy_24.sol analyzed (2 contracts with 2 detectors), 1 result(s) found
[94mUse https://crytic.io/ to get access to additional detectors and Github integration[0m
[91m
State Variables: [ goal ]  are written to arbitrary storage location in function: Test1.slitherConstructorVariables() (TD/buggy_24.sol#12-18)
Reference: https://github.com/crytic/slither/wiki/Detector-Documentation#unrestricted-write-state[0m
[92m
Test2.bug_time_inter(Test1,uint256) (TD/buggy_24.sol#2-9) uses timestamp for comparisons
	Dangerous comparisons:
	- block.timestamp % b == 0 (TD/buggy_24.sol#5)
Reference: https://github.com/crytic/slither/wiki/Detector-Documentation#block-timestamp[0m
TD/buggy_24.sol analyzed (2 contracts with 2 detectors), 2 result(s) found
[94mUse https://crytic.io/ to get access to additional detectors and Github integration[0m
TD/buggy_24.sol
0.4.25
TD/buggy_24.sol
False None NO_1 0x0 False False False
TD/buggy_24.sol
True Test2 bug_time_inter(Test1,uint256) 0x48de4e False True False
Contract name: Test2
Creating EVM object...
lib_con_func [['Test2', ['0xe1a07434']], ['Test1', ['0xb97a7d24', '0x9ad05b30']]]
True [['Test2', ['0xe1a07434']], ['Test1', ['0xb97a7d24', '0x9ad05b30']]] ['0xb97a7d24', '0x9ad05b30']
libÂ∫ìÂáΩÊï∞ []
Â∫ìÂáΩÊï∞ None
ÂêàÁ∫¶ÂêçÁß∞ Test2
Function _dispatcher
Function _fallback
Function 0xe1a07434
sc_bb 0
Function _dispatcher
Function _fallback
Function 0xe1a07434
timestamp_bb_loc 329
sc_bb_loc,fun_return 0 False
jump_map {131: 154, 252: 257, 267: 277, 294: 299, 328: 329, 339: 341, 348: 349, 408: 418, 419: 420}
Registering detector modules...
Adding filters...
Creating accounts...
user_account 0xaa5928049610fdc44fcad4c958bbc8f1c421cf25
Start running...
Making transaction...
arguments[0]: 0xb97a7d24
2022-12-22 20:59:28,661: [4077908] m.e.detectors:[33mWARNING:[0m USING TIMESTAMP
Start handling ready_states
Start handling killed_states
Making transaction...
Start handling ready_states
Start handling killed_states
Making transaction...
Start handling ready_states
Start handling killed_states
Switched global version to 0.4.25
[91m
State Variables: [ goal ]  are written to arbitrary storage location in function: Test1.slitherConstructorVariables() (TD/buggy_25.sol#12-18)
Reference: https://github.com/crytic/slither/wiki/Detector-Documentation#unrestricted-write-state[0m
TD/buggy_25.sol analyzed (2 contracts with 2 detectors), 1 result(s) found
[94mUse https://crytic.io/ to get access to additional detectors and Github integration[0m
[91m
State Variables: [ goal ]  are written to arbitrary storage location in function: Test1.slitherConstructorVariables() (TD/buggy_25.sol#12-18)
Reference: https://github.com/crytic/slither/wiki/Detector-Documentation#unrestricted-write-state[0m
[92m
Test2.bug_time_inter(Test1,uint256) (TD/buggy_25.sol#2-9) uses timestamp for comparisons
	Dangerous comparisons:
	- block.timestamp % b == 0 (TD/buggy_25.sol#5)
Reference: https://github.com/crytic/slither/wiki/Detector-Documentation#block-timestamp[0m
TD/buggy_25.sol analyzed (2 contracts with 2 detectors), 2 result(s) found
[94mUse https://crytic.io/ to get access to additional detectors and Github integration[0m
TD/buggy_25.sol
0.4.25
TD/buggy_25.sol
False None NO_1 0x0 False False False
TD/buggy_25.sol
True Test2 bug_time_inter(Test1,uint256) 0x48de4e False True False
Contract name: Test2
Creating EVM object...
lib_con_func [['Test2', ['0xe1a07434']], ['Test1', ['0xb97a7d24', '0x9ad05b30']]]
True [['Test2', ['0xe1a07434']], ['Test1', ['0xb97a7d24', '0x9ad05b30']]] ['0xb97a7d24', '0x9ad05b30']
libÂ∫ìÂáΩÊï∞ []
Â∫ìÂáΩÊï∞ None
ÂêàÁ∫¶ÂêçÁß∞ Test2
Function _dispatcher
Function _fallback
Function 0xe1a07434
sc_bb 0
Function _dispatcher
Function _fallback
Function 0xe1a07434
timestamp_bb_loc 329
sc_bb_loc,fun_return 0 False
jump_map {131: 154, 252: 257, 267: 277, 294: 299, 328: 329, 339: 341, 348: 349, 408: 418, 419: 420}
Registering detector modules...
Adding filters...
Creating accounts...
user_account 0x6f0a5b094cb17a9ad0c4022196697a4ae463caf8
Start running...
Making transaction...
arguments[0]: 0xb97a7d24
2022-12-22 20:59:34,984: [4079351] m.e.detectors:[33mWARNING:[0m USING TIMESTAMP
Start handling ready_states
Start handling killed_states
Making transaction...
Start handling ready_states
Start handling killed_states
Making transaction...
Start handling ready_states
Start handling killed_states
Switched global version to 0.4.25
[91m
State Variables: [ goal ]  are written to arbitrary storage location in function: Test1.slitherConstructorVariables() (TD/buggy_26.sol#12-18)
Reference: https://github.com/crytic/slither/wiki/Detector-Documentation#unrestricted-write-state[0m
TD/buggy_26.sol analyzed (2 contracts with 2 detectors), 1 result(s) found
[94mUse https://crytic.io/ to get access to additional detectors and Github integration[0m
[91m
State Variables: [ goal ]  are written to arbitrary storage location in function: Test1.slitherConstructorVariables() (TD/buggy_26.sol#12-18)
Reference: https://github.com/crytic/slither/wiki/Detector-Documentation#unrestricted-write-state[0m
[92m
Test2.bug_time_inter(Test1,uint256) (TD/buggy_26.sol#2-9) uses timestamp for comparisons
	Dangerous comparisons:
	- block.timestamp % b == 0 (TD/buggy_26.sol#5)
Reference: https://github.com/crytic/slither/wiki/Detector-Documentation#block-timestamp[0m
TD/buggy_26.sol analyzed (2 contracts with 2 detectors), 2 result(s) found
[94mUse https://crytic.io/ to get access to additional detectors and Github integration[0m
TD/buggy_26.sol
0.4.25
TD/buggy_26.sol
False None NO_1 0x0 False False False
TD/buggy_26.sol
True Test2 bug_time_inter(Test1,uint256) 0x48de4e False True False
Contract name: Test2
Creating EVM object...
lib_con_func [['Test2', ['0xe1a07434']], ['Test1', ['0xb97a7d24', '0x9ad05b30']]]
True [['Test2', ['0xe1a07434']], ['Test1', ['0xb97a7d24', '0x9ad05b30']]] ['0xb97a7d24', '0x9ad05b30']
libÂ∫ìÂáΩÊï∞ []
Â∫ìÂáΩÊï∞ None
ÂêàÁ∫¶ÂêçÁß∞ Test2
Function _dispatcher
Function _fallback
Function 0xe1a07434
sc_bb 0
Function _dispatcher
Function _fallback
Function 0xe1a07434
timestamp_bb_loc 329
sc_bb_loc,fun_return 0 False
jump_map {131: 154, 252: 257, 267: 277, 294: 299, 328: 329, 339: 341, 348: 349, 408: 418, 419: 420}
Registering detector modules...
Adding filters...
Creating accounts...
user_account 0x95c1084d16bae09380f88b14002027898c51adb9
Start running...
Making transaction...
arguments[0]: 0xb97a7d24
2022-12-22 20:59:41,168: [4080787] m.e.detectors:[33mWARNING:[0m USING TIMESTAMP
Start handling ready_states
Start handling killed_states
Making transaction...
Start handling ready_states
Start handling killed_states
Making transaction...
Start handling ready_states
Start handling killed_states
Switched global version to 0.4.25
[91m
State Variables: [ goal ]  are written to arbitrary storage location in function: Test1.slitherConstructorVariables() (TD/buggy_27.sol#12-18)
Reference: https://github.com/crytic/slither/wiki/Detector-Documentation#unrestricted-write-state[0m
TD/buggy_27.sol analyzed (2 contracts with 2 detectors), 1 result(s) found
[94mUse https://crytic.io/ to get access to additional detectors and Github integration[0m
[91m
State Variables: [ goal ]  are written to arbitrary storage location in function: Test1.slitherConstructorVariables() (TD/buggy_27.sol#12-18)
Reference: https://github.com/crytic/slither/wiki/Detector-Documentation#unrestricted-write-state[0m
[92m
Test2.bug_time_inter(Test1,uint256) (TD/buggy_27.sol#2-9) uses timestamp for comparisons
	Dangerous comparisons:
	- block.timestamp % 15 == 0 (TD/buggy_27.sol#5)
Reference: https://github.com/crytic/slither/wiki/Detector-Documentation#block-timestamp[0m
TD/buggy_27.sol analyzed (2 contracts with 2 detectors), 2 result(s) found
[94mUse https://crytic.io/ to get access to additional detectors and Github integration[0m
TD/buggy_27.sol
0.4.25
TD/buggy_27.sol
False None NO_1 0x0 False False False
TD/buggy_27.sol
True Test2 bug_time_inter(Test1,uint256) 0x48de4e False True False
Contract name: Test2
Creating EVM object...
lib_con_func [['Test2', ['0xe1a07434']], ['Test1', ['0xb97a7d24', '0x9ad05b30']]]
True [['Test2', ['0xe1a07434']], ['Test1', ['0xb97a7d24', '0x9ad05b30']]] ['0xb97a7d24', '0x9ad05b30']
libÂ∫ìÂáΩÊï∞ []
Â∫ìÂáΩÊï∞ None
ÂêàÁ∫¶ÂêçÁß∞ Test2
Function _dispatcher
Function _fallback
Function 0xe1a07434
sc_bb 0
Function _dispatcher
Function _fallback
Function 0xe1a07434
timestamp_bb_loc 329
sc_bb_loc,fun_return 0 False
jump_map {131: 154, 252: 257, 267: 277, 294: 299, 328: 329, 340: 342, 349: 350, 409: 419, 420: 421}
Registering detector modules...
Adding filters...
Creating accounts...
user_account 0x887416d22d270d3fd44601dab8090b8e9e434fce
Start running...
Making transaction...
arguments[0]: 0xb97a7d24
2022-12-22 20:59:47,486: [4082239] m.e.detectors:[33mWARNING:[0m USING TIMESTAMP
Start handling ready_states
Start handling killed_states
Making transaction...
Start handling ready_states
Start handling killed_states
Making transaction...
Start handling ready_states
Start handling killed_states
Switched global version to 0.4.25
[91m
State Variables: [ goal ]  are written to arbitrary storage location in function: Test1.slitherConstructorVariables() (TD/buggy_28.sol#12-18)
Reference: https://github.com/crytic/slither/wiki/Detector-Documentation#unrestricted-write-state[0m
TD/buggy_28.sol analyzed (2 contracts with 2 detectors), 1 result(s) found
[94mUse https://crytic.io/ to get access to additional detectors and Github integration[0m
[91m
State Variables: [ goal ]  are written to arbitrary storage location in function: Test1.slitherConstructorVariables() (TD/buggy_28.sol#12-18)
Reference: https://github.com/crytic/slither/wiki/Detector-Documentation#unrestricted-write-state[0m
[92m
Test2.bug_time_inter(Test1,uint256) (TD/buggy_28.sol#2-9) uses timestamp for comparisons
	Dangerous comparisons:
	- block.timestamp % 15 == 0 (TD/buggy_28.sol#5)
Reference: https://github.com/crytic/slither/wiki/Detector-Documentation#block-timestamp[0m
TD/buggy_28.sol analyzed (2 contracts with 2 detectors), 2 result(s) found
[94mUse https://crytic.io/ to get access to additional detectors and Github integration[0m
TD/buggy_28.sol
0.4.25
TD/buggy_28.sol
False None NO_1 0x0 False False False
TD/buggy_28.sol
True Test2 bug_time_inter(Test1,uint256) 0x48de4e False True False
Contract name: Test2
Creating EVM object...
lib_con_func [['Test2', ['0xe1a07434']], ['Test1', ['0xb97a7d24', '0x9ad05b30']]]
True [['Test2', ['0xe1a07434']], ['Test1', ['0xb97a7d24', '0x9ad05b30']]] ['0xb97a7d24', '0x9ad05b30']
libÂ∫ìÂáΩÊï∞ []
Â∫ìÂáΩÊï∞ None
ÂêàÁ∫¶ÂêçÁß∞ Test2
Function _dispatcher
Function _fallback
Function 0xe1a07434
sc_bb 0
Function _dispatcher
Function _fallback
Function 0xe1a07434
timestamp_bb_loc 329
sc_bb_loc,fun_return 0 False
jump_map {131: 154, 252: 257, 267: 277, 294: 299, 328: 329, 340: 342, 349: 350, 409: 419, 420: 421}
Registering detector modules...
Adding filters...
Creating accounts...
user_account 0xed4b8f18f2555b0109bbe582a4af3b1c437416c8
Start running...
Making transaction...
arguments[0]: 0xb97a7d24
2022-12-22 20:59:54,099: [4083661] m.e.detectors:[33mWARNING:[0m USING TIMESTAMP
Start handling ready_states
Start handling killed_states
Making transaction...
Start handling ready_states
Start handling killed_states
Making transaction...
Start handling ready_states
Start handling killed_states
Switched global version to 0.4.25
[91m
State Variables: [ goal ]  are written to arbitrary storage location in function: Test1.slitherConstructorVariables() (TD/buggy_29.sol#12-18)
Reference: https://github.com/crytic/slither/wiki/Detector-Documentation#unrestricted-write-state[0m
TD/buggy_29.sol analyzed (2 contracts with 2 detectors), 1 result(s) found
[94mUse https://crytic.io/ to get access to additional detectors and Github integration[0m
[91m
State Variables: [ goal ]  are written to arbitrary storage location in function: Test1.slitherConstructorVariables() (TD/buggy_29.sol#12-18)
Reference: https://github.com/crytic/slither/wiki/Detector-Documentation#unrestricted-write-state[0m
[92m
Test2.bug_time_inter(Test1,uint256) (TD/buggy_29.sol#2-9) uses timestamp for comparisons
	Dangerous comparisons:
	- block.timestamp % 15 == 0 (TD/buggy_29.sol#5)
Reference: https://github.com/crytic/slither/wiki/Detector-Documentation#block-timestamp[0m
TD/buggy_29.sol analyzed (2 contracts with 2 detectors), 2 result(s) found
[94mUse https://crytic.io/ to get access to additional detectors and Github integration[0m
TD/buggy_29.sol
0.4.25
TD/buggy_29.sol
False None NO_1 0x0 False False False
TD/buggy_29.sol
True Test2 bug_time_inter(Test1,uint256) 0x48de4e False True False
Contract name: Test2
Creating EVM object...
lib_con_func [['Test2', ['0xe1a07434']], ['Test1', ['0xb97a7d24', '0x9ad05b30']]]
True [['Test2', ['0xe1a07434']], ['Test1', ['0xb97a7d24', '0x9ad05b30']]] ['0xb97a7d24', '0x9ad05b30']
libÂ∫ìÂáΩÊï∞ []
Â∫ìÂáΩÊï∞ None
ÂêàÁ∫¶ÂêçÁß∞ Test2
Function _dispatcher
Function _fallback
Function 0xe1a07434
sc_bb 0
Function _dispatcher
Function _fallback
Function 0xe1a07434
timestamp_bb_loc 329
sc_bb_loc,fun_return 0 False
jump_map {131: 154, 252: 257, 267: 277, 294: 299, 328: 329, 340: 342, 349: 350, 409: 419, 420: 421}
Registering detector modules...
Adding filters...
Creating accounts...
user_account 0xe2aa86e5675babf39ecdd0567c32c198feb54207
Start running...
Making transaction...
arguments[0]: 0xb97a7d24
2022-12-22 21:00:00,969: [4085084] m.e.detectors:[33mWARNING:[0m USING TIMESTAMP
Start handling ready_states
Start handling killed_states
Making transaction...
Start handling ready_states
Start handling killed_states
Making transaction...
Start handling ready_states
Start handling killed_states
Switched global version to 0.4.25
[91m
State Variables: [ goal ]  are written to arbitrary storage location in function: Test1.slitherConstructorVariables() (TD/buggy_2.sol#12-18)
Reference: https://github.com/crytic/slither/wiki/Detector-Documentation#unrestricted-write-state[0m
TD/buggy_2.sol analyzed (2 contracts with 2 detectors), 1 result(s) found
[94mUse https://crytic.io/ to get access to additional detectors and Github integration[0m
[91m
State Variables: [ goal ]  are written to arbitrary storage location in function: Test1.slitherConstructorVariables() (TD/buggy_2.sol#12-18)
Reference: https://github.com/crytic/slither/wiki/Detector-Documentation#unrestricted-write-state[0m
[92m
Test2.bug_time_inter(Test1,uint256) (TD/buggy_2.sol#2-9) uses timestamp for comparisons
	Dangerous comparisons:
	- now % 15 == 0 (TD/buggy_2.sol#5)
Reference: https://github.com/crytic/slither/wiki/Detector-Documentation#block-timestamp[0m
TD/buggy_2.sol analyzed (2 contracts with 2 detectors), 2 result(s) found
[94mUse https://crytic.io/ to get access to additional detectors and Github integration[0m
TD/buggy_2.sol
0.4.25
TD/buggy_2.sol
False None NO_1 0x0 False False False
TD/buggy_2.sol
True Test2 bug_time_inter(Test1,uint256) 0x48de4e False True False
Contract name: Test2
Creating EVM object...
lib_con_func [['Test2', ['0xe1a07434']], ['Test1', ['0xb97a7d24', '0x9ad05b30']]]
True [['Test2', ['0xe1a07434']], ['Test1', ['0xb97a7d24', '0x9ad05b30']]] ['0xb97a7d24', '0x9ad05b30']
libÂ∫ìÂáΩÊï∞ []
Â∫ìÂáΩÊï∞ None
ÂêàÁ∫¶ÂêçÁß∞ Test2
Function _dispatcher
Function _fallback
Function 0xe1a07434
sc_bb 0
Function _dispatcher
Function _fallback
Function 0xe1a07434
timestamp_bb_loc 329
sc_bb_loc,fun_return 0 False
jump_map {131: 154, 252: 257, 267: 277, 294: 299, 328: 329, 340: 342, 349: 350, 409: 419, 420: 421}
Registering detector modules...
Adding filters...
Creating accounts...
user_account 0x9604bdc08057849bef3d60e4e2a6cf46dffab9a5
Start running...
Making transaction...
arguments[0]: 0xb97a7d24
2022-12-22 21:00:07,989: [4087062] m.e.detectors:[33mWARNING:[0m USING TIMESTAMP
Start handling ready_states
Start handling killed_states
Making transaction...
Start handling ready_states
Start handling killed_states
Making transaction...
Start handling ready_states
Start handling killed_states
Switched global version to 0.4.25
[91m
State Variables: [ goal ]  are written to arbitrary storage location in function: Test1.slitherConstructorVariables() (TD/buggy_30.sol#12-18)
Reference: https://github.com/crytic/slither/wiki/Detector-Documentation#unrestricted-write-state[0m
TD/buggy_30.sol analyzed (2 contracts with 2 detectors), 1 result(s) found
[94mUse https://crytic.io/ to get access to additional detectors and Github integration[0m
[91m
State Variables: [ goal ]  are written to arbitrary storage location in function: Test1.slitherConstructorVariables() (TD/buggy_30.sol#12-18)
Reference: https://github.com/crytic/slither/wiki/Detector-Documentation#unrestricted-write-state[0m
[92m
Test2.bug_time_inter(Test1,uint256) (TD/buggy_30.sol#2-9) uses timestamp for comparisons
	Dangerous comparisons:
	- block.timestamp % b == 0 (TD/buggy_30.sol#5)
Reference: https://github.com/crytic/slither/wiki/Detector-Documentation#block-timestamp[0m
TD/buggy_30.sol analyzed (2 contracts with 2 detectors), 2 result(s) found
[94mUse https://crytic.io/ to get access to additional detectors and Github integration[0m
TD/buggy_30.sol
0.4.25
TD/buggy_30.sol
False None NO_1 0x0 False False False
TD/buggy_30.sol
True Test2 bug_time_inter(Test1,uint256) 0x48de4e False True False
Contract name: Test2
Creating EVM object...
lib_con_func [['Test2', ['0xe1a07434']], ['Test1', ['0xb97a7d24', '0x9ad05b30']]]
True [['Test2', ['0xe1a07434']], ['Test1', ['0xb97a7d24', '0x9ad05b30']]] ['0xb97a7d24', '0x9ad05b30']
libÂ∫ìÂáΩÊï∞ []
Â∫ìÂáΩÊï∞ None
ÂêàÁ∫¶ÂêçÁß∞ Test2
Function _dispatcher
Function _fallback
Function 0xe1a07434
sc_bb 0
Function _dispatcher
Function _fallback
Function 0xe1a07434
timestamp_bb_loc 329
sc_bb_loc,fun_return 0 False
jump_map {131: 154, 252: 257, 267: 277, 294: 299, 328: 329, 339: 341, 348: 349, 408: 418, 419: 420}
Registering detector modules...
Adding filters...
Creating accounts...
user_account 0x26db77fba28396fed2d24c081bbd3c4c2893593b
Start running...
Making transaction...
arguments[0]: 0xb97a7d24
2022-12-22 21:00:14,836: [4088886] m.e.detectors:[33mWARNING:[0m USING TIMESTAMP
Start handling ready_states
Start handling killed_states
Making transaction...
Start handling ready_states
Start handling killed_states
Making transaction...
Start handling ready_states
Start handling killed_states
Switched global version to 0.4.25
[91m
State Variables: [ goal ]  are written to arbitrary storage location in function: Test1.slitherConstructorVariables() (TD/buggy_31.sol#12-18)
Reference: https://github.com/crytic/slither/wiki/Detector-Documentation#unrestricted-write-state[0m
TD/buggy_31.sol analyzed (2 contracts with 2 detectors), 1 result(s) found
[94mUse https://crytic.io/ to get access to additional detectors and Github integration[0m
[91m
State Variables: [ goal ]  are written to arbitrary storage location in function: Test1.slitherConstructorVariables() (TD/buggy_31.sol#12-18)
Reference: https://github.com/crytic/slither/wiki/Detector-Documentation#unrestricted-write-state[0m
[92m
Test2.bug_time_inter(Test1,uint256) (TD/buggy_31.sol#2-9) uses timestamp for comparisons
	Dangerous comparisons:
	- block.timestamp % b == 0 (TD/buggy_31.sol#5)
Reference: https://github.com/crytic/slither/wiki/Detector-Documentation#block-timestamp[0m
TD/buggy_31.sol analyzed (2 contracts with 2 detectors), 2 result(s) found
[94mUse https://crytic.io/ to get access to additional detectors and Github integration[0m
TD/buggy_31.sol
0.4.25
TD/buggy_31.sol
False None NO_1 0x0 False False False
TD/buggy_31.sol
True Test2 bug_time_inter(Test1,uint256) 0x48de4e False True False
Contract name: Test2
Creating EVM object...
lib_con_func [['Test2', ['0xe1a07434']], ['Test1', ['0xb97a7d24', '0x9ad05b30']]]
True [['Test2', ['0xe1a07434']], ['Test1', ['0xb97a7d24', '0x9ad05b30']]] ['0xb97a7d24', '0x9ad05b30']
libÂ∫ìÂáΩÊï∞ []
Â∫ìÂáΩÊï∞ None
ÂêàÁ∫¶ÂêçÁß∞ Test2
Function _dispatcher
Function _fallback
Function 0xe1a07434
sc_bb 0
Function _dispatcher
Function _fallback
Function 0xe1a07434
timestamp_bb_loc 329
sc_bb_loc,fun_return 0 False
jump_map {131: 154, 252: 257, 267: 277, 294: 299, 328: 329, 339: 341, 348: 349, 408: 418, 419: 420}
Registering detector modules...
Adding filters...
Creating accounts...
user_account 0xf7f61a57fc4e5c6959e988ce0a824b173032428d
Start running...
Making transaction...
arguments[0]: 0xb97a7d24
2022-12-22 21:00:21,183: [4090344] m.e.detectors:[33mWARNING:[0m USING TIMESTAMP
Start handling ready_states
Start handling killed_states
Making transaction...
Start handling ready_states
Start handling killed_states
Making transaction...
Start handling ready_states
Start handling killed_states
Switched global version to 0.4.25
[91m
State Variables: [ goal ]  are written to arbitrary storage location in function: Test1.slitherConstructorVariables() (TD/buggy_32.sol#12-18)
Reference: https://github.com/crytic/slither/wiki/Detector-Documentation#unrestricted-write-state[0m
TD/buggy_32.sol analyzed (2 contracts with 2 detectors), 1 result(s) found
[94mUse https://crytic.io/ to get access to additional detectors and Github integration[0m
[91m
State Variables: [ goal ]  are written to arbitrary storage location in function: Test1.slitherConstructorVariables() (TD/buggy_32.sol#12-18)
Reference: https://github.com/crytic/slither/wiki/Detector-Documentation#unrestricted-write-state[0m
[92m
Test2.bug_time_inter(Test1,uint256) (TD/buggy_32.sol#2-9) uses timestamp for comparisons
	Dangerous comparisons:
	- block.timestamp % b == 0 (TD/buggy_32.sol#5)
Reference: https://github.com/crytic/slither/wiki/Detector-Documentation#block-timestamp[0m
TD/buggy_32.sol analyzed (2 contracts with 2 detectors), 2 result(s) found
[94mUse https://crytic.io/ to get access to additional detectors and Github integration[0m
TD/buggy_32.sol
0.4.25
TD/buggy_32.sol
False None NO_1 0x0 False False False
TD/buggy_32.sol
True Test2 bug_time_inter(Test1,uint256) 0x48de4e False True False
Contract name: Test2
Creating EVM object...
lib_con_func [['Test2', ['0xe1a07434']], ['Test1', ['0xb97a7d24', '0x9ad05b30']]]
True [['Test2', ['0xe1a07434']], ['Test1', ['0xb97a7d24', '0x9ad05b30']]] ['0xb97a7d24', '0x9ad05b30']
libÂ∫ìÂáΩÊï∞ []
Â∫ìÂáΩÊï∞ None
ÂêàÁ∫¶ÂêçÁß∞ Test2
Function _dispatcher
Function _fallback
Function 0xe1a07434
sc_bb 0
Function _dispatcher
Function _fallback
Function 0xe1a07434
timestamp_bb_loc 329
sc_bb_loc,fun_return 0 False
jump_map {131: 154, 252: 257, 267: 277, 294: 299, 328: 329, 339: 341, 348: 349, 408: 418, 419: 420}
Registering detector modules...
Adding filters...
Creating accounts...
user_account 0x4bd9c5310ef0836a6d1066ee355206702af01c67
Start running...
Making transaction...
arguments[0]: 0xb97a7d24
2022-12-22 21:00:27,624: [4091769] m.e.detectors:[33mWARNING:[0m USING TIMESTAMP
Start handling ready_states
Start handling killed_states
Making transaction...
Start handling ready_states
Start handling killed_states
Making transaction...
Start handling ready_states
Start handling killed_states
Switched global version to 0.4.25
[91m
State Variables: [ goal ]  are written to arbitrary storage location in function: Test1.slitherConstructorVariables() (TD/buggy_33.sol#12-21)
Reference: https://github.com/crytic/slither/wiki/Detector-Documentation#unrestricted-write-state[0m
TD/buggy_33.sol analyzed (2 contracts with 2 detectors), 1 result(s) found
[94mUse https://crytic.io/ to get access to additional detectors and Github integration[0m
[91m
State Variables: [ goal ]  are written to arbitrary storage location in function: Test1.slitherConstructorVariables() (TD/buggy_33.sol#12-21)
Reference: https://github.com/crytic/slither/wiki/Detector-Documentation#unrestricted-write-state[0m
[92m
Test2.bug_time_inter(Test1,uint256) (TD/buggy_33.sol#2-9) uses timestamp for comparisons
	Dangerous comparisons:
	- block.timestamp % 15 == 0 (TD/buggy_33.sol#5)
Reference: https://github.com/crytic/slither/wiki/Detector-Documentation#block-timestamp[0m
TD/buggy_33.sol analyzed (2 contracts with 2 detectors), 2 result(s) found
[94mUse https://crytic.io/ to get access to additional detectors and Github integration[0m
TD/buggy_33.sol
0.4.25
TD/buggy_33.sol
False None NO_1 0x0 False False False
TD/buggy_33.sol
True Test2 bug_time_inter(Test1,uint256) 0x48de4e False True False
Contract name: Test2
Creating EVM object...
lib_con_func [['Test2', ['0xe1a07434']], ['Test1', ['0xb97a7d24', '0x2fc5bc8d', '0x9ad05b30']]]
True [['Test2', ['0xe1a07434']], ['Test1', ['0xb97a7d24', '0x2fc5bc8d', '0x9ad05b30']]] ['0xb97a7d24', '0x2fc5bc8d', '0x9ad05b30']
libÂ∫ìÂáΩÊï∞ []
Â∫ìÂáΩÊï∞ None
ÂêàÁ∫¶ÂêçÁß∞ Test2
Function _dispatcher
Function _fallback
Function 0xe1a07434
sc_bb 0
Function _dispatcher
Function _fallback
Function 0xe1a07434
timestamp_bb_loc 496
sc_bb_loc,fun_return 0 False
jump_map {131: 154, 252: 257, 267: 277, 294: 299, 425: 430, 440: 450, 467: 472, 495: 496, 507: 509, 516: 517, 576: 586, 587: 588}
Registering detector modules...
Adding filters...
Creating accounts...
user_account 0x84553e679b53f9375ecadbc2eea1dfd4478c05ef
Start running...
Making transaction...
arguments[0]: 0xb97a7d24
2022-12-22 21:00:34,055: [4093194] m.e.detectors:[33mWARNING:[0m USING TIMESTAMP
Start handling ready_states
Start handling killed_states
Making transaction...
Start handling ready_states
Start handling killed_states
Making transaction...
Start handling ready_states
Start handling killed_states
Switched global version to 0.4.25
[91m
State Variables: [ goal ]  are written to arbitrary storage location in function: Test1.slitherConstructorVariables() (TD/buggy_34.sol#12-21)
Reference: https://github.com/crytic/slither/wiki/Detector-Documentation#unrestricted-write-state[0m
TD/buggy_34.sol analyzed (2 contracts with 2 detectors), 1 result(s) found
[94mUse https://crytic.io/ to get access to additional detectors and Github integration[0m
[91m
State Variables: [ goal ]  are written to arbitrary storage location in function: Test1.slitherConstructorVariables() (TD/buggy_34.sol#12-21)
Reference: https://github.com/crytic/slither/wiki/Detector-Documentation#unrestricted-write-state[0m
[92m
Test2.bug_time_inter(Test1,uint256) (TD/buggy_34.sol#2-9) uses timestamp for comparisons
	Dangerous comparisons:
	- block.timestamp % 15 == 0 (TD/buggy_34.sol#5)
Reference: https://github.com/crytic/slither/wiki/Detector-Documentation#block-timestamp[0m
TD/buggy_34.sol analyzed (2 contracts with 2 detectors), 2 result(s) found
[94mUse https://crytic.io/ to get access to additional detectors and Github integration[0m
TD/buggy_34.sol
0.4.25
TD/buggy_34.sol
False None NO_1 0x0 False False False
TD/buggy_34.sol
True Test2 bug_time_inter(Test1,uint256) 0x48de4e False True False
Contract name: Test2
Creating EVM object...
lib_con_func [['Test2', ['0xe1a07434']], ['Test1', ['0xb97a7d24', '0x2fc5bc8d', '0x9ad05b30']]]
True [['Test2', ['0xe1a07434']], ['Test1', ['0xb97a7d24', '0x2fc5bc8d', '0x9ad05b30']]] ['0xb97a7d24', '0x2fc5bc8d', '0x9ad05b30']
libÂ∫ìÂáΩÊï∞ []
Â∫ìÂáΩÊï∞ None
ÂêàÁ∫¶ÂêçÁß∞ Test2
Function _dispatcher
Function _fallback
Function 0xe1a07434
sc_bb 0
Function _dispatcher
Function _fallback
Function 0xe1a07434
timestamp_bb_loc 497
sc_bb_loc,fun_return 0 False
jump_map {131: 154, 252: 257, 267: 277, 294: 299, 426: 431, 441: 451, 468: 473, 496: 497, 508: 510, 517: 518, 577: 587, 588: 589}
Registering detector modules...
Adding filters...
Creating accounts...
user_account 0xdf724c7fd02b0d35039e640427ffa7ecf4da125a
Start running...
Making transaction...
arguments[0]: 0xb97a7d24
2022-12-22 21:00:41,362: [4094619] m.e.detectors:[33mWARNING:[0m USING TIMESTAMP
Start handling ready_states
Start handling killed_states
Making transaction...
Start handling ready_states
Start handling killed_states
Making transaction...
Start handling ready_states
Start handling killed_states
Switched global version to 0.4.25
[91m
State Variables: [ goal ]  are written to arbitrary storage location in function: Test1.slitherConstructorVariables() (TD/buggy_35.sol#12-21)
Reference: https://github.com/crytic/slither/wiki/Detector-Documentation#unrestricted-write-state[0m
TD/buggy_35.sol analyzed (2 contracts with 2 detectors), 1 result(s) found
[94mUse https://crytic.io/ to get access to additional detectors and Github integration[0m
[91m
State Variables: [ goal ]  are written to arbitrary storage location in function: Test1.slitherConstructorVariables() (TD/buggy_35.sol#12-21)
Reference: https://github.com/crytic/slither/wiki/Detector-Documentation#unrestricted-write-state[0m
[92m
Test2.bug_time_inter(Test1,uint256) (TD/buggy_35.sol#2-9) uses timestamp for comparisons
	Dangerous comparisons:
	- block.timestamp % b == 0 (TD/buggy_35.sol#5)
Reference: https://github.com/crytic/slither/wiki/Detector-Documentation#block-timestamp[0m
TD/buggy_35.sol analyzed (2 contracts with 2 detectors), 2 result(s) found
[94mUse https://crytic.io/ to get access to additional detectors and Github integration[0m
TD/buggy_35.sol
0.4.25
TD/buggy_35.sol
False None NO_1 0x0 False False False
TD/buggy_35.sol
True Test2 bug_time_inter(Test1,uint256) 0x48de4e False True False
Contract name: Test2
Creating EVM object...
lib_con_func [['Test2', ['0xe1a07434']], ['Test1', ['0xb97a7d24', '0x2fc5bc8d', '0x9ad05b30']]]
True [['Test2', ['0xe1a07434']], ['Test1', ['0xb97a7d24', '0x2fc5bc8d', '0x9ad05b30']]] ['0xb97a7d24', '0x2fc5bc8d', '0x9ad05b30']
libÂ∫ìÂáΩÊï∞ []
Â∫ìÂáΩÊï∞ None
ÂêàÁ∫¶ÂêçÁß∞ Test2
Function _dispatcher
Function _fallback
Function 0xe1a07434
sc_bb 0
Function _dispatcher
Function _fallback
Function 0xe1a07434
timestamp_bb_loc 496
sc_bb_loc,fun_return 0 False
jump_map {131: 154, 252: 257, 267: 277, 294: 299, 425: 430, 440: 450, 467: 472, 495: 496, 506: 508, 515: 516, 575: 585, 586: 587}
Registering detector modules...
Adding filters...
Creating accounts...
user_account 0xb8b8a2c51411185ad029dfca343b81789acf831e
Start running...
Making transaction...
arguments[0]: 0xb97a7d24
2022-12-22 21:00:48,651: [4096208] m.e.detectors:[33mWARNING:[0m USING TIMESTAMP
Start handling ready_states
Start handling killed_states
Making transaction...
Start handling ready_states
Start handling killed_states
Making transaction...
Start handling ready_states
Start handling killed_states
Switched global version to 0.4.25
[91m
State Variables: [ goal ]  are written to arbitrary storage location in function: Test1.slitherConstructorVariables() (TD/buggy_36.sol#12-21)
Reference: https://github.com/crytic/slither/wiki/Detector-Documentation#unrestricted-write-state[0m
TD/buggy_36.sol analyzed (2 contracts with 2 detectors), 1 result(s) found
[94mUse https://crytic.io/ to get access to additional detectors and Github integration[0m
[91m
State Variables: [ goal ]  are written to arbitrary storage location in function: Test1.slitherConstructorVariables() (TD/buggy_36.sol#12-21)
Reference: https://github.com/crytic/slither/wiki/Detector-Documentation#unrestricted-write-state[0m
[92m
Test2.bug_time_inter(Test1,uint256) (TD/buggy_36.sol#2-9) uses timestamp for comparisons
	Dangerous comparisons:
	- block.timestamp % b == 0 (TD/buggy_36.sol#5)
Reference: https://github.com/crytic/slither/wiki/Detector-Documentation#block-timestamp[0m
TD/buggy_36.sol analyzed (2 contracts with 2 detectors), 2 result(s) found
[94mUse https://crytic.io/ to get access to additional detectors and Github integration[0m
TD/buggy_36.sol
0.4.25
TD/buggy_36.sol
False None NO_1 0x0 False False False
TD/buggy_36.sol
True Test2 bug_time_inter(Test1,uint256) 0x48de4e False True False
Contract name: Test2
Creating EVM object...
lib_con_func [['Test2', ['0xe1a07434']], ['Test1', ['0xb97a7d24', '0x2fc5bc8d', '0x9ad05b30']]]
True [['Test2', ['0xe1a07434']], ['Test1', ['0xb97a7d24', '0x2fc5bc8d', '0x9ad05b30']]] ['0xb97a7d24', '0x2fc5bc8d', '0x9ad05b30']
libÂ∫ìÂáΩÊï∞ []
Â∫ìÂáΩÊï∞ None
ÂêàÁ∫¶ÂêçÁß∞ Test2
Function _dispatcher
Function _fallback
Function 0xe1a07434
sc_bb 0
Function _dispatcher
Function _fallback
Function 0xe1a07434
timestamp_bb_loc 497
sc_bb_loc,fun_return 0 False
jump_map {131: 154, 252: 257, 267: 277, 294: 299, 426: 431, 441: 451, 468: 473, 496: 497, 507: 509, 516: 517, 576: 586, 587: 588}
Registering detector modules...
Adding filters...
Creating accounts...
user_account 0xde2f159f59b642427137acdb2ff517ec3e537625
Start running...
Making transaction...
arguments[0]: 0xb97a7d24
2022-12-22 21:00:55,365: [4098292] m.e.detectors:[33mWARNING:[0m USING TIMESTAMP
Start handling ready_states
Start handling killed_states
Making transaction...
Start handling ready_states
Start handling killed_states
Making transaction...
Start handling ready_states
Start handling killed_states
Switched global version to 0.4.25
[91m
State Variables: [ goal ]  are written to arbitrary storage location in function: Test1.slitherConstructorVariables() (TD/buggy_37.sol#12-21)
Reference: https://github.com/crytic/slither/wiki/Detector-Documentation#unrestricted-write-state[0m
TD/buggy_37.sol analyzed (2 contracts with 2 detectors), 1 result(s) found
[94mUse https://crytic.io/ to get access to additional detectors and Github integration[0m
[91m
State Variables: [ goal ]  are written to arbitrary storage location in function: Test1.slitherConstructorVariables() (TD/buggy_37.sol#12-21)
Reference: https://github.com/crytic/slither/wiki/Detector-Documentation#unrestricted-write-state[0m
[92m
Test2.bug_time_inter(Test1,uint256) (TD/buggy_37.sol#2-9) uses timestamp for comparisons
	Dangerous comparisons:
	- block.timestamp % 15 == 0 (TD/buggy_37.sol#5)
Reference: https://github.com/crytic/slither/wiki/Detector-Documentation#block-timestamp[0m
TD/buggy_37.sol analyzed (2 contracts with 2 detectors), 2 result(s) found
[94mUse https://crytic.io/ to get access to additional detectors and Github integration[0m
TD/buggy_37.sol
0.4.25
TD/buggy_37.sol
False None NO_1 0x0 False False False
TD/buggy_37.sol
True Test2 bug_time_inter(Test1,uint256) 0x48de4e False True False
Contract name: Test2
Creating EVM object...
lib_con_func [['Test2', ['0xe1a07434']], ['Test1', ['0xb97a7d24', '0x2fc5bc8d', '0x9ad05b30']]]
True [['Test2', ['0xe1a07434']], ['Test1', ['0xb97a7d24', '0x2fc5bc8d', '0x9ad05b30']]] ['0xb97a7d24', '0x2fc5bc8d', '0x9ad05b30']
libÂ∫ìÂáΩÊï∞ []
Â∫ìÂáΩÊï∞ None
ÂêàÁ∫¶ÂêçÁß∞ Test2
Function _dispatcher
Function _fallback
Function 0xe1a07434
sc_bb 0
Function _dispatcher
Function _fallback
Function 0xe1a07434
timestamp_bb_loc 496
sc_bb_loc,fun_return 0 False
jump_map {131: 154, 252: 257, 267: 277, 294: 299, 425: 430, 440: 450, 467: 472, 495: 496, 507: 509, 516: 517, 576: 586, 587: 588}
Registering detector modules...
Adding filters...
Creating accounts...
user_account 0xa7e979189f497b1a7c0f2973c563a4f3c4754112
Start running...
Making transaction...
arguments[0]: 0xb97a7d24
2022-12-22 21:01:02,101: [4099739] m.e.detectors:[33mWARNING:[0m USING TIMESTAMP
Start handling ready_states
Start handling killed_states
Making transaction...
Start handling ready_states
Start handling killed_states
Making transaction...
Start handling ready_states
Start handling killed_states
Switched global version to 0.4.25
[91m
State Variables: [ goal ]  are written to arbitrary storage location in function: Test1.slitherConstructorVariables() (TD/buggy_38.sol#12-21)
Reference: https://github.com/crytic/slither/wiki/Detector-Documentation#unrestricted-write-state[0m
TD/buggy_38.sol analyzed (2 contracts with 2 detectors), 1 result(s) found
[94mUse https://crytic.io/ to get access to additional detectors and Github integration[0m
[91m
State Variables: [ goal ]  are written to arbitrary storage location in function: Test1.slitherConstructorVariables() (TD/buggy_38.sol#12-21)
Reference: https://github.com/crytic/slither/wiki/Detector-Documentation#unrestricted-write-state[0m
[92m
Test2.bug_time_inter(Test1,uint256) (TD/buggy_38.sol#2-9) uses timestamp for comparisons
	Dangerous comparisons:
	- block.timestamp % 15 == 0 (TD/buggy_38.sol#5)
Reference: https://github.com/crytic/slither/wiki/Detector-Documentation#block-timestamp[0m
TD/buggy_38.sol analyzed (2 contracts with 2 detectors), 2 result(s) found
[94mUse https://crytic.io/ to get access to additional detectors and Github integration[0m
TD/buggy_38.sol
0.4.25
TD/buggy_38.sol
False None NO_1 0x0 False False False
TD/buggy_38.sol
True Test2 bug_time_inter(Test1,uint256) 0x48de4e False True False
Contract name: Test2
Creating EVM object...
lib_con_func [['Test2', ['0xe1a07434']], ['Test1', ['0xb97a7d24', '0x2fc5bc8d', '0x9ad05b30']]]
True [['Test2', ['0xe1a07434']], ['Test1', ['0xb97a7d24', '0x2fc5bc8d', '0x9ad05b30']]] ['0xb97a7d24', '0x2fc5bc8d', '0x9ad05b30']
libÂ∫ìÂáΩÊï∞ []
Â∫ìÂáΩÊï∞ None
ÂêàÁ∫¶ÂêçÁß∞ Test2
Function _dispatcher
Function _fallback
Function 0xe1a07434
sc_bb 0
Function _dispatcher
Function _fallback
Function 0xe1a07434
timestamp_bb_loc 497
sc_bb_loc,fun_return 0 False
jump_map {131: 154, 252: 257, 267: 277, 294: 299, 426: 431, 441: 451, 468: 473, 496: 497, 508: 510, 517: 518, 577: 587, 588: 589}
Registering detector modules...
Adding filters...
Creating accounts...
user_account 0x6d83c794276df102a49db01e452c6afab5832efa
Start running...
Making transaction...
arguments[0]: 0xb97a7d24
2022-12-22 21:01:09,947: [4101280] m.e.detectors:[33mWARNING:[0m USING TIMESTAMP
Start handling ready_states
Start handling killed_states
Making transaction...
Start handling ready_states
Start handling killed_states
Making transaction...
Start handling ready_states
Start handling killed_states
Switched global version to 0.4.25
[91m
State Variables: [ goal ]  are written to arbitrary storage location in function: Test1.slitherConstructorVariables() (TD/buggy_39.sol#12-21)
Reference: https://github.com/crytic/slither/wiki/Detector-Documentation#unrestricted-write-state[0m
TD/buggy_39.sol analyzed (2 contracts with 2 detectors), 1 result(s) found
[94mUse https://crytic.io/ to get access to additional detectors and Github integration[0m
[91m
State Variables: [ goal ]  are written to arbitrary storage location in function: Test1.slitherConstructorVariables() (TD/buggy_39.sol#12-21)
Reference: https://github.com/crytic/slither/wiki/Detector-Documentation#unrestricted-write-state[0m
[92m
Test2.bug_time_inter(Test1,uint256) (TD/buggy_39.sol#2-9) uses timestamp for comparisons
	Dangerous comparisons:
	- block.timestamp % b == 0 (TD/buggy_39.sol#5)
Reference: https://github.com/crytic/slither/wiki/Detector-Documentation#block-timestamp[0m
TD/buggy_39.sol analyzed (2 contracts with 2 detectors), 2 result(s) found
[94mUse https://crytic.io/ to get access to additional detectors and Github integration[0m
TD/buggy_39.sol
0.4.25
TD/buggy_39.sol
False None NO_1 0x0 False False False
TD/buggy_39.sol
True Test2 bug_time_inter(Test1,uint256) 0x48de4e False True False
Contract name: Test2
Creating EVM object...
lib_con_func [['Test2', ['0xe1a07434']], ['Test1', ['0xb97a7d24', '0x2fc5bc8d', '0x9ad05b30']]]
True [['Test2', ['0xe1a07434']], ['Test1', ['0xb97a7d24', '0x2fc5bc8d', '0x9ad05b30']]] ['0xb97a7d24', '0x2fc5bc8d', '0x9ad05b30']
libÂ∫ìÂáΩÊï∞ []
Â∫ìÂáΩÊï∞ None
ÂêàÁ∫¶ÂêçÁß∞ Test2
Function _dispatcher
Function _fallback
Function 0xe1a07434
sc_bb 0
Function _dispatcher
Function _fallback
Function 0xe1a07434
timestamp_bb_loc 496
sc_bb_loc,fun_return 0 False
jump_map {131: 154, 252: 257, 267: 277, 294: 299, 425: 430, 440: 450, 467: 472, 495: 496, 506: 508, 515: 516, 575: 585, 586: 587}
Registering detector modules...
Adding filters...
Creating accounts...
user_account 0x14906fc19808d59ca1ae2429ef1d6691242a7138
Start running...
Making transaction...
arguments[0]: 0xb97a7d24
2022-12-22 21:01:17,121: [4102760] m.e.detectors:[33mWARNING:[0m USING TIMESTAMP
Start handling ready_states
Start handling killed_states
Making transaction...
Start handling ready_states
Start handling killed_states
Making transaction...
Start handling ready_states
Start handling killed_states
Switched global version to 0.4.25
[91m
State Variables: [ goal ]  are written to arbitrary storage location in function: Test1.slitherConstructorVariables() (TD/buggy_3.sol#12-18)
Reference: https://github.com/crytic/slither/wiki/Detector-Documentation#unrestricted-write-state[0m
TD/buggy_3.sol analyzed (2 contracts with 2 detectors), 1 result(s) found
[94mUse https://crytic.io/ to get access to additional detectors and Github integration[0m
[91m
State Variables: [ goal ]  are written to arbitrary storage location in function: Test1.slitherConstructorVariables() (TD/buggy_3.sol#12-18)
Reference: https://github.com/crytic/slither/wiki/Detector-Documentation#unrestricted-write-state[0m
[92m
Test2.bug_time_inter(Test1,uint256) (TD/buggy_3.sol#2-9) uses timestamp for comparisons
	Dangerous comparisons:
	- now % 15 == 0 (TD/buggy_3.sol#5)
Reference: https://github.com/crytic/slither/wiki/Detector-Documentation#block-timestamp[0m
TD/buggy_3.sol analyzed (2 contracts with 2 detectors), 2 result(s) found
[94mUse https://crytic.io/ to get access to additional detectors and Github integration[0m
TD/buggy_3.sol
0.4.25
TD/buggy_3.sol
False None NO_1 0x0 False False False
TD/buggy_3.sol
True Test2 bug_time_inter(Test1,uint256) 0x48de4e False True False
Contract name: Test2
Creating EVM object...
lib_con_func [['Test2', ['0xe1a07434']], ['Test1', ['0xb97a7d24', '0x9ad05b30']]]
True [['Test2', ['0xe1a07434']], ['Test1', ['0xb97a7d24', '0x9ad05b30']]] ['0xb97a7d24', '0x9ad05b30']
libÂ∫ìÂáΩÊï∞ []
Â∫ìÂáΩÊï∞ None
ÂêàÁ∫¶ÂêçÁß∞ Test2
Function _dispatcher
Function _fallback
Function 0xe1a07434
sc_bb 0
Function _dispatcher
Function _fallback
Function 0xe1a07434
timestamp_bb_loc 329
sc_bb_loc,fun_return 0 False
jump_map {131: 154, 252: 257, 267: 277, 294: 299, 328: 329, 340: 342, 349: 350, 409: 419, 420: 421}
Registering detector modules...
Adding filters...
Creating accounts...
user_account 0xe90f9ec6d20724c8f269705754334f8f89b9de72
Start running...
Making transaction...
arguments[0]: 0xb97a7d24
2022-12-22 21:01:23,414: [4104168] m.e.detectors:[33mWARNING:[0m USING TIMESTAMP
Start handling ready_states
Start handling killed_states
Making transaction...
Start handling ready_states
Start handling killed_states
Making transaction...
Start handling ready_states
Start handling killed_states
Switched global version to 0.4.25
[91m
State Variables: [ goal ]  are written to arbitrary storage location in function: Test1.slitherConstructorVariables() (TD/buggy_40.sol#12-21)
Reference: https://github.com/crytic/slither/wiki/Detector-Documentation#unrestricted-write-state[0m
TD/buggy_40.sol analyzed (2 contracts with 2 detectors), 1 result(s) found
[94mUse https://crytic.io/ to get access to additional detectors and Github integration[0m
[91m
State Variables: [ goal ]  are written to arbitrary storage location in function: Test1.slitherConstructorVariables() (TD/buggy_40.sol#12-21)
Reference: https://github.com/crytic/slither/wiki/Detector-Documentation#unrestricted-write-state[0m
[92m
Test2.bug_time_inter(Test1,uint256) (TD/buggy_40.sol#2-9) uses timestamp for comparisons
	Dangerous comparisons:
	- block.timestamp % b == 0 (TD/buggy_40.sol#5)
Reference: https://github.com/crytic/slither/wiki/Detector-Documentation#block-timestamp[0m
TD/buggy_40.sol analyzed (2 contracts with 2 detectors), 2 result(s) found
[94mUse https://crytic.io/ to get access to additional detectors and Github integration[0m
TD/buggy_40.sol
0.4.25
TD/buggy_40.sol
False None NO_1 0x0 False False False
TD/buggy_40.sol
True Test2 bug_time_inter(Test1,uint256) 0x48de4e False True False
Contract name: Test2
Creating EVM object...
lib_con_func [['Test2', ['0xe1a07434']], ['Test1', ['0xb97a7d24', '0x2fc5bc8d', '0x9ad05b30']]]
True [['Test2', ['0xe1a07434']], ['Test1', ['0xb97a7d24', '0x2fc5bc8d', '0x9ad05b30']]] ['0xb97a7d24', '0x2fc5bc8d', '0x9ad05b30']
libÂ∫ìÂáΩÊï∞ []
Â∫ìÂáΩÊï∞ None
ÂêàÁ∫¶ÂêçÁß∞ Test2
Function _dispatcher
Function _fallback
Function 0xe1a07434
sc_bb 0
Function _dispatcher
Function _fallback
Function 0xe1a07434
timestamp_bb_loc 497
sc_bb_loc,fun_return 0 False
jump_map {131: 154, 252: 257, 267: 277, 294: 299, 426: 431, 441: 451, 468: 473, 496: 497, 507: 509, 516: 517, 576: 586, 587: 588}
Registering detector modules...
Adding filters...
Creating accounts...
user_account 0x15daa6184581ad98905244e745840a9d154b90e9
Start running...
Making transaction...
arguments[0]: 0xb97a7d24
2022-12-22 21:01:30,439: [4105746] m.e.detectors:[33mWARNING:[0m USING TIMESTAMP
Start handling ready_states
Start handling killed_states
Making transaction...
Start handling ready_states
Start handling killed_states
Making transaction...
Start handling ready_states
Start handling killed_states
Switched global version to 0.4.25
Traceback (most recent call last):
  File "/home/wangzexu/wangzexu/.virtualenvs/py38/lib/python3.8/site-packages/crytic_compile/platform/solc.py", line 409, in _run_solc
    ret = json.loads(stdout)
  File "/usr/lib/python3.8/json/__init__.py", line 357, in loads
    return _default_decoder.decode(s)
  File "/usr/lib/python3.8/json/decoder.py", line 337, in decode
    obj, end = self.raw_decode(s, idx=_w(s, 0).end())
  File "/usr/lib/python3.8/json/decoder.py", line 355, in raw_decode
    raise JSONDecodeError("Expecting value", s, err.value) from None
json.decoder.JSONDecodeError: Expecting value: line 1 column 1 (char 0)

During handling of the above exception, another exception occurred:

Traceback (most recent call last):
  File "/home/wangzexu/slither-0.7.1/slither/__main__.py", line 721, in main_impl
    ) = process_all(filename, args, detector_classes, printer_classes)
  File "/home/wangzexu/slither-0.7.1/slither/__main__.py", line 71, in process_all
    compilations = compile_all(target, **vars(args))
  File "/home/wangzexu/wangzexu/.virtualenvs/py38/lib/python3.8/site-packages/crytic_compile/crytic_compile.py", line 1076, in compile_all
    compilations.append(CryticCompile(target, **kwargs))
  File "/home/wangzexu/wangzexu/.virtualenvs/py38/lib/python3.8/site-packages/crytic_compile/crytic_compile.py", line 137, in __init__
    self._compile(**kwargs)
  File "/home/wangzexu/wangzexu/.virtualenvs/py38/lib/python3.8/site-packages/crytic_compile/crytic_compile.py", line 987, in _compile
    self._platform.compile(self, **kwargs)
  File "/home/wangzexu/wangzexu/.virtualenvs/py38/lib/python3.8/site-packages/crytic_compile/platform/solc.py", line 108, in compile
    targets_json = _get_targets_json(crytic_compile, self._target, **kwargs)
  File "/home/wangzexu/wangzexu/.virtualenvs/py38/lib/python3.8/site-packages/crytic_compile/platform/solc.py", line 209, in _get_targets_json
    return _run_solc(
  File "/home/wangzexu/wangzexu/.virtualenvs/py38/lib/python3.8/site-packages/crytic_compile/platform/solc.py", line 413, in _run_solc
    raise InvalidCompilation(f"Invalid solc compilation {stderr}")
crytic_compile.platform.exceptions.InvalidCompilation: Invalid solc compilation TD/buggy_41.sol:1:1: Warning: Source file does not specify required compiler version!Consider adding "pragma solidity ^0.4.25;"
contract Test2{
^ (Relevant source part starts here and spans across multiple lines).
TD/buggy_41.sol:4:18: Error: Member "getGoal" not found or not visible after argument-dependent lookup in address
    uint goal_ = t1.getGoal();
                 ^--------^

None
Error in TD/buggy_41.sol
Traceback (most recent call last):
  File "/home/wangzexu/wangzexu/.virtualenvs/py38/lib/python3.8/site-packages/crytic_compile/platform/solc.py", line 409, in _run_solc
    ret = json.loads(stdout)
  File "/usr/lib/python3.8/json/__init__.py", line 357, in loads
    return _default_decoder.decode(s)
  File "/usr/lib/python3.8/json/decoder.py", line 337, in decode
    obj, end = self.raw_decode(s, idx=_w(s, 0).end())
  File "/usr/lib/python3.8/json/decoder.py", line 355, in raw_decode
    raise JSONDecodeError("Expecting value", s, err.value) from None
json.decoder.JSONDecodeError: Expecting value: line 1 column 1 (char 0)

During handling of the above exception, another exception occurred:

Traceback (most recent call last):
  File "/home/wangzexu/slither-0.7.1/slither/__main__.py", line 721, in main_impl
    ) = process_all(filename, args, detector_classes, printer_classes)
  File "/home/wangzexu/slither-0.7.1/slither/__main__.py", line 71, in process_all
    compilations = compile_all(target, **vars(args))
  File "/home/wangzexu/wangzexu/.virtualenvs/py38/lib/python3.8/site-packages/crytic_compile/crytic_compile.py", line 1076, in compile_all
    compilations.append(CryticCompile(target, **kwargs))
  File "/home/wangzexu/wangzexu/.virtualenvs/py38/lib/python3.8/site-packages/crytic_compile/crytic_compile.py", line 137, in __init__
    self._compile(**kwargs)
  File "/home/wangzexu/wangzexu/.virtualenvs/py38/lib/python3.8/site-packages/crytic_compile/crytic_compile.py", line 987, in _compile
    self._platform.compile(self, **kwargs)
  File "/home/wangzexu/wangzexu/.virtualenvs/py38/lib/python3.8/site-packages/crytic_compile/platform/solc.py", line 108, in compile
    targets_json = _get_targets_json(crytic_compile, self._target, **kwargs)
  File "/home/wangzexu/wangzexu/.virtualenvs/py38/lib/python3.8/site-packages/crytic_compile/platform/solc.py", line 209, in _get_targets_json
    return _run_solc(
  File "/home/wangzexu/wangzexu/.virtualenvs/py38/lib/python3.8/site-packages/crytic_compile/platform/solc.py", line 413, in _run_solc
    raise InvalidCompilation(f"Invalid solc compilation {stderr}")
crytic_compile.platform.exceptions.InvalidCompilation: Invalid solc compilation TD/buggy_41.sol:1:1: Warning: Source file does not specify required compiler version!Consider adding "pragma solidity ^0.4.25;"
contract Test2{
^ (Relevant source part starts here and spans across multiple lines).
TD/buggy_41.sol:4:18: Error: Member "getGoal" not found or not visible after argument-dependent lookup in address
    uint goal_ = t1.getGoal();
                 ^--------^


Traceback (most recent call last):
  File "/home/wangzexu/wangzexu/.virtualenvs/py38/lib/python3.8/site-packages/crytic_compile/platform/solc.py", line 409, in _run_solc
    ret = json.loads(stdout)
  File "/usr/lib/python3.8/json/__init__.py", line 357, in loads
    return _default_decoder.decode(s)
  File "/usr/lib/python3.8/json/decoder.py", line 337, in decode
    obj, end = self.raw_decode(s, idx=_w(s, 0).end())
  File "/usr/lib/python3.8/json/decoder.py", line 355, in raw_decode
    raise JSONDecodeError("Expecting value", s, err.value) from None
json.decoder.JSONDecodeError: Expecting value: line 1 column 1 (char 0)

During handling of the above exception, another exception occurred:

Traceback (most recent call last):
  File "/home/wangzexu/slither-0.7.1/slither/__main__.py", line 721, in main_impl
    ) = process_all(filename, args, detector_classes, printer_classes)
  File "/home/wangzexu/slither-0.7.1/slither/__main__.py", line 71, in process_all
    compilations = compile_all(target, **vars(args))
  File "/home/wangzexu/wangzexu/.virtualenvs/py38/lib/python3.8/site-packages/crytic_compile/crytic_compile.py", line 1076, in compile_all
    compilations.append(CryticCompile(target, **kwargs))
  File "/home/wangzexu/wangzexu/.virtualenvs/py38/lib/python3.8/site-packages/crytic_compile/crytic_compile.py", line 137, in __init__
    self._compile(**kwargs)
  File "/home/wangzexu/wangzexu/.virtualenvs/py38/lib/python3.8/site-packages/crytic_compile/crytic_compile.py", line 987, in _compile
    self._platform.compile(self, **kwargs)
  File "/home/wangzexu/wangzexu/.virtualenvs/py38/lib/python3.8/site-packages/crytic_compile/platform/solc.py", line 108, in compile
    targets_json = _get_targets_json(crytic_compile, self._target, **kwargs)
  File "/home/wangzexu/wangzexu/.virtualenvs/py38/lib/python3.8/site-packages/crytic_compile/platform/solc.py", line 209, in _get_targets_json
    return _run_solc(
  File "/home/wangzexu/wangzexu/.virtualenvs/py38/lib/python3.8/site-packages/crytic_compile/platform/solc.py", line 413, in _run_solc
    raise InvalidCompilation(f"Invalid solc compilation {stderr}")
crytic_compile.platform.exceptions.InvalidCompilation: Invalid solc compilation TD/buggy_41.sol:1:1: Warning: Source file does not specify required compiler version!Consider adding "pragma solidity ^0.4.25;"
contract Test2{
^ (Relevant source part starts here and spans across multiple lines).
TD/buggy_41.sol:4:18: Error: Member "getGoal" not found or not visible after argument-dependent lookup in address
    uint goal_ = t1.getGoal();
                 ^--------^

None
Error in TD/buggy_41.sol
Traceback (most recent call last):
  File "/home/wangzexu/wangzexu/.virtualenvs/py38/lib/python3.8/site-packages/crytic_compile/platform/solc.py", line 409, in _run_solc
    ret = json.loads(stdout)
  File "/usr/lib/python3.8/json/__init__.py", line 357, in loads
    return _default_decoder.decode(s)
  File "/usr/lib/python3.8/json/decoder.py", line 337, in decode
    obj, end = self.raw_decode(s, idx=_w(s, 0).end())
  File "/usr/lib/python3.8/json/decoder.py", line 355, in raw_decode
    raise JSONDecodeError("Expecting value", s, err.value) from None
json.decoder.JSONDecodeError: Expecting value: line 1 column 1 (char 0)

During handling of the above exception, another exception occurred:

Traceback (most recent call last):
  File "/home/wangzexu/slither-0.7.1/slither/__main__.py", line 721, in main_impl
    ) = process_all(filename, args, detector_classes, printer_classes)
  File "/home/wangzexu/slither-0.7.1/slither/__main__.py", line 71, in process_all
    compilations = compile_all(target, **vars(args))
  File "/home/wangzexu/wangzexu/.virtualenvs/py38/lib/python3.8/site-packages/crytic_compile/crytic_compile.py", line 1076, in compile_all
    compilations.append(CryticCompile(target, **kwargs))
  File "/home/wangzexu/wangzexu/.virtualenvs/py38/lib/python3.8/site-packages/crytic_compile/crytic_compile.py", line 137, in __init__
    self._compile(**kwargs)
  File "/home/wangzexu/wangzexu/.virtualenvs/py38/lib/python3.8/site-packages/crytic_compile/crytic_compile.py", line 987, in _compile
    self._platform.compile(self, **kwargs)
  File "/home/wangzexu/wangzexu/.virtualenvs/py38/lib/python3.8/site-packages/crytic_compile/platform/solc.py", line 108, in compile
    targets_json = _get_targets_json(crytic_compile, self._target, **kwargs)
  File "/home/wangzexu/wangzexu/.virtualenvs/py38/lib/python3.8/site-packages/crytic_compile/platform/solc.py", line 209, in _get_targets_json
    return _run_solc(
  File "/home/wangzexu/wangzexu/.virtualenvs/py38/lib/python3.8/site-packages/crytic_compile/platform/solc.py", line 413, in _run_solc
    raise InvalidCompilation(f"Invalid solc compilation {stderr}")
crytic_compile.platform.exceptions.InvalidCompilation: Invalid solc compilation TD/buggy_41.sol:1:1: Warning: Source file does not specify required compiler version!Consider adding "pragma solidity ^0.4.25;"
contract Test2{
^ (Relevant source part starts here and spans across multiple lines).
TD/buggy_41.sol:4:18: Error: Member "getGoal" not found or not visible after argument-dependent lookup in address
    uint goal_ = t1.getGoal();
                 ^--------^


TD/buggy_41.sol
0.4.25
TD/buggy_41.sol
False None compile error! 0x0 False False False
TD/buggy_41.sol
False None compile error! 0x0 False False False
Switched global version to 0.4.25
Traceback (most recent call last):
  File "/home/wangzexu/wangzexu/.virtualenvs/py38/lib/python3.8/site-packages/crytic_compile/platform/solc.py", line 409, in _run_solc
    ret = json.loads(stdout)
  File "/usr/lib/python3.8/json/__init__.py", line 357, in loads
    return _default_decoder.decode(s)
  File "/usr/lib/python3.8/json/decoder.py", line 337, in decode
    obj, end = self.raw_decode(s, idx=_w(s, 0).end())
  File "/usr/lib/python3.8/json/decoder.py", line 355, in raw_decode
    raise JSONDecodeError("Expecting value", s, err.value) from None
json.decoder.JSONDecodeError: Expecting value: line 1 column 1 (char 0)

During handling of the above exception, another exception occurred:

Traceback (most recent call last):
  File "/home/wangzexu/slither-0.7.1/slither/__main__.py", line 721, in main_impl
    ) = process_all(filename, args, detector_classes, printer_classes)
  File "/home/wangzexu/slither-0.7.1/slither/__main__.py", line 71, in process_all
    compilations = compile_all(target, **vars(args))
  File "/home/wangzexu/wangzexu/.virtualenvs/py38/lib/python3.8/site-packages/crytic_compile/crytic_compile.py", line 1076, in compile_all
    compilations.append(CryticCompile(target, **kwargs))
  File "/home/wangzexu/wangzexu/.virtualenvs/py38/lib/python3.8/site-packages/crytic_compile/crytic_compile.py", line 137, in __init__
    self._compile(**kwargs)
  File "/home/wangzexu/wangzexu/.virtualenvs/py38/lib/python3.8/site-packages/crytic_compile/crytic_compile.py", line 987, in _compile
    self._platform.compile(self, **kwargs)
  File "/home/wangzexu/wangzexu/.virtualenvs/py38/lib/python3.8/site-packages/crytic_compile/platform/solc.py", line 108, in compile
    targets_json = _get_targets_json(crytic_compile, self._target, **kwargs)
  File "/home/wangzexu/wangzexu/.virtualenvs/py38/lib/python3.8/site-packages/crytic_compile/platform/solc.py", line 209, in _get_targets_json
    return _run_solc(
  File "/home/wangzexu/wangzexu/.virtualenvs/py38/lib/python3.8/site-packages/crytic_compile/platform/solc.py", line 413, in _run_solc
    raise InvalidCompilation(f"Invalid solc compilation {stderr}")
crytic_compile.platform.exceptions.InvalidCompilation: Invalid solc compilation TD/buggy_42.sol:1:1: Warning: Source file does not specify required compiler version!Consider adding "pragma solidity ^0.4.25;"
contract Test2{
^ (Relevant source part starts here and spans across multiple lines).
TD/buggy_42.sol:4:18: Error: Member "getGoal" not found or not visible after argument-dependent lookup in address
    uint goal_ = t1.getGoal();
                 ^--------^

None
Error in TD/buggy_42.sol
Traceback (most recent call last):
  File "/home/wangzexu/wangzexu/.virtualenvs/py38/lib/python3.8/site-packages/crytic_compile/platform/solc.py", line 409, in _run_solc
    ret = json.loads(stdout)
  File "/usr/lib/python3.8/json/__init__.py", line 357, in loads
    return _default_decoder.decode(s)
  File "/usr/lib/python3.8/json/decoder.py", line 337, in decode
    obj, end = self.raw_decode(s, idx=_w(s, 0).end())
  File "/usr/lib/python3.8/json/decoder.py", line 355, in raw_decode
    raise JSONDecodeError("Expecting value", s, err.value) from None
json.decoder.JSONDecodeError: Expecting value: line 1 column 1 (char 0)

During handling of the above exception, another exception occurred:

Traceback (most recent call last):
  File "/home/wangzexu/slither-0.7.1/slither/__main__.py", line 721, in main_impl
    ) = process_all(filename, args, detector_classes, printer_classes)
  File "/home/wangzexu/slither-0.7.1/slither/__main__.py", line 71, in process_all
    compilations = compile_all(target, **vars(args))
  File "/home/wangzexu/wangzexu/.virtualenvs/py38/lib/python3.8/site-packages/crytic_compile/crytic_compile.py", line 1076, in compile_all
    compilations.append(CryticCompile(target, **kwargs))
  File "/home/wangzexu/wangzexu/.virtualenvs/py38/lib/python3.8/site-packages/crytic_compile/crytic_compile.py", line 137, in __init__
    self._compile(**kwargs)
  File "/home/wangzexu/wangzexu/.virtualenvs/py38/lib/python3.8/site-packages/crytic_compile/crytic_compile.py", line 987, in _compile
    self._platform.compile(self, **kwargs)
  File "/home/wangzexu/wangzexu/.virtualenvs/py38/lib/python3.8/site-packages/crytic_compile/platform/solc.py", line 108, in compile
    targets_json = _get_targets_json(crytic_compile, self._target, **kwargs)
  File "/home/wangzexu/wangzexu/.virtualenvs/py38/lib/python3.8/site-packages/crytic_compile/platform/solc.py", line 209, in _get_targets_json
    return _run_solc(
  File "/home/wangzexu/wangzexu/.virtualenvs/py38/lib/python3.8/site-packages/crytic_compile/platform/solc.py", line 413, in _run_solc
    raise InvalidCompilation(f"Invalid solc compilation {stderr}")
crytic_compile.platform.exceptions.InvalidCompilation: Invalid solc compilation TD/buggy_42.sol:1:1: Warning: Source file does not specify required compiler version!Consider adding "pragma solidity ^0.4.25;"
contract Test2{
^ (Relevant source part starts here and spans across multiple lines).
TD/buggy_42.sol:4:18: Error: Member "getGoal" not found or not visible after argument-dependent lookup in address
    uint goal_ = t1.getGoal();
                 ^--------^


Traceback (most recent call last):
  File "/home/wangzexu/wangzexu/.virtualenvs/py38/lib/python3.8/site-packages/crytic_compile/platform/solc.py", line 409, in _run_solc
    ret = json.loads(stdout)
  File "/usr/lib/python3.8/json/__init__.py", line 357, in loads
    return _default_decoder.decode(s)
  File "/usr/lib/python3.8/json/decoder.py", line 337, in decode
    obj, end = self.raw_decode(s, idx=_w(s, 0).end())
  File "/usr/lib/python3.8/json/decoder.py", line 355, in raw_decode
    raise JSONDecodeError("Expecting value", s, err.value) from None
json.decoder.JSONDecodeError: Expecting value: line 1 column 1 (char 0)

During handling of the above exception, another exception occurred:

Traceback (most recent call last):
  File "/home/wangzexu/slither-0.7.1/slither/__main__.py", line 721, in main_impl
    ) = process_all(filename, args, detector_classes, printer_classes)
  File "/home/wangzexu/slither-0.7.1/slither/__main__.py", line 71, in process_all
    compilations = compile_all(target, **vars(args))
  File "/home/wangzexu/wangzexu/.virtualenvs/py38/lib/python3.8/site-packages/crytic_compile/crytic_compile.py", line 1076, in compile_all
    compilations.append(CryticCompile(target, **kwargs))
  File "/home/wangzexu/wangzexu/.virtualenvs/py38/lib/python3.8/site-packages/crytic_compile/crytic_compile.py", line 137, in __init__
    self._compile(**kwargs)
  File "/home/wangzexu/wangzexu/.virtualenvs/py38/lib/python3.8/site-packages/crytic_compile/crytic_compile.py", line 987, in _compile
    self._platform.compile(self, **kwargs)
  File "/home/wangzexu/wangzexu/.virtualenvs/py38/lib/python3.8/site-packages/crytic_compile/platform/solc.py", line 108, in compile
    targets_json = _get_targets_json(crytic_compile, self._target, **kwargs)
  File "/home/wangzexu/wangzexu/.virtualenvs/py38/lib/python3.8/site-packages/crytic_compile/platform/solc.py", line 209, in _get_targets_json
    return _run_solc(
  File "/home/wangzexu/wangzexu/.virtualenvs/py38/lib/python3.8/site-packages/crytic_compile/platform/solc.py", line 413, in _run_solc
    raise InvalidCompilation(f"Invalid solc compilation {stderr}")
crytic_compile.platform.exceptions.InvalidCompilation: Invalid solc compilation TD/buggy_42.sol:1:1: Warning: Source file does not specify required compiler version!Consider adding "pragma solidity ^0.4.25;"
contract Test2{
^ (Relevant source part starts here and spans across multiple lines).
TD/buggy_42.sol:4:18: Error: Member "getGoal" not found or not visible after argument-dependent lookup in address
    uint goal_ = t1.getGoal();
                 ^--------^

None
Error in TD/buggy_42.sol
Traceback (most recent call last):
  File "/home/wangzexu/wangzexu/.virtualenvs/py38/lib/python3.8/site-packages/crytic_compile/platform/solc.py", line 409, in _run_solc
    ret = json.loads(stdout)
  File "/usr/lib/python3.8/json/__init__.py", line 357, in loads
    return _default_decoder.decode(s)
  File "/usr/lib/python3.8/json/decoder.py", line 337, in decode
    obj, end = self.raw_decode(s, idx=_w(s, 0).end())
  File "/usr/lib/python3.8/json/decoder.py", line 355, in raw_decode
    raise JSONDecodeError("Expecting value", s, err.value) from None
json.decoder.JSONDecodeError: Expecting value: line 1 column 1 (char 0)

During handling of the above exception, another exception occurred:

Traceback (most recent call last):
  File "/home/wangzexu/slither-0.7.1/slither/__main__.py", line 721, in main_impl
    ) = process_all(filename, args, detector_classes, printer_classes)
  File "/home/wangzexu/slither-0.7.1/slither/__main__.py", line 71, in process_all
    compilations = compile_all(target, **vars(args))
  File "/home/wangzexu/wangzexu/.virtualenvs/py38/lib/python3.8/site-packages/crytic_compile/crytic_compile.py", line 1076, in compile_all
    compilations.append(CryticCompile(target, **kwargs))
  File "/home/wangzexu/wangzexu/.virtualenvs/py38/lib/python3.8/site-packages/crytic_compile/crytic_compile.py", line 137, in __init__
    self._compile(**kwargs)
  File "/home/wangzexu/wangzexu/.virtualenvs/py38/lib/python3.8/site-packages/crytic_compile/crytic_compile.py", line 987, in _compile
    self._platform.compile(self, **kwargs)
  File "/home/wangzexu/wangzexu/.virtualenvs/py38/lib/python3.8/site-packages/crytic_compile/platform/solc.py", line 108, in compile
    targets_json = _get_targets_json(crytic_compile, self._target, **kwargs)
  File "/home/wangzexu/wangzexu/.virtualenvs/py38/lib/python3.8/site-packages/crytic_compile/platform/solc.py", line 209, in _get_targets_json
    return _run_solc(
  File "/home/wangzexu/wangzexu/.virtualenvs/py38/lib/python3.8/site-packages/crytic_compile/platform/solc.py", line 413, in _run_solc
    raise InvalidCompilation(f"Invalid solc compilation {stderr}")
crytic_compile.platform.exceptions.InvalidCompilation: Invalid solc compilation TD/buggy_42.sol:1:1: Warning: Source file does not specify required compiler version!Consider adding "pragma solidity ^0.4.25;"
contract Test2{
^ (Relevant source part starts here and spans across multiple lines).
TD/buggy_42.sol:4:18: Error: Member "getGoal" not found or not visible after argument-dependent lookup in address
    uint goal_ = t1.getGoal();
                 ^--------^


TD/buggy_42.sol
0.4.25
TD/buggy_42.sol
False None compile error! 0x0 False False False
TD/buggy_42.sol
False None compile error! 0x0 False False False
Switched global version to 0.4.25
Traceback (most recent call last):
  File "/home/wangzexu/wangzexu/.virtualenvs/py38/lib/python3.8/site-packages/crytic_compile/platform/solc.py", line 409, in _run_solc
    ret = json.loads(stdout)
  File "/usr/lib/python3.8/json/__init__.py", line 357, in loads
    return _default_decoder.decode(s)
  File "/usr/lib/python3.8/json/decoder.py", line 337, in decode
    obj, end = self.raw_decode(s, idx=_w(s, 0).end())
  File "/usr/lib/python3.8/json/decoder.py", line 355, in raw_decode
    raise JSONDecodeError("Expecting value", s, err.value) from None
json.decoder.JSONDecodeError: Expecting value: line 1 column 1 (char 0)

During handling of the above exception, another exception occurred:

Traceback (most recent call last):
  File "/home/wangzexu/slither-0.7.1/slither/__main__.py", line 721, in main_impl
    ) = process_all(filename, args, detector_classes, printer_classes)
  File "/home/wangzexu/slither-0.7.1/slither/__main__.py", line 71, in process_all
    compilations = compile_all(target, **vars(args))
  File "/home/wangzexu/wangzexu/.virtualenvs/py38/lib/python3.8/site-packages/crytic_compile/crytic_compile.py", line 1076, in compile_all
    compilations.append(CryticCompile(target, **kwargs))
  File "/home/wangzexu/wangzexu/.virtualenvs/py38/lib/python3.8/site-packages/crytic_compile/crytic_compile.py", line 137, in __init__
    self._compile(**kwargs)
  File "/home/wangzexu/wangzexu/.virtualenvs/py38/lib/python3.8/site-packages/crytic_compile/crytic_compile.py", line 987, in _compile
    self._platform.compile(self, **kwargs)
  File "/home/wangzexu/wangzexu/.virtualenvs/py38/lib/python3.8/site-packages/crytic_compile/platform/solc.py", line 108, in compile
    targets_json = _get_targets_json(crytic_compile, self._target, **kwargs)
  File "/home/wangzexu/wangzexu/.virtualenvs/py38/lib/python3.8/site-packages/crytic_compile/platform/solc.py", line 209, in _get_targets_json
    return _run_solc(
  File "/home/wangzexu/wangzexu/.virtualenvs/py38/lib/python3.8/site-packages/crytic_compile/platform/solc.py", line 413, in _run_solc
    raise InvalidCompilation(f"Invalid solc compilation {stderr}")
crytic_compile.platform.exceptions.InvalidCompilation: Invalid solc compilation TD/buggy_43.sol:1:1: Warning: Source file does not specify required compiler version!Consider adding "pragma solidity ^0.4.25;"
contract Test2{
^ (Relevant source part starts here and spans across multiple lines).
TD/buggy_43.sol:4:18: Error: Member "getGoal" not found or not visible after argument-dependent lookup in address
    uint goal_ = t1.getGoal();
                 ^--------^

None
Error in TD/buggy_43.sol
Traceback (most recent call last):
  File "/home/wangzexu/wangzexu/.virtualenvs/py38/lib/python3.8/site-packages/crytic_compile/platform/solc.py", line 409, in _run_solc
    ret = json.loads(stdout)
  File "/usr/lib/python3.8/json/__init__.py", line 357, in loads
    return _default_decoder.decode(s)
  File "/usr/lib/python3.8/json/decoder.py", line 337, in decode
    obj, end = self.raw_decode(s, idx=_w(s, 0).end())
  File "/usr/lib/python3.8/json/decoder.py", line 355, in raw_decode
    raise JSONDecodeError("Expecting value", s, err.value) from None
json.decoder.JSONDecodeError: Expecting value: line 1 column 1 (char 0)

During handling of the above exception, another exception occurred:

Traceback (most recent call last):
  File "/home/wangzexu/slither-0.7.1/slither/__main__.py", line 721, in main_impl
    ) = process_all(filename, args, detector_classes, printer_classes)
  File "/home/wangzexu/slither-0.7.1/slither/__main__.py", line 71, in process_all
    compilations = compile_all(target, **vars(args))
  File "/home/wangzexu/wangzexu/.virtualenvs/py38/lib/python3.8/site-packages/crytic_compile/crytic_compile.py", line 1076, in compile_all
    compilations.append(CryticCompile(target, **kwargs))
  File "/home/wangzexu/wangzexu/.virtualenvs/py38/lib/python3.8/site-packages/crytic_compile/crytic_compile.py", line 137, in __init__
    self._compile(**kwargs)
  File "/home/wangzexu/wangzexu/.virtualenvs/py38/lib/python3.8/site-packages/crytic_compile/crytic_compile.py", line 987, in _compile
    self._platform.compile(self, **kwargs)
  File "/home/wangzexu/wangzexu/.virtualenvs/py38/lib/python3.8/site-packages/crytic_compile/platform/solc.py", line 108, in compile
    targets_json = _get_targets_json(crytic_compile, self._target, **kwargs)
  File "/home/wangzexu/wangzexu/.virtualenvs/py38/lib/python3.8/site-packages/crytic_compile/platform/solc.py", line 209, in _get_targets_json
    return _run_solc(
  File "/home/wangzexu/wangzexu/.virtualenvs/py38/lib/python3.8/site-packages/crytic_compile/platform/solc.py", line 413, in _run_solc
    raise InvalidCompilation(f"Invalid solc compilation {stderr}")
crytic_compile.platform.exceptions.InvalidCompilation: Invalid solc compilation TD/buggy_43.sol:1:1: Warning: Source file does not specify required compiler version!Consider adding "pragma solidity ^0.4.25;"
contract Test2{
^ (Relevant source part starts here and spans across multiple lines).
TD/buggy_43.sol:4:18: Error: Member "getGoal" not found or not visible after argument-dependent lookup in address
    uint goal_ = t1.getGoal();
                 ^--------^


Traceback (most recent call last):
  File "/home/wangzexu/wangzexu/.virtualenvs/py38/lib/python3.8/site-packages/crytic_compile/platform/solc.py", line 409, in _run_solc
    ret = json.loads(stdout)
  File "/usr/lib/python3.8/json/__init__.py", line 357, in loads
    return _default_decoder.decode(s)
  File "/usr/lib/python3.8/json/decoder.py", line 337, in decode
    obj, end = self.raw_decode(s, idx=_w(s, 0).end())
  File "/usr/lib/python3.8/json/decoder.py", line 355, in raw_decode
    raise JSONDecodeError("Expecting value", s, err.value) from None
json.decoder.JSONDecodeError: Expecting value: line 1 column 1 (char 0)

During handling of the above exception, another exception occurred:

Traceback (most recent call last):
  File "/home/wangzexu/slither-0.7.1/slither/__main__.py", line 721, in main_impl
    ) = process_all(filename, args, detector_classes, printer_classes)
  File "/home/wangzexu/slither-0.7.1/slither/__main__.py", line 71, in process_all
    compilations = compile_all(target, **vars(args))
  File "/home/wangzexu/wangzexu/.virtualenvs/py38/lib/python3.8/site-packages/crytic_compile/crytic_compile.py", line 1076, in compile_all
    compilations.append(CryticCompile(target, **kwargs))
  File "/home/wangzexu/wangzexu/.virtualenvs/py38/lib/python3.8/site-packages/crytic_compile/crytic_compile.py", line 137, in __init__
    self._compile(**kwargs)
  File "/home/wangzexu/wangzexu/.virtualenvs/py38/lib/python3.8/site-packages/crytic_compile/crytic_compile.py", line 987, in _compile
    self._platform.compile(self, **kwargs)
  File "/home/wangzexu/wangzexu/.virtualenvs/py38/lib/python3.8/site-packages/crytic_compile/platform/solc.py", line 108, in compile
    targets_json = _get_targets_json(crytic_compile, self._target, **kwargs)
  File "/home/wangzexu/wangzexu/.virtualenvs/py38/lib/python3.8/site-packages/crytic_compile/platform/solc.py", line 209, in _get_targets_json
    return _run_solc(
  File "/home/wangzexu/wangzexu/.virtualenvs/py38/lib/python3.8/site-packages/crytic_compile/platform/solc.py", line 413, in _run_solc
    raise InvalidCompilation(f"Invalid solc compilation {stderr}")
crytic_compile.platform.exceptions.InvalidCompilation: Invalid solc compilation TD/buggy_43.sol:1:1: Warning: Source file does not specify required compiler version!Consider adding "pragma solidity ^0.4.25;"
contract Test2{
^ (Relevant source part starts here and spans across multiple lines).
TD/buggy_43.sol:4:18: Error: Member "getGoal" not found or not visible after argument-dependent lookup in address
    uint goal_ = t1.getGoal();
                 ^--------^

None
Error in TD/buggy_43.sol
Traceback (most recent call last):
  File "/home/wangzexu/wangzexu/.virtualenvs/py38/lib/python3.8/site-packages/crytic_compile/platform/solc.py", line 409, in _run_solc
    ret = json.loads(stdout)
  File "/usr/lib/python3.8/json/__init__.py", line 357, in loads
    return _default_decoder.decode(s)
  File "/usr/lib/python3.8/json/decoder.py", line 337, in decode
    obj, end = self.raw_decode(s, idx=_w(s, 0).end())
  File "/usr/lib/python3.8/json/decoder.py", line 355, in raw_decode
    raise JSONDecodeError("Expecting value", s, err.value) from None
json.decoder.JSONDecodeError: Expecting value: line 1 column 1 (char 0)

During handling of the above exception, another exception occurred:

Traceback (most recent call last):
  File "/home/wangzexu/slither-0.7.1/slither/__main__.py", line 721, in main_impl
    ) = process_all(filename, args, detector_classes, printer_classes)
  File "/home/wangzexu/slither-0.7.1/slither/__main__.py", line 71, in process_all
    compilations = compile_all(target, **vars(args))
  File "/home/wangzexu/wangzexu/.virtualenvs/py38/lib/python3.8/site-packages/crytic_compile/crytic_compile.py", line 1076, in compile_all
    compilations.append(CryticCompile(target, **kwargs))
  File "/home/wangzexu/wangzexu/.virtualenvs/py38/lib/python3.8/site-packages/crytic_compile/crytic_compile.py", line 137, in __init__
    self._compile(**kwargs)
  File "/home/wangzexu/wangzexu/.virtualenvs/py38/lib/python3.8/site-packages/crytic_compile/crytic_compile.py", line 987, in _compile
    self._platform.compile(self, **kwargs)
  File "/home/wangzexu/wangzexu/.virtualenvs/py38/lib/python3.8/site-packages/crytic_compile/platform/solc.py", line 108, in compile
    targets_json = _get_targets_json(crytic_compile, self._target, **kwargs)
  File "/home/wangzexu/wangzexu/.virtualenvs/py38/lib/python3.8/site-packages/crytic_compile/platform/solc.py", line 209, in _get_targets_json
    return _run_solc(
  File "/home/wangzexu/wangzexu/.virtualenvs/py38/lib/python3.8/site-packages/crytic_compile/platform/solc.py", line 413, in _run_solc
    raise InvalidCompilation(f"Invalid solc compilation {stderr}")
crytic_compile.platform.exceptions.InvalidCompilation: Invalid solc compilation TD/buggy_43.sol:1:1: Warning: Source file does not specify required compiler version!Consider adding "pragma solidity ^0.4.25;"
contract Test2{
^ (Relevant source part starts here and spans across multiple lines).
TD/buggy_43.sol:4:18: Error: Member "getGoal" not found or not visible after argument-dependent lookup in address
    uint goal_ = t1.getGoal();
                 ^--------^


TD/buggy_43.sol
0.4.25
TD/buggy_43.sol
False None compile error! 0x0 False False False
TD/buggy_43.sol
False None compile error! 0x0 False False False
Switched global version to 0.4.25
Traceback (most recent call last):
  File "/home/wangzexu/wangzexu/.virtualenvs/py38/lib/python3.8/site-packages/crytic_compile/platform/solc.py", line 409, in _run_solc
    ret = json.loads(stdout)
  File "/usr/lib/python3.8/json/__init__.py", line 357, in loads
    return _default_decoder.decode(s)
  File "/usr/lib/python3.8/json/decoder.py", line 337, in decode
    obj, end = self.raw_decode(s, idx=_w(s, 0).end())
  File "/usr/lib/python3.8/json/decoder.py", line 355, in raw_decode
    raise JSONDecodeError("Expecting value", s, err.value) from None
json.decoder.JSONDecodeError: Expecting value: line 1 column 1 (char 0)

During handling of the above exception, another exception occurred:

Traceback (most recent call last):
  File "/home/wangzexu/slither-0.7.1/slither/__main__.py", line 721, in main_impl
    ) = process_all(filename, args, detector_classes, printer_classes)
  File "/home/wangzexu/slither-0.7.1/slither/__main__.py", line 71, in process_all
    compilations = compile_all(target, **vars(args))
  File "/home/wangzexu/wangzexu/.virtualenvs/py38/lib/python3.8/site-packages/crytic_compile/crytic_compile.py", line 1076, in compile_all
    compilations.append(CryticCompile(target, **kwargs))
  File "/home/wangzexu/wangzexu/.virtualenvs/py38/lib/python3.8/site-packages/crytic_compile/crytic_compile.py", line 137, in __init__
    self._compile(**kwargs)
  File "/home/wangzexu/wangzexu/.virtualenvs/py38/lib/python3.8/site-packages/crytic_compile/crytic_compile.py", line 987, in _compile
    self._platform.compile(self, **kwargs)
  File "/home/wangzexu/wangzexu/.virtualenvs/py38/lib/python3.8/site-packages/crytic_compile/platform/solc.py", line 108, in compile
    targets_json = _get_targets_json(crytic_compile, self._target, **kwargs)
  File "/home/wangzexu/wangzexu/.virtualenvs/py38/lib/python3.8/site-packages/crytic_compile/platform/solc.py", line 209, in _get_targets_json
    return _run_solc(
  File "/home/wangzexu/wangzexu/.virtualenvs/py38/lib/python3.8/site-packages/crytic_compile/platform/solc.py", line 413, in _run_solc
    raise InvalidCompilation(f"Invalid solc compilation {stderr}")
crytic_compile.platform.exceptions.InvalidCompilation: Invalid solc compilation TD/buggy_44.sol:1:1: Warning: Source file does not specify required compiler version!Consider adding "pragma solidity ^0.4.25;"
contract Test2{
^ (Relevant source part starts here and spans across multiple lines).
TD/buggy_44.sol:4:18: Error: Member "getGoal" not found or not visible after argument-dependent lookup in address
    uint goal_ = t1.getGoal();
                 ^--------^

None
Error in TD/buggy_44.sol
Traceback (most recent call last):
  File "/home/wangzexu/wangzexu/.virtualenvs/py38/lib/python3.8/site-packages/crytic_compile/platform/solc.py", line 409, in _run_solc
    ret = json.loads(stdout)
  File "/usr/lib/python3.8/json/__init__.py", line 357, in loads
    return _default_decoder.decode(s)
  File "/usr/lib/python3.8/json/decoder.py", line 337, in decode
    obj, end = self.raw_decode(s, idx=_w(s, 0).end())
  File "/usr/lib/python3.8/json/decoder.py", line 355, in raw_decode
    raise JSONDecodeError("Expecting value", s, err.value) from None
json.decoder.JSONDecodeError: Expecting value: line 1 column 1 (char 0)

During handling of the above exception, another exception occurred:

Traceback (most recent call last):
  File "/home/wangzexu/slither-0.7.1/slither/__main__.py", line 721, in main_impl
    ) = process_all(filename, args, detector_classes, printer_classes)
  File "/home/wangzexu/slither-0.7.1/slither/__main__.py", line 71, in process_all
    compilations = compile_all(target, **vars(args))
  File "/home/wangzexu/wangzexu/.virtualenvs/py38/lib/python3.8/site-packages/crytic_compile/crytic_compile.py", line 1076, in compile_all
    compilations.append(CryticCompile(target, **kwargs))
  File "/home/wangzexu/wangzexu/.virtualenvs/py38/lib/python3.8/site-packages/crytic_compile/crytic_compile.py", line 137, in __init__
    self._compile(**kwargs)
  File "/home/wangzexu/wangzexu/.virtualenvs/py38/lib/python3.8/site-packages/crytic_compile/crytic_compile.py", line 987, in _compile
    self._platform.compile(self, **kwargs)
  File "/home/wangzexu/wangzexu/.virtualenvs/py38/lib/python3.8/site-packages/crytic_compile/platform/solc.py", line 108, in compile
    targets_json = _get_targets_json(crytic_compile, self._target, **kwargs)
  File "/home/wangzexu/wangzexu/.virtualenvs/py38/lib/python3.8/site-packages/crytic_compile/platform/solc.py", line 209, in _get_targets_json
    return _run_solc(
  File "/home/wangzexu/wangzexu/.virtualenvs/py38/lib/python3.8/site-packages/crytic_compile/platform/solc.py", line 413, in _run_solc
    raise InvalidCompilation(f"Invalid solc compilation {stderr}")
crytic_compile.platform.exceptions.InvalidCompilation: Invalid solc compilation TD/buggy_44.sol:1:1: Warning: Source file does not specify required compiler version!Consider adding "pragma solidity ^0.4.25;"
contract Test2{
^ (Relevant source part starts here and spans across multiple lines).
TD/buggy_44.sol:4:18: Error: Member "getGoal" not found or not visible after argument-dependent lookup in address
    uint goal_ = t1.getGoal();
                 ^--------^


Traceback (most recent call last):
  File "/home/wangzexu/wangzexu/.virtualenvs/py38/lib/python3.8/site-packages/crytic_compile/platform/solc.py", line 409, in _run_solc
    ret = json.loads(stdout)
  File "/usr/lib/python3.8/json/__init__.py", line 357, in loads
    return _default_decoder.decode(s)
  File "/usr/lib/python3.8/json/decoder.py", line 337, in decode
    obj, end = self.raw_decode(s, idx=_w(s, 0).end())
  File "/usr/lib/python3.8/json/decoder.py", line 355, in raw_decode
    raise JSONDecodeError("Expecting value", s, err.value) from None
json.decoder.JSONDecodeError: Expecting value: line 1 column 1 (char 0)

During handling of the above exception, another exception occurred:

Traceback (most recent call last):
  File "/home/wangzexu/slither-0.7.1/slither/__main__.py", line 721, in main_impl
    ) = process_all(filename, args, detector_classes, printer_classes)
  File "/home/wangzexu/slither-0.7.1/slither/__main__.py", line 71, in process_all
    compilations = compile_all(target, **vars(args))
  File "/home/wangzexu/wangzexu/.virtualenvs/py38/lib/python3.8/site-packages/crytic_compile/crytic_compile.py", line 1076, in compile_all
    compilations.append(CryticCompile(target, **kwargs))
  File "/home/wangzexu/wangzexu/.virtualenvs/py38/lib/python3.8/site-packages/crytic_compile/crytic_compile.py", line 137, in __init__
    self._compile(**kwargs)
  File "/home/wangzexu/wangzexu/.virtualenvs/py38/lib/python3.8/site-packages/crytic_compile/crytic_compile.py", line 987, in _compile
    self._platform.compile(self, **kwargs)
  File "/home/wangzexu/wangzexu/.virtualenvs/py38/lib/python3.8/site-packages/crytic_compile/platform/solc.py", line 108, in compile
    targets_json = _get_targets_json(crytic_compile, self._target, **kwargs)
  File "/home/wangzexu/wangzexu/.virtualenvs/py38/lib/python3.8/site-packages/crytic_compile/platform/solc.py", line 209, in _get_targets_json
    return _run_solc(
  File "/home/wangzexu/wangzexu/.virtualenvs/py38/lib/python3.8/site-packages/crytic_compile/platform/solc.py", line 413, in _run_solc
    raise InvalidCompilation(f"Invalid solc compilation {stderr}")
crytic_compile.platform.exceptions.InvalidCompilation: Invalid solc compilation TD/buggy_44.sol:1:1: Warning: Source file does not specify required compiler version!Consider adding "pragma solidity ^0.4.25;"
contract Test2{
^ (Relevant source part starts here and spans across multiple lines).
TD/buggy_44.sol:4:18: Error: Member "getGoal" not found or not visible after argument-dependent lookup in address
    uint goal_ = t1.getGoal();
                 ^--------^

None
Error in TD/buggy_44.sol
Traceback (most recent call last):
  File "/home/wangzexu/wangzexu/.virtualenvs/py38/lib/python3.8/site-packages/crytic_compile/platform/solc.py", line 409, in _run_solc
    ret = json.loads(stdout)
  File "/usr/lib/python3.8/json/__init__.py", line 357, in loads
    return _default_decoder.decode(s)
  File "/usr/lib/python3.8/json/decoder.py", line 337, in decode
    obj, end = self.raw_decode(s, idx=_w(s, 0).end())
  File "/usr/lib/python3.8/json/decoder.py", line 355, in raw_decode
    raise JSONDecodeError("Expecting value", s, err.value) from None
json.decoder.JSONDecodeError: Expecting value: line 1 column 1 (char 0)

During handling of the above exception, another exception occurred:

Traceback (most recent call last):
  File "/home/wangzexu/slither-0.7.1/slither/__main__.py", line 721, in main_impl
    ) = process_all(filename, args, detector_classes, printer_classes)
  File "/home/wangzexu/slither-0.7.1/slither/__main__.py", line 71, in process_all
    compilations = compile_all(target, **vars(args))
  File "/home/wangzexu/wangzexu/.virtualenvs/py38/lib/python3.8/site-packages/crytic_compile/crytic_compile.py", line 1076, in compile_all
    compilations.append(CryticCompile(target, **kwargs))
  File "/home/wangzexu/wangzexu/.virtualenvs/py38/lib/python3.8/site-packages/crytic_compile/crytic_compile.py", line 137, in __init__
    self._compile(**kwargs)
  File "/home/wangzexu/wangzexu/.virtualenvs/py38/lib/python3.8/site-packages/crytic_compile/crytic_compile.py", line 987, in _compile
    self._platform.compile(self, **kwargs)
  File "/home/wangzexu/wangzexu/.virtualenvs/py38/lib/python3.8/site-packages/crytic_compile/platform/solc.py", line 108, in compile
    targets_json = _get_targets_json(crytic_compile, self._target, **kwargs)
  File "/home/wangzexu/wangzexu/.virtualenvs/py38/lib/python3.8/site-packages/crytic_compile/platform/solc.py", line 209, in _get_targets_json
    return _run_solc(
  File "/home/wangzexu/wangzexu/.virtualenvs/py38/lib/python3.8/site-packages/crytic_compile/platform/solc.py", line 413, in _run_solc
    raise InvalidCompilation(f"Invalid solc compilation {stderr}")
crytic_compile.platform.exceptions.InvalidCompilation: Invalid solc compilation TD/buggy_44.sol:1:1: Warning: Source file does not specify required compiler version!Consider adding "pragma solidity ^0.4.25;"
contract Test2{
^ (Relevant source part starts here and spans across multiple lines).
TD/buggy_44.sol:4:18: Error: Member "getGoal" not found or not visible after argument-dependent lookup in address
    uint goal_ = t1.getGoal();
                 ^--------^


TD/buggy_44.sol
0.4.25
TD/buggy_44.sol
False None compile error! 0x0 False False False
TD/buggy_44.sol
False None compile error! 0x0 False False False
Switched global version to 0.4.25
Traceback (most recent call last):
  File "/home/wangzexu/wangzexu/.virtualenvs/py38/lib/python3.8/site-packages/crytic_compile/platform/solc.py", line 409, in _run_solc
    ret = json.loads(stdout)
  File "/usr/lib/python3.8/json/__init__.py", line 357, in loads
    return _default_decoder.decode(s)
  File "/usr/lib/python3.8/json/decoder.py", line 337, in decode
    obj, end = self.raw_decode(s, idx=_w(s, 0).end())
  File "/usr/lib/python3.8/json/decoder.py", line 355, in raw_decode
    raise JSONDecodeError("Expecting value", s, err.value) from None
json.decoder.JSONDecodeError: Expecting value: line 1 column 1 (char 0)

During handling of the above exception, another exception occurred:

Traceback (most recent call last):
  File "/home/wangzexu/slither-0.7.1/slither/__main__.py", line 721, in main_impl
    ) = process_all(filename, args, detector_classes, printer_classes)
  File "/home/wangzexu/slither-0.7.1/slither/__main__.py", line 71, in process_all
    compilations = compile_all(target, **vars(args))
  File "/home/wangzexu/wangzexu/.virtualenvs/py38/lib/python3.8/site-packages/crytic_compile/crytic_compile.py", line 1076, in compile_all
    compilations.append(CryticCompile(target, **kwargs))
  File "/home/wangzexu/wangzexu/.virtualenvs/py38/lib/python3.8/site-packages/crytic_compile/crytic_compile.py", line 137, in __init__
    self._compile(**kwargs)
  File "/home/wangzexu/wangzexu/.virtualenvs/py38/lib/python3.8/site-packages/crytic_compile/crytic_compile.py", line 987, in _compile
    self._platform.compile(self, **kwargs)
  File "/home/wangzexu/wangzexu/.virtualenvs/py38/lib/python3.8/site-packages/crytic_compile/platform/solc.py", line 108, in compile
    targets_json = _get_targets_json(crytic_compile, self._target, **kwargs)
  File "/home/wangzexu/wangzexu/.virtualenvs/py38/lib/python3.8/site-packages/crytic_compile/platform/solc.py", line 209, in _get_targets_json
    return _run_solc(
  File "/home/wangzexu/wangzexu/.virtualenvs/py38/lib/python3.8/site-packages/crytic_compile/platform/solc.py", line 413, in _run_solc
    raise InvalidCompilation(f"Invalid solc compilation {stderr}")
crytic_compile.platform.exceptions.InvalidCompilation: Invalid solc compilation TD/buggy_45.sol:1:1: Warning: Source file does not specify required compiler version!Consider adding "pragma solidity ^0.4.25;"
contract Test2{
^ (Relevant source part starts here and spans across multiple lines).
TD/buggy_45.sol:4:18: Error: Member "getGoal" not found or not visible after argument-dependent lookup in address
    uint goal_ = t1.getGoal();
                 ^--------^

None
Error in TD/buggy_45.sol
Traceback (most recent call last):
  File "/home/wangzexu/wangzexu/.virtualenvs/py38/lib/python3.8/site-packages/crytic_compile/platform/solc.py", line 409, in _run_solc
    ret = json.loads(stdout)
  File "/usr/lib/python3.8/json/__init__.py", line 357, in loads
    return _default_decoder.decode(s)
  File "/usr/lib/python3.8/json/decoder.py", line 337, in decode
    obj, end = self.raw_decode(s, idx=_w(s, 0).end())
  File "/usr/lib/python3.8/json/decoder.py", line 355, in raw_decode
    raise JSONDecodeError("Expecting value", s, err.value) from None
json.decoder.JSONDecodeError: Expecting value: line 1 column 1 (char 0)

During handling of the above exception, another exception occurred:

Traceback (most recent call last):
  File "/home/wangzexu/slither-0.7.1/slither/__main__.py", line 721, in main_impl
    ) = process_all(filename, args, detector_classes, printer_classes)
  File "/home/wangzexu/slither-0.7.1/slither/__main__.py", line 71, in process_all
    compilations = compile_all(target, **vars(args))
  File "/home/wangzexu/wangzexu/.virtualenvs/py38/lib/python3.8/site-packages/crytic_compile/crytic_compile.py", line 1076, in compile_all
    compilations.append(CryticCompile(target, **kwargs))
  File "/home/wangzexu/wangzexu/.virtualenvs/py38/lib/python3.8/site-packages/crytic_compile/crytic_compile.py", line 137, in __init__
    self._compile(**kwargs)
  File "/home/wangzexu/wangzexu/.virtualenvs/py38/lib/python3.8/site-packages/crytic_compile/crytic_compile.py", line 987, in _compile
    self._platform.compile(self, **kwargs)
  File "/home/wangzexu/wangzexu/.virtualenvs/py38/lib/python3.8/site-packages/crytic_compile/platform/solc.py", line 108, in compile
    targets_json = _get_targets_json(crytic_compile, self._target, **kwargs)
  File "/home/wangzexu/wangzexu/.virtualenvs/py38/lib/python3.8/site-packages/crytic_compile/platform/solc.py", line 209, in _get_targets_json
    return _run_solc(
  File "/home/wangzexu/wangzexu/.virtualenvs/py38/lib/python3.8/site-packages/crytic_compile/platform/solc.py", line 413, in _run_solc
    raise InvalidCompilation(f"Invalid solc compilation {stderr}")
crytic_compile.platform.exceptions.InvalidCompilation: Invalid solc compilation TD/buggy_45.sol:1:1: Warning: Source file does not specify required compiler version!Consider adding "pragma solidity ^0.4.25;"
contract Test2{
^ (Relevant source part starts here and spans across multiple lines).
TD/buggy_45.sol:4:18: Error: Member "getGoal" not found or not visible after argument-dependent lookup in address
    uint goal_ = t1.getGoal();
                 ^--------^


Traceback (most recent call last):
  File "/home/wangzexu/wangzexu/.virtualenvs/py38/lib/python3.8/site-packages/crytic_compile/platform/solc.py", line 409, in _run_solc
    ret = json.loads(stdout)
  File "/usr/lib/python3.8/json/__init__.py", line 357, in loads
    return _default_decoder.decode(s)
  File "/usr/lib/python3.8/json/decoder.py", line 337, in decode
    obj, end = self.raw_decode(s, idx=_w(s, 0).end())
  File "/usr/lib/python3.8/json/decoder.py", line 355, in raw_decode
    raise JSONDecodeError("Expecting value", s, err.value) from None
json.decoder.JSONDecodeError: Expecting value: line 1 column 1 (char 0)

During handling of the above exception, another exception occurred:

Traceback (most recent call last):
  File "/home/wangzexu/slither-0.7.1/slither/__main__.py", line 721, in main_impl
    ) = process_all(filename, args, detector_classes, printer_classes)
  File "/home/wangzexu/slither-0.7.1/slither/__main__.py", line 71, in process_all
    compilations = compile_all(target, **vars(args))
  File "/home/wangzexu/wangzexu/.virtualenvs/py38/lib/python3.8/site-packages/crytic_compile/crytic_compile.py", line 1076, in compile_all
    compilations.append(CryticCompile(target, **kwargs))
  File "/home/wangzexu/wangzexu/.virtualenvs/py38/lib/python3.8/site-packages/crytic_compile/crytic_compile.py", line 137, in __init__
    self._compile(**kwargs)
  File "/home/wangzexu/wangzexu/.virtualenvs/py38/lib/python3.8/site-packages/crytic_compile/crytic_compile.py", line 987, in _compile
    self._platform.compile(self, **kwargs)
  File "/home/wangzexu/wangzexu/.virtualenvs/py38/lib/python3.8/site-packages/crytic_compile/platform/solc.py", line 108, in compile
    targets_json = _get_targets_json(crytic_compile, self._target, **kwargs)
  File "/home/wangzexu/wangzexu/.virtualenvs/py38/lib/python3.8/site-packages/crytic_compile/platform/solc.py", line 209, in _get_targets_json
    return _run_solc(
  File "/home/wangzexu/wangzexu/.virtualenvs/py38/lib/python3.8/site-packages/crytic_compile/platform/solc.py", line 413, in _run_solc
    raise InvalidCompilation(f"Invalid solc compilation {stderr}")
crytic_compile.platform.exceptions.InvalidCompilation: Invalid solc compilation TD/buggy_45.sol:1:1: Warning: Source file does not specify required compiler version!Consider adding "pragma solidity ^0.4.25;"
contract Test2{
^ (Relevant source part starts here and spans across multiple lines).
TD/buggy_45.sol:4:18: Error: Member "getGoal" not found or not visible after argument-dependent lookup in address
    uint goal_ = t1.getGoal();
                 ^--------^

None
Error in TD/buggy_45.sol
Traceback (most recent call last):
  File "/home/wangzexu/wangzexu/.virtualenvs/py38/lib/python3.8/site-packages/crytic_compile/platform/solc.py", line 409, in _run_solc
    ret = json.loads(stdout)
  File "/usr/lib/python3.8/json/__init__.py", line 357, in loads
    return _default_decoder.decode(s)
  File "/usr/lib/python3.8/json/decoder.py", line 337, in decode
    obj, end = self.raw_decode(s, idx=_w(s, 0).end())
  File "/usr/lib/python3.8/json/decoder.py", line 355, in raw_decode
    raise JSONDecodeError("Expecting value", s, err.value) from None
json.decoder.JSONDecodeError: Expecting value: line 1 column 1 (char 0)

During handling of the above exception, another exception occurred:

Traceback (most recent call last):
  File "/home/wangzexu/slither-0.7.1/slither/__main__.py", line 721, in main_impl
    ) = process_all(filename, args, detector_classes, printer_classes)
  File "/home/wangzexu/slither-0.7.1/slither/__main__.py", line 71, in process_all
    compilations = compile_all(target, **vars(args))
  File "/home/wangzexu/wangzexu/.virtualenvs/py38/lib/python3.8/site-packages/crytic_compile/crytic_compile.py", line 1076, in compile_all
    compilations.append(CryticCompile(target, **kwargs))
  File "/home/wangzexu/wangzexu/.virtualenvs/py38/lib/python3.8/site-packages/crytic_compile/crytic_compile.py", line 137, in __init__
    self._compile(**kwargs)
  File "/home/wangzexu/wangzexu/.virtualenvs/py38/lib/python3.8/site-packages/crytic_compile/crytic_compile.py", line 987, in _compile
    self._platform.compile(self, **kwargs)
  File "/home/wangzexu/wangzexu/.virtualenvs/py38/lib/python3.8/site-packages/crytic_compile/platform/solc.py", line 108, in compile
    targets_json = _get_targets_json(crytic_compile, self._target, **kwargs)
  File "/home/wangzexu/wangzexu/.virtualenvs/py38/lib/python3.8/site-packages/crytic_compile/platform/solc.py", line 209, in _get_targets_json
    return _run_solc(
  File "/home/wangzexu/wangzexu/.virtualenvs/py38/lib/python3.8/site-packages/crytic_compile/platform/solc.py", line 413, in _run_solc
    raise InvalidCompilation(f"Invalid solc compilation {stderr}")
crytic_compile.platform.exceptions.InvalidCompilation: Invalid solc compilation TD/buggy_45.sol:1:1: Warning: Source file does not specify required compiler version!Consider adding "pragma solidity ^0.4.25;"
contract Test2{
^ (Relevant source part starts here and spans across multiple lines).
TD/buggy_45.sol:4:18: Error: Member "getGoal" not found or not visible after argument-dependent lookup in address
    uint goal_ = t1.getGoal();
                 ^--------^


TD/buggy_45.sol
0.4.25
TD/buggy_45.sol
False None compile error! 0x0 False False False
TD/buggy_45.sol
False None compile error! 0x0 False False False
Switched global version to 0.4.25
Traceback (most recent call last):
  File "/home/wangzexu/wangzexu/.virtualenvs/py38/lib/python3.8/site-packages/crytic_compile/platform/solc.py", line 409, in _run_solc
    ret = json.loads(stdout)
  File "/usr/lib/python3.8/json/__init__.py", line 357, in loads
    return _default_decoder.decode(s)
  File "/usr/lib/python3.8/json/decoder.py", line 337, in decode
    obj, end = self.raw_decode(s, idx=_w(s, 0).end())
  File "/usr/lib/python3.8/json/decoder.py", line 355, in raw_decode
    raise JSONDecodeError("Expecting value", s, err.value) from None
json.decoder.JSONDecodeError: Expecting value: line 1 column 1 (char 0)

During handling of the above exception, another exception occurred:

Traceback (most recent call last):
  File "/home/wangzexu/slither-0.7.1/slither/__main__.py", line 721, in main_impl
    ) = process_all(filename, args, detector_classes, printer_classes)
  File "/home/wangzexu/slither-0.7.1/slither/__main__.py", line 71, in process_all
    compilations = compile_all(target, **vars(args))
  File "/home/wangzexu/wangzexu/.virtualenvs/py38/lib/python3.8/site-packages/crytic_compile/crytic_compile.py", line 1076, in compile_all
    compilations.append(CryticCompile(target, **kwargs))
  File "/home/wangzexu/wangzexu/.virtualenvs/py38/lib/python3.8/site-packages/crytic_compile/crytic_compile.py", line 137, in __init__
    self._compile(**kwargs)
  File "/home/wangzexu/wangzexu/.virtualenvs/py38/lib/python3.8/site-packages/crytic_compile/crytic_compile.py", line 987, in _compile
    self._platform.compile(self, **kwargs)
  File "/home/wangzexu/wangzexu/.virtualenvs/py38/lib/python3.8/site-packages/crytic_compile/platform/solc.py", line 108, in compile
    targets_json = _get_targets_json(crytic_compile, self._target, **kwargs)
  File "/home/wangzexu/wangzexu/.virtualenvs/py38/lib/python3.8/site-packages/crytic_compile/platform/solc.py", line 209, in _get_targets_json
    return _run_solc(
  File "/home/wangzexu/wangzexu/.virtualenvs/py38/lib/python3.8/site-packages/crytic_compile/platform/solc.py", line 413, in _run_solc
    raise InvalidCompilation(f"Invalid solc compilation {stderr}")
crytic_compile.platform.exceptions.InvalidCompilation: Invalid solc compilation TD/buggy_46.sol:1:1: Warning: Source file does not specify required compiler version!Consider adding "pragma solidity ^0.4.25;"
contract Test2{
^ (Relevant source part starts here and spans across multiple lines).
TD/buggy_46.sol:4:18: Error: Member "getGoal" not found or not visible after argument-dependent lookup in address
    uint goal_ = t1.getGoal();
                 ^--------^

None
Error in TD/buggy_46.sol
Traceback (most recent call last):
  File "/home/wangzexu/wangzexu/.virtualenvs/py38/lib/python3.8/site-packages/crytic_compile/platform/solc.py", line 409, in _run_solc
    ret = json.loads(stdout)
  File "/usr/lib/python3.8/json/__init__.py", line 357, in loads
    return _default_decoder.decode(s)
  File "/usr/lib/python3.8/json/decoder.py", line 337, in decode
    obj, end = self.raw_decode(s, idx=_w(s, 0).end())
  File "/usr/lib/python3.8/json/decoder.py", line 355, in raw_decode
    raise JSONDecodeError("Expecting value", s, err.value) from None
json.decoder.JSONDecodeError: Expecting value: line 1 column 1 (char 0)

During handling of the above exception, another exception occurred:

Traceback (most recent call last):
  File "/home/wangzexu/slither-0.7.1/slither/__main__.py", line 721, in main_impl
    ) = process_all(filename, args, detector_classes, printer_classes)
  File "/home/wangzexu/slither-0.7.1/slither/__main__.py", line 71, in process_all
    compilations = compile_all(target, **vars(args))
  File "/home/wangzexu/wangzexu/.virtualenvs/py38/lib/python3.8/site-packages/crytic_compile/crytic_compile.py", line 1076, in compile_all
    compilations.append(CryticCompile(target, **kwargs))
  File "/home/wangzexu/wangzexu/.virtualenvs/py38/lib/python3.8/site-packages/crytic_compile/crytic_compile.py", line 137, in __init__
    self._compile(**kwargs)
  File "/home/wangzexu/wangzexu/.virtualenvs/py38/lib/python3.8/site-packages/crytic_compile/crytic_compile.py", line 987, in _compile
    self._platform.compile(self, **kwargs)
  File "/home/wangzexu/wangzexu/.virtualenvs/py38/lib/python3.8/site-packages/crytic_compile/platform/solc.py", line 108, in compile
    targets_json = _get_targets_json(crytic_compile, self._target, **kwargs)
  File "/home/wangzexu/wangzexu/.virtualenvs/py38/lib/python3.8/site-packages/crytic_compile/platform/solc.py", line 209, in _get_targets_json
    return _run_solc(
  File "/home/wangzexu/wangzexu/.virtualenvs/py38/lib/python3.8/site-packages/crytic_compile/platform/solc.py", line 413, in _run_solc
    raise InvalidCompilation(f"Invalid solc compilation {stderr}")
crytic_compile.platform.exceptions.InvalidCompilation: Invalid solc compilation TD/buggy_46.sol:1:1: Warning: Source file does not specify required compiler version!Consider adding "pragma solidity ^0.4.25;"
contract Test2{
^ (Relevant source part starts here and spans across multiple lines).
TD/buggy_46.sol:4:18: Error: Member "getGoal" not found or not visible after argument-dependent lookup in address
    uint goal_ = t1.getGoal();
                 ^--------^


Traceback (most recent call last):
  File "/home/wangzexu/wangzexu/.virtualenvs/py38/lib/python3.8/site-packages/crytic_compile/platform/solc.py", line 409, in _run_solc
    ret = json.loads(stdout)
  File "/usr/lib/python3.8/json/__init__.py", line 357, in loads
    return _default_decoder.decode(s)
  File "/usr/lib/python3.8/json/decoder.py", line 337, in decode
    obj, end = self.raw_decode(s, idx=_w(s, 0).end())
  File "/usr/lib/python3.8/json/decoder.py", line 355, in raw_decode
    raise JSONDecodeError("Expecting value", s, err.value) from None
json.decoder.JSONDecodeError: Expecting value: line 1 column 1 (char 0)

During handling of the above exception, another exception occurred:

Traceback (most recent call last):
  File "/home/wangzexu/slither-0.7.1/slither/__main__.py", line 721, in main_impl
    ) = process_all(filename, args, detector_classes, printer_classes)
  File "/home/wangzexu/slither-0.7.1/slither/__main__.py", line 71, in process_all
    compilations = compile_all(target, **vars(args))
  File "/home/wangzexu/wangzexu/.virtualenvs/py38/lib/python3.8/site-packages/crytic_compile/crytic_compile.py", line 1076, in compile_all
    compilations.append(CryticCompile(target, **kwargs))
  File "/home/wangzexu/wangzexu/.virtualenvs/py38/lib/python3.8/site-packages/crytic_compile/crytic_compile.py", line 137, in __init__
    self._compile(**kwargs)
  File "/home/wangzexu/wangzexu/.virtualenvs/py38/lib/python3.8/site-packages/crytic_compile/crytic_compile.py", line 987, in _compile
    self._platform.compile(self, **kwargs)
  File "/home/wangzexu/wangzexu/.virtualenvs/py38/lib/python3.8/site-packages/crytic_compile/platform/solc.py", line 108, in compile
    targets_json = _get_targets_json(crytic_compile, self._target, **kwargs)
  File "/home/wangzexu/wangzexu/.virtualenvs/py38/lib/python3.8/site-packages/crytic_compile/platform/solc.py", line 209, in _get_targets_json
    return _run_solc(
  File "/home/wangzexu/wangzexu/.virtualenvs/py38/lib/python3.8/site-packages/crytic_compile/platform/solc.py", line 413, in _run_solc
    raise InvalidCompilation(f"Invalid solc compilation {stderr}")
crytic_compile.platform.exceptions.InvalidCompilation: Invalid solc compilation TD/buggy_46.sol:1:1: Warning: Source file does not specify required compiler version!Consider adding "pragma solidity ^0.4.25;"
contract Test2{
^ (Relevant source part starts here and spans across multiple lines).
TD/buggy_46.sol:4:18: Error: Member "getGoal" not found or not visible after argument-dependent lookup in address
    uint goal_ = t1.getGoal();
                 ^--------^

None
Error in TD/buggy_46.sol
Traceback (most recent call last):
  File "/home/wangzexu/wangzexu/.virtualenvs/py38/lib/python3.8/site-packages/crytic_compile/platform/solc.py", line 409, in _run_solc
    ret = json.loads(stdout)
  File "/usr/lib/python3.8/json/__init__.py", line 357, in loads
    return _default_decoder.decode(s)
  File "/usr/lib/python3.8/json/decoder.py", line 337, in decode
    obj, end = self.raw_decode(s, idx=_w(s, 0).end())
  File "/usr/lib/python3.8/json/decoder.py", line 355, in raw_decode
    raise JSONDecodeError("Expecting value", s, err.value) from None
json.decoder.JSONDecodeError: Expecting value: line 1 column 1 (char 0)

During handling of the above exception, another exception occurred:

Traceback (most recent call last):
  File "/home/wangzexu/slither-0.7.1/slither/__main__.py", line 721, in main_impl
    ) = process_all(filename, args, detector_classes, printer_classes)
  File "/home/wangzexu/slither-0.7.1/slither/__main__.py", line 71, in process_all
    compilations = compile_all(target, **vars(args))
  File "/home/wangzexu/wangzexu/.virtualenvs/py38/lib/python3.8/site-packages/crytic_compile/crytic_compile.py", line 1076, in compile_all
    compilations.append(CryticCompile(target, **kwargs))
  File "/home/wangzexu/wangzexu/.virtualenvs/py38/lib/python3.8/site-packages/crytic_compile/crytic_compile.py", line 137, in __init__
    self._compile(**kwargs)
  File "/home/wangzexu/wangzexu/.virtualenvs/py38/lib/python3.8/site-packages/crytic_compile/crytic_compile.py", line 987, in _compile
    self._platform.compile(self, **kwargs)
  File "/home/wangzexu/wangzexu/.virtualenvs/py38/lib/python3.8/site-packages/crytic_compile/platform/solc.py", line 108, in compile
    targets_json = _get_targets_json(crytic_compile, self._target, **kwargs)
  File "/home/wangzexu/wangzexu/.virtualenvs/py38/lib/python3.8/site-packages/crytic_compile/platform/solc.py", line 209, in _get_targets_json
    return _run_solc(
  File "/home/wangzexu/wangzexu/.virtualenvs/py38/lib/python3.8/site-packages/crytic_compile/platform/solc.py", line 413, in _run_solc
    raise InvalidCompilation(f"Invalid solc compilation {stderr}")
crytic_compile.platform.exceptions.InvalidCompilation: Invalid solc compilation TD/buggy_46.sol:1:1: Warning: Source file does not specify required compiler version!Consider adding "pragma solidity ^0.4.25;"
contract Test2{
^ (Relevant source part starts here and spans across multiple lines).
TD/buggy_46.sol:4:18: Error: Member "getGoal" not found or not visible after argument-dependent lookup in address
    uint goal_ = t1.getGoal();
                 ^--------^


TD/buggy_46.sol
0.4.25
TD/buggy_46.sol
False None compile error! 0x0 False False False
TD/buggy_46.sol
False None compile error! 0x0 False False False
Switched global version to 0.4.25
Traceback (most recent call last):
  File "/home/wangzexu/wangzexu/.virtualenvs/py38/lib/python3.8/site-packages/crytic_compile/platform/solc.py", line 409, in _run_solc
    ret = json.loads(stdout)
  File "/usr/lib/python3.8/json/__init__.py", line 357, in loads
    return _default_decoder.decode(s)
  File "/usr/lib/python3.8/json/decoder.py", line 337, in decode
    obj, end = self.raw_decode(s, idx=_w(s, 0).end())
  File "/usr/lib/python3.8/json/decoder.py", line 355, in raw_decode
    raise JSONDecodeError("Expecting value", s, err.value) from None
json.decoder.JSONDecodeError: Expecting value: line 1 column 1 (char 0)

During handling of the above exception, another exception occurred:

Traceback (most recent call last):
  File "/home/wangzexu/slither-0.7.1/slither/__main__.py", line 721, in main_impl
    ) = process_all(filename, args, detector_classes, printer_classes)
  File "/home/wangzexu/slither-0.7.1/slither/__main__.py", line 71, in process_all
    compilations = compile_all(target, **vars(args))
  File "/home/wangzexu/wangzexu/.virtualenvs/py38/lib/python3.8/site-packages/crytic_compile/crytic_compile.py", line 1076, in compile_all
    compilations.append(CryticCompile(target, **kwargs))
  File "/home/wangzexu/wangzexu/.virtualenvs/py38/lib/python3.8/site-packages/crytic_compile/crytic_compile.py", line 137, in __init__
    self._compile(**kwargs)
  File "/home/wangzexu/wangzexu/.virtualenvs/py38/lib/python3.8/site-packages/crytic_compile/crytic_compile.py", line 987, in _compile
    self._platform.compile(self, **kwargs)
  File "/home/wangzexu/wangzexu/.virtualenvs/py38/lib/python3.8/site-packages/crytic_compile/platform/solc.py", line 108, in compile
    targets_json = _get_targets_json(crytic_compile, self._target, **kwargs)
  File "/home/wangzexu/wangzexu/.virtualenvs/py38/lib/python3.8/site-packages/crytic_compile/platform/solc.py", line 209, in _get_targets_json
    return _run_solc(
  File "/home/wangzexu/wangzexu/.virtualenvs/py38/lib/python3.8/site-packages/crytic_compile/platform/solc.py", line 413, in _run_solc
    raise InvalidCompilation(f"Invalid solc compilation {stderr}")
crytic_compile.platform.exceptions.InvalidCompilation: Invalid solc compilation TD/buggy_47.sol:1:1: Warning: Source file does not specify required compiler version!Consider adding "pragma solidity ^0.4.25;"
contract Test2{
^ (Relevant source part starts here and spans across multiple lines).
TD/buggy_47.sol:4:18: Error: Member "getGoal" not found or not visible after argument-dependent lookup in address
    uint goal_ = t1.getGoal();
                 ^--------^

None
Error in TD/buggy_47.sol
Traceback (most recent call last):
  File "/home/wangzexu/wangzexu/.virtualenvs/py38/lib/python3.8/site-packages/crytic_compile/platform/solc.py", line 409, in _run_solc
    ret = json.loads(stdout)
  File "/usr/lib/python3.8/json/__init__.py", line 357, in loads
    return _default_decoder.decode(s)
  File "/usr/lib/python3.8/json/decoder.py", line 337, in decode
    obj, end = self.raw_decode(s, idx=_w(s, 0).end())
  File "/usr/lib/python3.8/json/decoder.py", line 355, in raw_decode
    raise JSONDecodeError("Expecting value", s, err.value) from None
json.decoder.JSONDecodeError: Expecting value: line 1 column 1 (char 0)

During handling of the above exception, another exception occurred:

Traceback (most recent call last):
  File "/home/wangzexu/slither-0.7.1/slither/__main__.py", line 721, in main_impl
    ) = process_all(filename, args, detector_classes, printer_classes)
  File "/home/wangzexu/slither-0.7.1/slither/__main__.py", line 71, in process_all
    compilations = compile_all(target, **vars(args))
  File "/home/wangzexu/wangzexu/.virtualenvs/py38/lib/python3.8/site-packages/crytic_compile/crytic_compile.py", line 1076, in compile_all
    compilations.append(CryticCompile(target, **kwargs))
  File "/home/wangzexu/wangzexu/.virtualenvs/py38/lib/python3.8/site-packages/crytic_compile/crytic_compile.py", line 137, in __init__
    self._compile(**kwargs)
  File "/home/wangzexu/wangzexu/.virtualenvs/py38/lib/python3.8/site-packages/crytic_compile/crytic_compile.py", line 987, in _compile
    self._platform.compile(self, **kwargs)
  File "/home/wangzexu/wangzexu/.virtualenvs/py38/lib/python3.8/site-packages/crytic_compile/platform/solc.py", line 108, in compile
    targets_json = _get_targets_json(crytic_compile, self._target, **kwargs)
  File "/home/wangzexu/wangzexu/.virtualenvs/py38/lib/python3.8/site-packages/crytic_compile/platform/solc.py", line 209, in _get_targets_json
    return _run_solc(
  File "/home/wangzexu/wangzexu/.virtualenvs/py38/lib/python3.8/site-packages/crytic_compile/platform/solc.py", line 413, in _run_solc
    raise InvalidCompilation(f"Invalid solc compilation {stderr}")
crytic_compile.platform.exceptions.InvalidCompilation: Invalid solc compilation TD/buggy_47.sol:1:1: Warning: Source file does not specify required compiler version!Consider adding "pragma solidity ^0.4.25;"
contract Test2{
^ (Relevant source part starts here and spans across multiple lines).
TD/buggy_47.sol:4:18: Error: Member "getGoal" not found or not visible after argument-dependent lookup in address
    uint goal_ = t1.getGoal();
                 ^--------^


Traceback (most recent call last):
  File "/home/wangzexu/wangzexu/.virtualenvs/py38/lib/python3.8/site-packages/crytic_compile/platform/solc.py", line 409, in _run_solc
    ret = json.loads(stdout)
  File "/usr/lib/python3.8/json/__init__.py", line 357, in loads
    return _default_decoder.decode(s)
  File "/usr/lib/python3.8/json/decoder.py", line 337, in decode
    obj, end = self.raw_decode(s, idx=_w(s, 0).end())
  File "/usr/lib/python3.8/json/decoder.py", line 355, in raw_decode
    raise JSONDecodeError("Expecting value", s, err.value) from None
json.decoder.JSONDecodeError: Expecting value: line 1 column 1 (char 0)

During handling of the above exception, another exception occurred:

Traceback (most recent call last):
  File "/home/wangzexu/slither-0.7.1/slither/__main__.py", line 721, in main_impl
    ) = process_all(filename, args, detector_classes, printer_classes)
  File "/home/wangzexu/slither-0.7.1/slither/__main__.py", line 71, in process_all
    compilations = compile_all(target, **vars(args))
  File "/home/wangzexu/wangzexu/.virtualenvs/py38/lib/python3.8/site-packages/crytic_compile/crytic_compile.py", line 1076, in compile_all
    compilations.append(CryticCompile(target, **kwargs))
  File "/home/wangzexu/wangzexu/.virtualenvs/py38/lib/python3.8/site-packages/crytic_compile/crytic_compile.py", line 137, in __init__
    self._compile(**kwargs)
  File "/home/wangzexu/wangzexu/.virtualenvs/py38/lib/python3.8/site-packages/crytic_compile/crytic_compile.py", line 987, in _compile
    self._platform.compile(self, **kwargs)
  File "/home/wangzexu/wangzexu/.virtualenvs/py38/lib/python3.8/site-packages/crytic_compile/platform/solc.py", line 108, in compile
    targets_json = _get_targets_json(crytic_compile, self._target, **kwargs)
  File "/home/wangzexu/wangzexu/.virtualenvs/py38/lib/python3.8/site-packages/crytic_compile/platform/solc.py", line 209, in _get_targets_json
    return _run_solc(
  File "/home/wangzexu/wangzexu/.virtualenvs/py38/lib/python3.8/site-packages/crytic_compile/platform/solc.py", line 413, in _run_solc
    raise InvalidCompilation(f"Invalid solc compilation {stderr}")
crytic_compile.platform.exceptions.InvalidCompilation: Invalid solc compilation TD/buggy_47.sol:1:1: Warning: Source file does not specify required compiler version!Consider adding "pragma solidity ^0.4.25;"
contract Test2{
^ (Relevant source part starts here and spans across multiple lines).
TD/buggy_47.sol:4:18: Error: Member "getGoal" not found or not visible after argument-dependent lookup in address
    uint goal_ = t1.getGoal();
                 ^--------^

None
Error in TD/buggy_47.sol
Traceback (most recent call last):
  File "/home/wangzexu/wangzexu/.virtualenvs/py38/lib/python3.8/site-packages/crytic_compile/platform/solc.py", line 409, in _run_solc
    ret = json.loads(stdout)
  File "/usr/lib/python3.8/json/__init__.py", line 357, in loads
    return _default_decoder.decode(s)
  File "/usr/lib/python3.8/json/decoder.py", line 337, in decode
    obj, end = self.raw_decode(s, idx=_w(s, 0).end())
  File "/usr/lib/python3.8/json/decoder.py", line 355, in raw_decode
    raise JSONDecodeError("Expecting value", s, err.value) from None
json.decoder.JSONDecodeError: Expecting value: line 1 column 1 (char 0)

During handling of the above exception, another exception occurred:

Traceback (most recent call last):
  File "/home/wangzexu/slither-0.7.1/slither/__main__.py", line 721, in main_impl
    ) = process_all(filename, args, detector_classes, printer_classes)
  File "/home/wangzexu/slither-0.7.1/slither/__main__.py", line 71, in process_all
    compilations = compile_all(target, **vars(args))
  File "/home/wangzexu/wangzexu/.virtualenvs/py38/lib/python3.8/site-packages/crytic_compile/crytic_compile.py", line 1076, in compile_all
    compilations.append(CryticCompile(target, **kwargs))
  File "/home/wangzexu/wangzexu/.virtualenvs/py38/lib/python3.8/site-packages/crytic_compile/crytic_compile.py", line 137, in __init__
    self._compile(**kwargs)
  File "/home/wangzexu/wangzexu/.virtualenvs/py38/lib/python3.8/site-packages/crytic_compile/crytic_compile.py", line 987, in _compile
    self._platform.compile(self, **kwargs)
  File "/home/wangzexu/wangzexu/.virtualenvs/py38/lib/python3.8/site-packages/crytic_compile/platform/solc.py", line 108, in compile
    targets_json = _get_targets_json(crytic_compile, self._target, **kwargs)
  File "/home/wangzexu/wangzexu/.virtualenvs/py38/lib/python3.8/site-packages/crytic_compile/platform/solc.py", line 209, in _get_targets_json
    return _run_solc(
  File "/home/wangzexu/wangzexu/.virtualenvs/py38/lib/python3.8/site-packages/crytic_compile/platform/solc.py", line 413, in _run_solc
    raise InvalidCompilation(f"Invalid solc compilation {stderr}")
crytic_compile.platform.exceptions.InvalidCompilation: Invalid solc compilation TD/buggy_47.sol:1:1: Warning: Source file does not specify required compiler version!Consider adding "pragma solidity ^0.4.25;"
contract Test2{
^ (Relevant source part starts here and spans across multiple lines).
TD/buggy_47.sol:4:18: Error: Member "getGoal" not found or not visible after argument-dependent lookup in address
    uint goal_ = t1.getGoal();
                 ^--------^


TD/buggy_47.sol
0.4.25
TD/buggy_47.sol
False None compile error! 0x0 False False False
TD/buggy_47.sol
False None compile error! 0x0 False False False
Switched global version to 0.4.25
Traceback (most recent call last):
  File "/home/wangzexu/wangzexu/.virtualenvs/py38/lib/python3.8/site-packages/crytic_compile/platform/solc.py", line 409, in _run_solc
    ret = json.loads(stdout)
  File "/usr/lib/python3.8/json/__init__.py", line 357, in loads
    return _default_decoder.decode(s)
  File "/usr/lib/python3.8/json/decoder.py", line 337, in decode
    obj, end = self.raw_decode(s, idx=_w(s, 0).end())
  File "/usr/lib/python3.8/json/decoder.py", line 355, in raw_decode
    raise JSONDecodeError("Expecting value", s, err.value) from None
json.decoder.JSONDecodeError: Expecting value: line 1 column 1 (char 0)

During handling of the above exception, another exception occurred:

Traceback (most recent call last):
  File "/home/wangzexu/slither-0.7.1/slither/__main__.py", line 721, in main_impl
    ) = process_all(filename, args, detector_classes, printer_classes)
  File "/home/wangzexu/slither-0.7.1/slither/__main__.py", line 71, in process_all
    compilations = compile_all(target, **vars(args))
  File "/home/wangzexu/wangzexu/.virtualenvs/py38/lib/python3.8/site-packages/crytic_compile/crytic_compile.py", line 1076, in compile_all
    compilations.append(CryticCompile(target, **kwargs))
  File "/home/wangzexu/wangzexu/.virtualenvs/py38/lib/python3.8/site-packages/crytic_compile/crytic_compile.py", line 137, in __init__
    self._compile(**kwargs)
  File "/home/wangzexu/wangzexu/.virtualenvs/py38/lib/python3.8/site-packages/crytic_compile/crytic_compile.py", line 987, in _compile
    self._platform.compile(self, **kwargs)
  File "/home/wangzexu/wangzexu/.virtualenvs/py38/lib/python3.8/site-packages/crytic_compile/platform/solc.py", line 108, in compile
    targets_json = _get_targets_json(crytic_compile, self._target, **kwargs)
  File "/home/wangzexu/wangzexu/.virtualenvs/py38/lib/python3.8/site-packages/crytic_compile/platform/solc.py", line 209, in _get_targets_json
    return _run_solc(
  File "/home/wangzexu/wangzexu/.virtualenvs/py38/lib/python3.8/site-packages/crytic_compile/platform/solc.py", line 413, in _run_solc
    raise InvalidCompilation(f"Invalid solc compilation {stderr}")
crytic_compile.platform.exceptions.InvalidCompilation: Invalid solc compilation TD/buggy_48.sol:1:1: Warning: Source file does not specify required compiler version!Consider adding "pragma solidity ^0.4.25;"
contract Test2{
^ (Relevant source part starts here and spans across multiple lines).
TD/buggy_48.sol:4:18: Error: Member "getGoal" not found or not visible after argument-dependent lookup in address
    uint goal_ = t1.getGoal();
                 ^--------^

None
Error in TD/buggy_48.sol
Traceback (most recent call last):
  File "/home/wangzexu/wangzexu/.virtualenvs/py38/lib/python3.8/site-packages/crytic_compile/platform/solc.py", line 409, in _run_solc
    ret = json.loads(stdout)
  File "/usr/lib/python3.8/json/__init__.py", line 357, in loads
    return _default_decoder.decode(s)
  File "/usr/lib/python3.8/json/decoder.py", line 337, in decode
    obj, end = self.raw_decode(s, idx=_w(s, 0).end())
  File "/usr/lib/python3.8/json/decoder.py", line 355, in raw_decode
    raise JSONDecodeError("Expecting value", s, err.value) from None
json.decoder.JSONDecodeError: Expecting value: line 1 column 1 (char 0)

During handling of the above exception, another exception occurred:

Traceback (most recent call last):
  File "/home/wangzexu/slither-0.7.1/slither/__main__.py", line 721, in main_impl
    ) = process_all(filename, args, detector_classes, printer_classes)
  File "/home/wangzexu/slither-0.7.1/slither/__main__.py", line 71, in process_all
    compilations = compile_all(target, **vars(args))
  File "/home/wangzexu/wangzexu/.virtualenvs/py38/lib/python3.8/site-packages/crytic_compile/crytic_compile.py", line 1076, in compile_all
    compilations.append(CryticCompile(target, **kwargs))
  File "/home/wangzexu/wangzexu/.virtualenvs/py38/lib/python3.8/site-packages/crytic_compile/crytic_compile.py", line 137, in __init__
    self._compile(**kwargs)
  File "/home/wangzexu/wangzexu/.virtualenvs/py38/lib/python3.8/site-packages/crytic_compile/crytic_compile.py", line 987, in _compile
    self._platform.compile(self, **kwargs)
  File "/home/wangzexu/wangzexu/.virtualenvs/py38/lib/python3.8/site-packages/crytic_compile/platform/solc.py", line 108, in compile
    targets_json = _get_targets_json(crytic_compile, self._target, **kwargs)
  File "/home/wangzexu/wangzexu/.virtualenvs/py38/lib/python3.8/site-packages/crytic_compile/platform/solc.py", line 209, in _get_targets_json
    return _run_solc(
  File "/home/wangzexu/wangzexu/.virtualenvs/py38/lib/python3.8/site-packages/crytic_compile/platform/solc.py", line 413, in _run_solc
    raise InvalidCompilation(f"Invalid solc compilation {stderr}")
crytic_compile.platform.exceptions.InvalidCompilation: Invalid solc compilation TD/buggy_48.sol:1:1: Warning: Source file does not specify required compiler version!Consider adding "pragma solidity ^0.4.25;"
contract Test2{
^ (Relevant source part starts here and spans across multiple lines).
TD/buggy_48.sol:4:18: Error: Member "getGoal" not found or not visible after argument-dependent lookup in address
    uint goal_ = t1.getGoal();
                 ^--------^


Traceback (most recent call last):
  File "/home/wangzexu/wangzexu/.virtualenvs/py38/lib/python3.8/site-packages/crytic_compile/platform/solc.py", line 409, in _run_solc
    ret = json.loads(stdout)
  File "/usr/lib/python3.8/json/__init__.py", line 357, in loads
    return _default_decoder.decode(s)
  File "/usr/lib/python3.8/json/decoder.py", line 337, in decode
    obj, end = self.raw_decode(s, idx=_w(s, 0).end())
  File "/usr/lib/python3.8/json/decoder.py", line 355, in raw_decode
    raise JSONDecodeError("Expecting value", s, err.value) from None
json.decoder.JSONDecodeError: Expecting value: line 1 column 1 (char 0)

During handling of the above exception, another exception occurred:

Traceback (most recent call last):
  File "/home/wangzexu/slither-0.7.1/slither/__main__.py", line 721, in main_impl
    ) = process_all(filename, args, detector_classes, printer_classes)
  File "/home/wangzexu/slither-0.7.1/slither/__main__.py", line 71, in process_all
    compilations = compile_all(target, **vars(args))
  File "/home/wangzexu/wangzexu/.virtualenvs/py38/lib/python3.8/site-packages/crytic_compile/crytic_compile.py", line 1076, in compile_all
    compilations.append(CryticCompile(target, **kwargs))
  File "/home/wangzexu/wangzexu/.virtualenvs/py38/lib/python3.8/site-packages/crytic_compile/crytic_compile.py", line 137, in __init__
    self._compile(**kwargs)
  File "/home/wangzexu/wangzexu/.virtualenvs/py38/lib/python3.8/site-packages/crytic_compile/crytic_compile.py", line 987, in _compile
    self._platform.compile(self, **kwargs)
  File "/home/wangzexu/wangzexu/.virtualenvs/py38/lib/python3.8/site-packages/crytic_compile/platform/solc.py", line 108, in compile
    targets_json = _get_targets_json(crytic_compile, self._target, **kwargs)
  File "/home/wangzexu/wangzexu/.virtualenvs/py38/lib/python3.8/site-packages/crytic_compile/platform/solc.py", line 209, in _get_targets_json
    return _run_solc(
  File "/home/wangzexu/wangzexu/.virtualenvs/py38/lib/python3.8/site-packages/crytic_compile/platform/solc.py", line 413, in _run_solc
    raise InvalidCompilation(f"Invalid solc compilation {stderr}")
crytic_compile.platform.exceptions.InvalidCompilation: Invalid solc compilation TD/buggy_48.sol:1:1: Warning: Source file does not specify required compiler version!Consider adding "pragma solidity ^0.4.25;"
contract Test2{
^ (Relevant source part starts here and spans across multiple lines).
TD/buggy_48.sol:4:18: Error: Member "getGoal" not found or not visible after argument-dependent lookup in address
    uint goal_ = t1.getGoal();
                 ^--------^

None
Error in TD/buggy_48.sol
Traceback (most recent call last):
  File "/home/wangzexu/wangzexu/.virtualenvs/py38/lib/python3.8/site-packages/crytic_compile/platform/solc.py", line 409, in _run_solc
    ret = json.loads(stdout)
  File "/usr/lib/python3.8/json/__init__.py", line 357, in loads
    return _default_decoder.decode(s)
  File "/usr/lib/python3.8/json/decoder.py", line 337, in decode
    obj, end = self.raw_decode(s, idx=_w(s, 0).end())
  File "/usr/lib/python3.8/json/decoder.py", line 355, in raw_decode
    raise JSONDecodeError("Expecting value", s, err.value) from None
json.decoder.JSONDecodeError: Expecting value: line 1 column 1 (char 0)

During handling of the above exception, another exception occurred:

Traceback (most recent call last):
  File "/home/wangzexu/slither-0.7.1/slither/__main__.py", line 721, in main_impl
    ) = process_all(filename, args, detector_classes, printer_classes)
  File "/home/wangzexu/slither-0.7.1/slither/__main__.py", line 71, in process_all
    compilations = compile_all(target, **vars(args))
  File "/home/wangzexu/wangzexu/.virtualenvs/py38/lib/python3.8/site-packages/crytic_compile/crytic_compile.py", line 1076, in compile_all
    compilations.append(CryticCompile(target, **kwargs))
  File "/home/wangzexu/wangzexu/.virtualenvs/py38/lib/python3.8/site-packages/crytic_compile/crytic_compile.py", line 137, in __init__
    self._compile(**kwargs)
  File "/home/wangzexu/wangzexu/.virtualenvs/py38/lib/python3.8/site-packages/crytic_compile/crytic_compile.py", line 987, in _compile
    self._platform.compile(self, **kwargs)
  File "/home/wangzexu/wangzexu/.virtualenvs/py38/lib/python3.8/site-packages/crytic_compile/platform/solc.py", line 108, in compile
    targets_json = _get_targets_json(crytic_compile, self._target, **kwargs)
  File "/home/wangzexu/wangzexu/.virtualenvs/py38/lib/python3.8/site-packages/crytic_compile/platform/solc.py", line 209, in _get_targets_json
    return _run_solc(
  File "/home/wangzexu/wangzexu/.virtualenvs/py38/lib/python3.8/site-packages/crytic_compile/platform/solc.py", line 413, in _run_solc
    raise InvalidCompilation(f"Invalid solc compilation {stderr}")
crytic_compile.platform.exceptions.InvalidCompilation: Invalid solc compilation TD/buggy_48.sol:1:1: Warning: Source file does not specify required compiler version!Consider adding "pragma solidity ^0.4.25;"
contract Test2{
^ (Relevant source part starts here and spans across multiple lines).
TD/buggy_48.sol:4:18: Error: Member "getGoal" not found or not visible after argument-dependent lookup in address
    uint goal_ = t1.getGoal();
                 ^--------^


TD/buggy_48.sol
0.4.25
TD/buggy_48.sol
False None compile error! 0x0 False False False
TD/buggy_48.sol
False None compile error! 0x0 False False False
Switched global version to 0.4.25
Traceback (most recent call last):
  File "/home/wangzexu/wangzexu/.virtualenvs/py38/lib/python3.8/site-packages/crytic_compile/platform/solc.py", line 409, in _run_solc
    ret = json.loads(stdout)
  File "/usr/lib/python3.8/json/__init__.py", line 357, in loads
    return _default_decoder.decode(s)
  File "/usr/lib/python3.8/json/decoder.py", line 337, in decode
    obj, end = self.raw_decode(s, idx=_w(s, 0).end())
  File "/usr/lib/python3.8/json/decoder.py", line 355, in raw_decode
    raise JSONDecodeError("Expecting value", s, err.value) from None
json.decoder.JSONDecodeError: Expecting value: line 1 column 1 (char 0)

During handling of the above exception, another exception occurred:

Traceback (most recent call last):
  File "/home/wangzexu/slither-0.7.1/slither/__main__.py", line 721, in main_impl
    ) = process_all(filename, args, detector_classes, printer_classes)
  File "/home/wangzexu/slither-0.7.1/slither/__main__.py", line 71, in process_all
    compilations = compile_all(target, **vars(args))
  File "/home/wangzexu/wangzexu/.virtualenvs/py38/lib/python3.8/site-packages/crytic_compile/crytic_compile.py", line 1076, in compile_all
    compilations.append(CryticCompile(target, **kwargs))
  File "/home/wangzexu/wangzexu/.virtualenvs/py38/lib/python3.8/site-packages/crytic_compile/crytic_compile.py", line 137, in __init__
    self._compile(**kwargs)
  File "/home/wangzexu/wangzexu/.virtualenvs/py38/lib/python3.8/site-packages/crytic_compile/crytic_compile.py", line 987, in _compile
    self._platform.compile(self, **kwargs)
  File "/home/wangzexu/wangzexu/.virtualenvs/py38/lib/python3.8/site-packages/crytic_compile/platform/solc.py", line 108, in compile
    targets_json = _get_targets_json(crytic_compile, self._target, **kwargs)
  File "/home/wangzexu/wangzexu/.virtualenvs/py38/lib/python3.8/site-packages/crytic_compile/platform/solc.py", line 209, in _get_targets_json
    return _run_solc(
  File "/home/wangzexu/wangzexu/.virtualenvs/py38/lib/python3.8/site-packages/crytic_compile/platform/solc.py", line 413, in _run_solc
    raise InvalidCompilation(f"Invalid solc compilation {stderr}")
crytic_compile.platform.exceptions.InvalidCompilation: Invalid solc compilation TD/buggy_49.sol:1:1: Warning: Source file does not specify required compiler version!Consider adding "pragma solidity ^0.4.25;"
contract Test2{
^ (Relevant source part starts here and spans across multiple lines).
TD/buggy_49.sol:4:18: Error: Member "getGoal" not found or not visible after argument-dependent lookup in address
    uint goal_ = t1.getGoal();
                 ^--------^

None
Error in TD/buggy_49.sol
Traceback (most recent call last):
  File "/home/wangzexu/wangzexu/.virtualenvs/py38/lib/python3.8/site-packages/crytic_compile/platform/solc.py", line 409, in _run_solc
    ret = json.loads(stdout)
  File "/usr/lib/python3.8/json/__init__.py", line 357, in loads
    return _default_decoder.decode(s)
  File "/usr/lib/python3.8/json/decoder.py", line 337, in decode
    obj, end = self.raw_decode(s, idx=_w(s, 0).end())
  File "/usr/lib/python3.8/json/decoder.py", line 355, in raw_decode
    raise JSONDecodeError("Expecting value", s, err.value) from None
json.decoder.JSONDecodeError: Expecting value: line 1 column 1 (char 0)

During handling of the above exception, another exception occurred:

Traceback (most recent call last):
  File "/home/wangzexu/slither-0.7.1/slither/__main__.py", line 721, in main_impl
    ) = process_all(filename, args, detector_classes, printer_classes)
  File "/home/wangzexu/slither-0.7.1/slither/__main__.py", line 71, in process_all
    compilations = compile_all(target, **vars(args))
  File "/home/wangzexu/wangzexu/.virtualenvs/py38/lib/python3.8/site-packages/crytic_compile/crytic_compile.py", line 1076, in compile_all
    compilations.append(CryticCompile(target, **kwargs))
  File "/home/wangzexu/wangzexu/.virtualenvs/py38/lib/python3.8/site-packages/crytic_compile/crytic_compile.py", line 137, in __init__
    self._compile(**kwargs)
  File "/home/wangzexu/wangzexu/.virtualenvs/py38/lib/python3.8/site-packages/crytic_compile/crytic_compile.py", line 987, in _compile
    self._platform.compile(self, **kwargs)
  File "/home/wangzexu/wangzexu/.virtualenvs/py38/lib/python3.8/site-packages/crytic_compile/platform/solc.py", line 108, in compile
    targets_json = _get_targets_json(crytic_compile, self._target, **kwargs)
  File "/home/wangzexu/wangzexu/.virtualenvs/py38/lib/python3.8/site-packages/crytic_compile/platform/solc.py", line 209, in _get_targets_json
    return _run_solc(
  File "/home/wangzexu/wangzexu/.virtualenvs/py38/lib/python3.8/site-packages/crytic_compile/platform/solc.py", line 413, in _run_solc
    raise InvalidCompilation(f"Invalid solc compilation {stderr}")
crytic_compile.platform.exceptions.InvalidCompilation: Invalid solc compilation TD/buggy_49.sol:1:1: Warning: Source file does not specify required compiler version!Consider adding "pragma solidity ^0.4.25;"
contract Test2{
^ (Relevant source part starts here and spans across multiple lines).
TD/buggy_49.sol:4:18: Error: Member "getGoal" not found or not visible after argument-dependent lookup in address
    uint goal_ = t1.getGoal();
                 ^--------^


Traceback (most recent call last):
  File "/home/wangzexu/wangzexu/.virtualenvs/py38/lib/python3.8/site-packages/crytic_compile/platform/solc.py", line 409, in _run_solc
    ret = json.loads(stdout)
  File "/usr/lib/python3.8/json/__init__.py", line 357, in loads
    return _default_decoder.decode(s)
  File "/usr/lib/python3.8/json/decoder.py", line 337, in decode
    obj, end = self.raw_decode(s, idx=_w(s, 0).end())
  File "/usr/lib/python3.8/json/decoder.py", line 355, in raw_decode
    raise JSONDecodeError("Expecting value", s, err.value) from None
json.decoder.JSONDecodeError: Expecting value: line 1 column 1 (char 0)

During handling of the above exception, another exception occurred:

Traceback (most recent call last):
  File "/home/wangzexu/slither-0.7.1/slither/__main__.py", line 721, in main_impl
    ) = process_all(filename, args, detector_classes, printer_classes)
  File "/home/wangzexu/slither-0.7.1/slither/__main__.py", line 71, in process_all
    compilations = compile_all(target, **vars(args))
  File "/home/wangzexu/wangzexu/.virtualenvs/py38/lib/python3.8/site-packages/crytic_compile/crytic_compile.py", line 1076, in compile_all
    compilations.append(CryticCompile(target, **kwargs))
  File "/home/wangzexu/wangzexu/.virtualenvs/py38/lib/python3.8/site-packages/crytic_compile/crytic_compile.py", line 137, in __init__
    self._compile(**kwargs)
  File "/home/wangzexu/wangzexu/.virtualenvs/py38/lib/python3.8/site-packages/crytic_compile/crytic_compile.py", line 987, in _compile
    self._platform.compile(self, **kwargs)
  File "/home/wangzexu/wangzexu/.virtualenvs/py38/lib/python3.8/site-packages/crytic_compile/platform/solc.py", line 108, in compile
    targets_json = _get_targets_json(crytic_compile, self._target, **kwargs)
  File "/home/wangzexu/wangzexu/.virtualenvs/py38/lib/python3.8/site-packages/crytic_compile/platform/solc.py", line 209, in _get_targets_json
    return _run_solc(
  File "/home/wangzexu/wangzexu/.virtualenvs/py38/lib/python3.8/site-packages/crytic_compile/platform/solc.py", line 413, in _run_solc
    raise InvalidCompilation(f"Invalid solc compilation {stderr}")
crytic_compile.platform.exceptions.InvalidCompilation: Invalid solc compilation TD/buggy_49.sol:1:1: Warning: Source file does not specify required compiler version!Consider adding "pragma solidity ^0.4.25;"
contract Test2{
^ (Relevant source part starts here and spans across multiple lines).
TD/buggy_49.sol:4:18: Error: Member "getGoal" not found or not visible after argument-dependent lookup in address
    uint goal_ = t1.getGoal();
                 ^--------^

None
Error in TD/buggy_49.sol
Traceback (most recent call last):
  File "/home/wangzexu/wangzexu/.virtualenvs/py38/lib/python3.8/site-packages/crytic_compile/platform/solc.py", line 409, in _run_solc
    ret = json.loads(stdout)
  File "/usr/lib/python3.8/json/__init__.py", line 357, in loads
    return _default_decoder.decode(s)
  File "/usr/lib/python3.8/json/decoder.py", line 337, in decode
    obj, end = self.raw_decode(s, idx=_w(s, 0).end())
  File "/usr/lib/python3.8/json/decoder.py", line 355, in raw_decode
    raise JSONDecodeError("Expecting value", s, err.value) from None
json.decoder.JSONDecodeError: Expecting value: line 1 column 1 (char 0)

During handling of the above exception, another exception occurred:

Traceback (most recent call last):
  File "/home/wangzexu/slither-0.7.1/slither/__main__.py", line 721, in main_impl
    ) = process_all(filename, args, detector_classes, printer_classes)
  File "/home/wangzexu/slither-0.7.1/slither/__main__.py", line 71, in process_all
    compilations = compile_all(target, **vars(args))
  File "/home/wangzexu/wangzexu/.virtualenvs/py38/lib/python3.8/site-packages/crytic_compile/crytic_compile.py", line 1076, in compile_all
    compilations.append(CryticCompile(target, **kwargs))
  File "/home/wangzexu/wangzexu/.virtualenvs/py38/lib/python3.8/site-packages/crytic_compile/crytic_compile.py", line 137, in __init__
    self._compile(**kwargs)
  File "/home/wangzexu/wangzexu/.virtualenvs/py38/lib/python3.8/site-packages/crytic_compile/crytic_compile.py", line 987, in _compile
    self._platform.compile(self, **kwargs)
  File "/home/wangzexu/wangzexu/.virtualenvs/py38/lib/python3.8/site-packages/crytic_compile/platform/solc.py", line 108, in compile
    targets_json = _get_targets_json(crytic_compile, self._target, **kwargs)
  File "/home/wangzexu/wangzexu/.virtualenvs/py38/lib/python3.8/site-packages/crytic_compile/platform/solc.py", line 209, in _get_targets_json
    return _run_solc(
  File "/home/wangzexu/wangzexu/.virtualenvs/py38/lib/python3.8/site-packages/crytic_compile/platform/solc.py", line 413, in _run_solc
    raise InvalidCompilation(f"Invalid solc compilation {stderr}")
crytic_compile.platform.exceptions.InvalidCompilation: Invalid solc compilation TD/buggy_49.sol:1:1: Warning: Source file does not specify required compiler version!Consider adding "pragma solidity ^0.4.25;"
contract Test2{
^ (Relevant source part starts here and spans across multiple lines).
TD/buggy_49.sol:4:18: Error: Member "getGoal" not found or not visible after argument-dependent lookup in address
    uint goal_ = t1.getGoal();
                 ^--------^


TD/buggy_49.sol
0.4.25
TD/buggy_49.sol
False None compile error! 0x0 False False False
TD/buggy_49.sol
False None compile error! 0x0 False False False
Switched global version to 0.4.25
[91m
State Variables: [ goal ]  are written to arbitrary storage location in function: Test1.slitherConstructorVariables() (TD/buggy_4.sol#12-17)
Reference: https://github.com/crytic/slither/wiki/Detector-Documentation#unrestricted-write-state[0m
TD/buggy_4.sol analyzed (2 contracts with 2 detectors), 1 result(s) found
[94mUse https://crytic.io/ to get access to additional detectors and Github integration[0m
[91m
State Variables: [ goal ]  are written to arbitrary storage location in function: Test1.slitherConstructorVariables() (TD/buggy_4.sol#12-17)
Reference: https://github.com/crytic/slither/wiki/Detector-Documentation#unrestricted-write-state[0m
[92m
Test2.bug_time_inter(Test1,uint256) (TD/buggy_4.sol#2-9) uses timestamp for comparisons
	Dangerous comparisons:
	- now % b == 0 (TD/buggy_4.sol#5)
Reference: https://github.com/crytic/slither/wiki/Detector-Documentation#block-timestamp[0m
TD/buggy_4.sol analyzed (2 contracts with 2 detectors), 2 result(s) found
[94mUse https://crytic.io/ to get access to additional detectors and Github integration[0m
TD/buggy_4.sol
0.4.25
TD/buggy_4.sol
False None NO_1 0x0 False False False
TD/buggy_4.sol
True Test2 bug_time_inter(Test1,uint256) 0x48de4e False True False
Contract name: Test2
Creating EVM object...
lib_con_func [['Test2', ['0xe1a07434']], ['Test1', ['0xb97a7d24', '0x9ad05b30']]]
True [['Test2', ['0xe1a07434']], ['Test1', ['0xb97a7d24', '0x9ad05b30']]] ['0xb97a7d24', '0x9ad05b30']
libÂ∫ìÂáΩÊï∞ []
Â∫ìÂáΩÊï∞ None
ÂêàÁ∫¶ÂêçÁß∞ Test2
Function _dispatcher
Function _fallback
Function 0xe1a07434
sc_bb 0
Function _dispatcher
Function _fallback
Function 0xe1a07434
timestamp_bb_loc 329
sc_bb_loc,fun_return 0 False
jump_map {131: 154, 252: 257, 267: 277, 294: 299, 328: 329, 339: 341, 348: 349, 408: 418, 419: 420}
Registering detector modules...
Adding filters...
Creating accounts...
user_account 0x273f14a90d90e0f63c1e2d3fbc35cee74f02a4e2
Start running...
Making transaction...
arguments[0]: 0xb97a7d24
2022-12-22 21:01:58,958: [4108275] m.e.detectors:[33mWARNING:[0m USING TIMESTAMP
Start handling ready_states
Start handling killed_states
Making transaction...
Start handling ready_states
Start handling killed_states
Making transaction...
Start handling ready_states
Start handling killed_states
Switched global version to 0.4.25
Traceback (most recent call last):
  File "/home/wangzexu/wangzexu/.virtualenvs/py38/lib/python3.8/site-packages/crytic_compile/platform/solc.py", line 409, in _run_solc
    ret = json.loads(stdout)
  File "/usr/lib/python3.8/json/__init__.py", line 357, in loads
    return _default_decoder.decode(s)
  File "/usr/lib/python3.8/json/decoder.py", line 337, in decode
    obj, end = self.raw_decode(s, idx=_w(s, 0).end())
  File "/usr/lib/python3.8/json/decoder.py", line 355, in raw_decode
    raise JSONDecodeError("Expecting value", s, err.value) from None
json.decoder.JSONDecodeError: Expecting value: line 1 column 1 (char 0)

During handling of the above exception, another exception occurred:

Traceback (most recent call last):
  File "/home/wangzexu/slither-0.7.1/slither/__main__.py", line 721, in main_impl
    ) = process_all(filename, args, detector_classes, printer_classes)
  File "/home/wangzexu/slither-0.7.1/slither/__main__.py", line 71, in process_all
    compilations = compile_all(target, **vars(args))
  File "/home/wangzexu/wangzexu/.virtualenvs/py38/lib/python3.8/site-packages/crytic_compile/crytic_compile.py", line 1076, in compile_all
    compilations.append(CryticCompile(target, **kwargs))
  File "/home/wangzexu/wangzexu/.virtualenvs/py38/lib/python3.8/site-packages/crytic_compile/crytic_compile.py", line 137, in __init__
    self._compile(**kwargs)
  File "/home/wangzexu/wangzexu/.virtualenvs/py38/lib/python3.8/site-packages/crytic_compile/crytic_compile.py", line 987, in _compile
    self._platform.compile(self, **kwargs)
  File "/home/wangzexu/wangzexu/.virtualenvs/py38/lib/python3.8/site-packages/crytic_compile/platform/solc.py", line 108, in compile
    targets_json = _get_targets_json(crytic_compile, self._target, **kwargs)
  File "/home/wangzexu/wangzexu/.virtualenvs/py38/lib/python3.8/site-packages/crytic_compile/platform/solc.py", line 209, in _get_targets_json
    return _run_solc(
  File "/home/wangzexu/wangzexu/.virtualenvs/py38/lib/python3.8/site-packages/crytic_compile/platform/solc.py", line 413, in _run_solc
    raise InvalidCompilation(f"Invalid solc compilation {stderr}")
crytic_compile.platform.exceptions.InvalidCompilation: Invalid solc compilation TD/buggy_50.sol:1:1: Warning: Source file does not specify required compiler version!Consider adding "pragma solidity ^0.4.25;"
contract Test2{
^ (Relevant source part starts here and spans across multiple lines).
TD/buggy_50.sol:4:18: Error: Member "getGoal" not found or not visible after argument-dependent lookup in address
    uint goal_ = t1.getGoal();
                 ^--------^

None
Error in TD/buggy_50.sol
Traceback (most recent call last):
  File "/home/wangzexu/wangzexu/.virtualenvs/py38/lib/python3.8/site-packages/crytic_compile/platform/solc.py", line 409, in _run_solc
    ret = json.loads(stdout)
  File "/usr/lib/python3.8/json/__init__.py", line 357, in loads
    return _default_decoder.decode(s)
  File "/usr/lib/python3.8/json/decoder.py", line 337, in decode
    obj, end = self.raw_decode(s, idx=_w(s, 0).end())
  File "/usr/lib/python3.8/json/decoder.py", line 355, in raw_decode
    raise JSONDecodeError("Expecting value", s, err.value) from None
json.decoder.JSONDecodeError: Expecting value: line 1 column 1 (char 0)

During handling of the above exception, another exception occurred:

Traceback (most recent call last):
  File "/home/wangzexu/slither-0.7.1/slither/__main__.py", line 721, in main_impl
    ) = process_all(filename, args, detector_classes, printer_classes)
  File "/home/wangzexu/slither-0.7.1/slither/__main__.py", line 71, in process_all
    compilations = compile_all(target, **vars(args))
  File "/home/wangzexu/wangzexu/.virtualenvs/py38/lib/python3.8/site-packages/crytic_compile/crytic_compile.py", line 1076, in compile_all
    compilations.append(CryticCompile(target, **kwargs))
  File "/home/wangzexu/wangzexu/.virtualenvs/py38/lib/python3.8/site-packages/crytic_compile/crytic_compile.py", line 137, in __init__
    self._compile(**kwargs)
  File "/home/wangzexu/wangzexu/.virtualenvs/py38/lib/python3.8/site-packages/crytic_compile/crytic_compile.py", line 987, in _compile
    self._platform.compile(self, **kwargs)
  File "/home/wangzexu/wangzexu/.virtualenvs/py38/lib/python3.8/site-packages/crytic_compile/platform/solc.py", line 108, in compile
    targets_json = _get_targets_json(crytic_compile, self._target, **kwargs)
  File "/home/wangzexu/wangzexu/.virtualenvs/py38/lib/python3.8/site-packages/crytic_compile/platform/solc.py", line 209, in _get_targets_json
    return _run_solc(
  File "/home/wangzexu/wangzexu/.virtualenvs/py38/lib/python3.8/site-packages/crytic_compile/platform/solc.py", line 413, in _run_solc
    raise InvalidCompilation(f"Invalid solc compilation {stderr}")
crytic_compile.platform.exceptions.InvalidCompilation: Invalid solc compilation TD/buggy_50.sol:1:1: Warning: Source file does not specify required compiler version!Consider adding "pragma solidity ^0.4.25;"
contract Test2{
^ (Relevant source part starts here and spans across multiple lines).
TD/buggy_50.sol:4:18: Error: Member "getGoal" not found or not visible after argument-dependent lookup in address
    uint goal_ = t1.getGoal();
                 ^--------^


Traceback (most recent call last):
  File "/home/wangzexu/wangzexu/.virtualenvs/py38/lib/python3.8/site-packages/crytic_compile/platform/solc.py", line 409, in _run_solc
    ret = json.loads(stdout)
  File "/usr/lib/python3.8/json/__init__.py", line 357, in loads
    return _default_decoder.decode(s)
  File "/usr/lib/python3.8/json/decoder.py", line 337, in decode
    obj, end = self.raw_decode(s, idx=_w(s, 0).end())
  File "/usr/lib/python3.8/json/decoder.py", line 355, in raw_decode
    raise JSONDecodeError("Expecting value", s, err.value) from None
json.decoder.JSONDecodeError: Expecting value: line 1 column 1 (char 0)

During handling of the above exception, another exception occurred:

Traceback (most recent call last):
  File "/home/wangzexu/slither-0.7.1/slither/__main__.py", line 721, in main_impl
    ) = process_all(filename, args, detector_classes, printer_classes)
  File "/home/wangzexu/slither-0.7.1/slither/__main__.py", line 71, in process_all
    compilations = compile_all(target, **vars(args))
  File "/home/wangzexu/wangzexu/.virtualenvs/py38/lib/python3.8/site-packages/crytic_compile/crytic_compile.py", line 1076, in compile_all
    compilations.append(CryticCompile(target, **kwargs))
  File "/home/wangzexu/wangzexu/.virtualenvs/py38/lib/python3.8/site-packages/crytic_compile/crytic_compile.py", line 137, in __init__
    self._compile(**kwargs)
  File "/home/wangzexu/wangzexu/.virtualenvs/py38/lib/python3.8/site-packages/crytic_compile/crytic_compile.py", line 987, in _compile
    self._platform.compile(self, **kwargs)
  File "/home/wangzexu/wangzexu/.virtualenvs/py38/lib/python3.8/site-packages/crytic_compile/platform/solc.py", line 108, in compile
    targets_json = _get_targets_json(crytic_compile, self._target, **kwargs)
  File "/home/wangzexu/wangzexu/.virtualenvs/py38/lib/python3.8/site-packages/crytic_compile/platform/solc.py", line 209, in _get_targets_json
    return _run_solc(
  File "/home/wangzexu/wangzexu/.virtualenvs/py38/lib/python3.8/site-packages/crytic_compile/platform/solc.py", line 413, in _run_solc
    raise InvalidCompilation(f"Invalid solc compilation {stderr}")
crytic_compile.platform.exceptions.InvalidCompilation: Invalid solc compilation TD/buggy_50.sol:1:1: Warning: Source file does not specify required compiler version!Consider adding "pragma solidity ^0.4.25;"
contract Test2{
^ (Relevant source part starts here and spans across multiple lines).
TD/buggy_50.sol:4:18: Error: Member "getGoal" not found or not visible after argument-dependent lookup in address
    uint goal_ = t1.getGoal();
                 ^--------^

None
Error in TD/buggy_50.sol
Traceback (most recent call last):
  File "/home/wangzexu/wangzexu/.virtualenvs/py38/lib/python3.8/site-packages/crytic_compile/platform/solc.py", line 409, in _run_solc
    ret = json.loads(stdout)
  File "/usr/lib/python3.8/json/__init__.py", line 357, in loads
    return _default_decoder.decode(s)
  File "/usr/lib/python3.8/json/decoder.py", line 337, in decode
    obj, end = self.raw_decode(s, idx=_w(s, 0).end())
  File "/usr/lib/python3.8/json/decoder.py", line 355, in raw_decode
    raise JSONDecodeError("Expecting value", s, err.value) from None
json.decoder.JSONDecodeError: Expecting value: line 1 column 1 (char 0)

During handling of the above exception, another exception occurred:

Traceback (most recent call last):
  File "/home/wangzexu/slither-0.7.1/slither/__main__.py", line 721, in main_impl
    ) = process_all(filename, args, detector_classes, printer_classes)
  File "/home/wangzexu/slither-0.7.1/slither/__main__.py", line 71, in process_all
    compilations = compile_all(target, **vars(args))
  File "/home/wangzexu/wangzexu/.virtualenvs/py38/lib/python3.8/site-packages/crytic_compile/crytic_compile.py", line 1076, in compile_all
    compilations.append(CryticCompile(target, **kwargs))
  File "/home/wangzexu/wangzexu/.virtualenvs/py38/lib/python3.8/site-packages/crytic_compile/crytic_compile.py", line 137, in __init__
    self._compile(**kwargs)
  File "/home/wangzexu/wangzexu/.virtualenvs/py38/lib/python3.8/site-packages/crytic_compile/crytic_compile.py", line 987, in _compile
    self._platform.compile(self, **kwargs)
  File "/home/wangzexu/wangzexu/.virtualenvs/py38/lib/python3.8/site-packages/crytic_compile/platform/solc.py", line 108, in compile
    targets_json = _get_targets_json(crytic_compile, self._target, **kwargs)
  File "/home/wangzexu/wangzexu/.virtualenvs/py38/lib/python3.8/site-packages/crytic_compile/platform/solc.py", line 209, in _get_targets_json
    return _run_solc(
  File "/home/wangzexu/wangzexu/.virtualenvs/py38/lib/python3.8/site-packages/crytic_compile/platform/solc.py", line 413, in _run_solc
    raise InvalidCompilation(f"Invalid solc compilation {stderr}")
crytic_compile.platform.exceptions.InvalidCompilation: Invalid solc compilation TD/buggy_50.sol:1:1: Warning: Source file does not specify required compiler version!Consider adding "pragma solidity ^0.4.25;"
contract Test2{
^ (Relevant source part starts here and spans across multiple lines).
TD/buggy_50.sol:4:18: Error: Member "getGoal" not found or not visible after argument-dependent lookup in address
    uint goal_ = t1.getGoal();
                 ^--------^


TD/buggy_50.sol
0.4.25
TD/buggy_50.sol
False None compile error! 0x0 False False False
TD/buggy_50.sol
False None compile error! 0x0 False False False
Switched global version to 0.4.25
[91m
State Variables: [ goal ]  are written to arbitrary storage location in function: Test1.slitherConstructorVariables() (TD/buggy_5.sol#12-18)
Reference: https://github.com/crytic/slither/wiki/Detector-Documentation#unrestricted-write-state[0m
TD/buggy_5.sol analyzed (2 contracts with 2 detectors), 1 result(s) found
[94mUse https://crytic.io/ to get access to additional detectors and Github integration[0m
[91m
State Variables: [ goal ]  are written to arbitrary storage location in function: Test1.slitherConstructorVariables() (TD/buggy_5.sol#12-18)
Reference: https://github.com/crytic/slither/wiki/Detector-Documentation#unrestricted-write-state[0m
[92m
Test2.bug_time_inter(Test1,uint256) (TD/buggy_5.sol#2-9) uses timestamp for comparisons
	Dangerous comparisons:
	- now % b == 0 (TD/buggy_5.sol#5)
Reference: https://github.com/crytic/slither/wiki/Detector-Documentation#block-timestamp[0m
TD/buggy_5.sol analyzed (2 contracts with 2 detectors), 2 result(s) found
[94mUse https://crytic.io/ to get access to additional detectors and Github integration[0m
TD/buggy_5.sol
0.4.25
TD/buggy_5.sol
False None NO_1 0x0 False False False
TD/buggy_5.sol
True Test2 bug_time_inter(Test1,uint256) 0x48de4e False True False
Contract name: Test2
Creating EVM object...
lib_con_func [['Test2', ['0xe1a07434']], ['Test1', ['0xb97a7d24', '0x9ad05b30']]]
True [['Test2', ['0xe1a07434']], ['Test1', ['0xb97a7d24', '0x9ad05b30']]] ['0xb97a7d24', '0x9ad05b30']
libÂ∫ìÂáΩÊï∞ []
Â∫ìÂáΩÊï∞ None
ÂêàÁ∫¶ÂêçÁß∞ Test2
Function _dispatcher
Function _fallback
Function 0xe1a07434
sc_bb 0
Function _dispatcher
Function _fallback
Function 0xe1a07434
timestamp_bb_loc 329
sc_bb_loc,fun_return 0 False
jump_map {131: 154, 252: 257, 267: 277, 294: 299, 328: 329, 339: 341, 348: 349, 408: 418, 419: 420}
Registering detector modules...
Adding filters...
Creating accounts...
user_account 0x40f0d2970becd116c228804c54d82327848382e9
Start running...
Making transaction...
arguments[0]: 0xb97a7d24
2022-12-22 21:02:07,640: [4109770] m.e.detectors:[33mWARNING:[0m USING TIMESTAMP
Start handling ready_states
Start handling killed_states
Making transaction...
Start handling ready_states
Start handling killed_states
Making transaction...
Start handling ready_states
Start handling killed_states
Switched global version to 0.4.25
[91m
State Variables: [ goal ]  are written to arbitrary storage location in function: Test1.slitherConstructorVariables() (TD/buggy_6.sol#12-18)
Reference: https://github.com/crytic/slither/wiki/Detector-Documentation#unrestricted-write-state[0m
TD/buggy_6.sol analyzed (2 contracts with 2 detectors), 1 result(s) found
[94mUse https://crytic.io/ to get access to additional detectors and Github integration[0m
[91m
State Variables: [ goal ]  are written to arbitrary storage location in function: Test1.slitherConstructorVariables() (TD/buggy_6.sol#12-18)
Reference: https://github.com/crytic/slither/wiki/Detector-Documentation#unrestricted-write-state[0m
[92m
Test2.bug_time_inter(Test1,uint256) (TD/buggy_6.sol#2-9) uses timestamp for comparisons
	Dangerous comparisons:
	- now % b == 0 (TD/buggy_6.sol#5)
Reference: https://github.com/crytic/slither/wiki/Detector-Documentation#block-timestamp[0m
TD/buggy_6.sol analyzed (2 contracts with 2 detectors), 2 result(s) found
[94mUse https://crytic.io/ to get access to additional detectors and Github integration[0m
TD/buggy_6.sol
0.4.25
TD/buggy_6.sol
False None NO_1 0x0 False False False
TD/buggy_6.sol
True Test2 bug_time_inter(Test1,uint256) 0x48de4e False True False
Contract name: Test2
Creating EVM object...
lib_con_func [['Test2', ['0xe1a07434']], ['Test1', ['0xb97a7d24', '0x9ad05b30']]]
True [['Test2', ['0xe1a07434']], ['Test1', ['0xb97a7d24', '0x9ad05b30']]] ['0xb97a7d24', '0x9ad05b30']
libÂ∫ìÂáΩÊï∞ []
Â∫ìÂáΩÊï∞ None
ÂêàÁ∫¶ÂêçÁß∞ Test2
Function _dispatcher
Function _fallback
Function 0xe1a07434
sc_bb 0
Function _dispatcher
Function _fallback
Function 0xe1a07434
timestamp_bb_loc 329
sc_bb_loc,fun_return 0 False
jump_map {131: 154, 252: 257, 267: 277, 294: 299, 328: 329, 339: 341, 348: 349, 408: 418, 419: 420}
Registering detector modules...
Adding filters...
Creating accounts...
user_account 0x2c58abb79cec2c455b2079fe858bac4c18198cf3
Start running...
Making transaction...
arguments[0]: 0xb97a7d24
2022-12-22 21:02:13,893: [4111558] m.e.detectors:[33mWARNING:[0m USING TIMESTAMP
Start handling ready_states
Start handling killed_states
Making transaction...
Start handling ready_states
Start handling killed_states
Making transaction...
Start handling ready_states
Start handling killed_states
Switched global version to 0.4.25
[91m
State Variables: [ goal ]  are written to arbitrary storage location in function: Test1.slitherConstructorVariables() (TD/buggy_7.sol#12-18)
Reference: https://github.com/crytic/slither/wiki/Detector-Documentation#unrestricted-write-state[0m
TD/buggy_7.sol analyzed (2 contracts with 2 detectors), 1 result(s) found
[94mUse https://crytic.io/ to get access to additional detectors and Github integration[0m
[91m
State Variables: [ goal ]  are written to arbitrary storage location in function: Test1.slitherConstructorVariables() (TD/buggy_7.sol#12-18)
Reference: https://github.com/crytic/slither/wiki/Detector-Documentation#unrestricted-write-state[0m
[92m
Test2.bug_time_inter(Test1,uint256) (TD/buggy_7.sol#2-9) uses timestamp for comparisons
	Dangerous comparisons:
	- now % 15 == 0 (TD/buggy_7.sol#5)
Reference: https://github.com/crytic/slither/wiki/Detector-Documentation#block-timestamp[0m
TD/buggy_7.sol analyzed (2 contracts with 2 detectors), 2 result(s) found
[94mUse https://crytic.io/ to get access to additional detectors and Github integration[0m
TD/buggy_7.sol
0.4.25
TD/buggy_7.sol
False None NO_1 0x0 False False False
TD/buggy_7.sol
True Test2 bug_time_inter(Test1,uint256) 0x48de4e False True False
Contract name: Test2
Creating EVM object...
lib_con_func [['Test2', ['0xe1a07434']], ['Test1', ['0xb97a7d24', '0x9ad05b30']]]
True [['Test2', ['0xe1a07434']], ['Test1', ['0xb97a7d24', '0x9ad05b30']]] ['0xb97a7d24', '0x9ad05b30']
libÂ∫ìÂáΩÊï∞ []
Â∫ìÂáΩÊï∞ None
ÂêàÁ∫¶ÂêçÁß∞ Test2
Function _dispatcher
Function _fallback
Function 0xe1a07434
sc_bb 0
Function _dispatcher
Function _fallback
Function 0xe1a07434
timestamp_bb_loc 329
sc_bb_loc,fun_return 0 False
jump_map {131: 154, 252: 257, 267: 277, 294: 299, 328: 329, 340: 342, 349: 350, 409: 419, 420: 421}
Registering detector modules...
Adding filters...
Creating accounts...
user_account 0xa5a2dccaa8e4c24ad45f4ab876c23bbe2e206506
Start running...
Making transaction...
arguments[0]: 0xb97a7d24
2022-12-22 21:02:20,116: [4113415] m.e.detectors:[33mWARNING:[0m USING TIMESTAMP
Start handling ready_states
Start handling killed_states
Making transaction...
Start handling ready_states
Start handling killed_states
Making transaction...
Start handling ready_states
Start handling killed_states
Switched global version to 0.4.25
[91m
State Variables: [ goal ]  are written to arbitrary storage location in function: Test1.slitherConstructorVariables() (TD/buggy_8.sol#12-18)
Reference: https://github.com/crytic/slither/wiki/Detector-Documentation#unrestricted-write-state[0m
TD/buggy_8.sol analyzed (2 contracts with 2 detectors), 1 result(s) found
[94mUse https://crytic.io/ to get access to additional detectors and Github integration[0m
[91m
State Variables: [ goal ]  are written to arbitrary storage location in function: Test1.slitherConstructorVariables() (TD/buggy_8.sol#12-18)
Reference: https://github.com/crytic/slither/wiki/Detector-Documentation#unrestricted-write-state[0m
[92m
Test2.bug_time_inter(Test1,uint256) (TD/buggy_8.sol#2-9) uses timestamp for comparisons
	Dangerous comparisons:
	- now % 15 == 0 (TD/buggy_8.sol#5)
Reference: https://github.com/crytic/slither/wiki/Detector-Documentation#block-timestamp[0m
TD/buggy_8.sol analyzed (2 contracts with 2 detectors), 2 result(s) found
[94mUse https://crytic.io/ to get access to additional detectors and Github integration[0m
TD/buggy_8.sol
0.4.25
TD/buggy_8.sol
False None NO_1 0x0 False False False
TD/buggy_8.sol
True Test2 bug_time_inter(Test1,uint256) 0x48de4e False True False
Contract name: Test2
Creating EVM object...
lib_con_func [['Test2', ['0xe1a07434']], ['Test1', ['0xb97a7d24', '0x9ad05b30']]]
True [['Test2', ['0xe1a07434']], ['Test1', ['0xb97a7d24', '0x9ad05b30']]] ['0xb97a7d24', '0x9ad05b30']
libÂ∫ìÂáΩÊï∞ []
Â∫ìÂáΩÊï∞ None
ÂêàÁ∫¶ÂêçÁß∞ Test2
Function _dispatcher
Function _fallback
Function 0xe1a07434
sc_bb 0
Function _dispatcher
Function _fallback
Function 0xe1a07434
timestamp_bb_loc 329
sc_bb_loc,fun_return 0 False
jump_map {131: 154, 252: 257, 267: 277, 294: 299, 328: 329, 340: 342, 349: 350, 409: 419, 420: 421}
Registering detector modules...
Adding filters...
Creating accounts...
user_account 0xd8d4e677cab08f269bb37cf7e53ee8a1905ba82c
Start running...
Making transaction...
arguments[0]: 0xb97a7d24
2022-12-22 21:02:26,960: [4114866] m.e.detectors:[33mWARNING:[0m USING TIMESTAMP
Start handling ready_states
Start handling killed_states
Making transaction...
Start handling ready_states
Start handling killed_states
Making transaction...
Start handling ready_states
Start handling killed_states
Switched global version to 0.4.25
[91m
State Variables: [ goal ]  are written to arbitrary storage location in function: Test1.slitherConstructorVariables() (TD/buggy_9.sol#12-18)
Reference: https://github.com/crytic/slither/wiki/Detector-Documentation#unrestricted-write-state[0m
TD/buggy_9.sol analyzed (2 contracts with 2 detectors), 1 result(s) found
[94mUse https://crytic.io/ to get access to additional detectors and Github integration[0m
[91m
State Variables: [ goal ]  are written to arbitrary storage location in function: Test1.slitherConstructorVariables() (TD/buggy_9.sol#12-18)
Reference: https://github.com/crytic/slither/wiki/Detector-Documentation#unrestricted-write-state[0m
[92m
Test2.bug_time_inter(Test1,uint256) (TD/buggy_9.sol#2-9) uses timestamp for comparisons
	Dangerous comparisons:
	- now % 15 == 0 (TD/buggy_9.sol#5)
Reference: https://github.com/crytic/slither/wiki/Detector-Documentation#block-timestamp[0m
TD/buggy_9.sol analyzed (2 contracts with 2 detectors), 2 result(s) found
[94mUse https://crytic.io/ to get access to additional detectors and Github integration[0m
TD/buggy_9.sol
0.4.25
TD/buggy_9.sol
False None NO_1 0x0 False False False
TD/buggy_9.sol
True Test2 bug_time_inter(Test1,uint256) 0x48de4e False True False
Contract name: Test2
Creating EVM object...
lib_con_func [['Test2', ['0xe1a07434']], ['Test1', ['0xb97a7d24', '0x9ad05b30']]]
True [['Test2', ['0xe1a07434']], ['Test1', ['0xb97a7d24', '0x9ad05b30']]] ['0xb97a7d24', '0x9ad05b30']
libÂ∫ìÂáΩÊï∞ []
Â∫ìÂáΩÊï∞ None
ÂêàÁ∫¶ÂêçÁß∞ Test2
Function _dispatcher
Function _fallback
Function 0xe1a07434
sc_bb 0
Function _dispatcher
Function _fallback
Function 0xe1a07434
timestamp_bb_loc 329
sc_bb_loc,fun_return 0 False
jump_map {131: 154, 252: 257, 267: 277, 294: 299, 328: 329, 340: 342, 349: 350, 409: 419, 420: 421}
Registering detector modules...
Adding filters...
Creating accounts...
user_account 0x57f330156bc2dfbb6b6b3a571ced778efb2b19f9
Start running...
Making transaction...
arguments[0]: 0xb97a7d24
2022-12-22 21:02:33,680: [4116344] m.e.detectors:[33mWARNING:[0m USING TIMESTAMP
Start handling ready_states
Start handling killed_states
Making transaction...
Start handling ready_states
Start handling killed_states
Making transaction...
Start handling ready_states
Start handling killed_states
